<?xml version="1.0" encoding="UTF-8"?>
<robot generator="Robot 7.0 (Python 3.12.2 on win32)" generated="2024-04-03T20:28:02.214350" rpa="false" schemaversion="5">
<suite id="s1" name="Login" source="C:\QAX\Projects\Smartbit\testes\login.robot">
<test id="s1-t1" name="Login com senha invalido" line="25">
<kw name="Start sesion" owner="Base" type="SETUP">
<kw name="New Browser" owner="Browser">
<msg time="2024-04-03T20:28:03.181522" level="INFO">{"browser": "chromium", "headless": false, "chromiumSandbox": false, "devtools": false, "handleSIGHUP": true, "handleSIGINT": true, "handleSIGTERM": true, "slowMo": 0.0, "timeout": 30000.0, "tracesDir": "C:\\QAX\\Projects\\Smartbit\\logs\\browser\\traces\\526ffdab-8c63-42e8-9628-7f866b4cb626"}</msg>
<msg time="2024-04-03T20:28:03.637852" level="INFO">Successfully created browser with options: {"browser":"chromium","headless":false,"chromiumSandbox":false,"devtools":false,"handleSIGHUP":true,"handleSIGINT":true,"handleSIGTERM":true,"slowMo":0,"timeout":30000,"tracesDir":"C:\\QAX\\Projects\\Smartbit\\logs\\browser\\traces\\526ffdab-8c63-42e8-9628-7f866b4cb626"}</msg>
<arg>browser=chromium</arg>
<arg>headless=False</arg>
<tag>BrowserControl</tag>
<tag>Setter</tag>
<doc>Create a new playwright Browser with specified options.</doc>
<status status="PASS" start="2024-04-03T20:28:03.181522" elapsed="0.457330"/>
</kw>
<kw name="New Context" owner="Browser">
<msg time="2024-04-03T20:28:03.638852" level="INFO">{
  "acceptDownloads": true,
  "bypassCSP": false,
  "forcedColors": "none",
  "ignoreHTTPSErrors": false,
  "javaScriptEnabled": true,
  "offline": false,
  "reducedMotion": "no-preference",
  "serviceWorkers": "allow",
  "viewport": {
    "width": 1920,
    "height": 1080
  }
}</msg>
<msg time="2024-04-03T20:28:03.652856" level="INFO">Successfully created context. </msg>
<msg time="2024-04-03T20:28:03.652856" level="INFO">{'acceptDownloads': True, 'bypassCSP': False, 'forcedColors': 'none', 'ignoreHTTPSErrors': False, 'javaScriptEnabled': True, 'offline': False, 'reducedMotion': 'no-preference', 'serviceWorkers': 'allow', 'viewport': {'width': 1920, 'height': 1080}}</msg>
<arg>viewport={'width': 1920, 'height': 1080}</arg>
<tag>BrowserControl</tag>
<tag>Setter</tag>
<doc>Create a new BrowserContext with specified options.</doc>
<status status="PASS" start="2024-04-03T20:28:03.638852" elapsed="0.014004"/>
</kw>
<kw name="New Page" owner="Browser">
<msg time="2024-04-03T20:28:04.770946" level="INFO">Successfully initialized new page object and opened url: http://localhost:3000/</msg>
<arg>http://localhost:3000/</arg>
<tag>BrowserControl</tag>
<tag>Setter</tag>
<doc>Open a new Page.</doc>
<status status="PASS" start="2024-04-03T20:28:03.652856" elapsed="1.119088"/>
</kw>
<status status="PASS" start="2024-04-03T20:28:03.180522" elapsed="1.591422"/>
</kw>
<kw name="Go to login page" owner="Login">
<kw name="Go To" owner="Browser">
<msg time="2024-04-03T20:28:04.846471" level="INFO">Successfully opened URL http://localhost:3000/login</msg>
<arg>http://localhost:3000/login</arg>
<tag>BrowserControl</tag>
<tag>Setter</tag>
<doc>Navigates to the given ``url``.</doc>
<status status="PASS" start="2024-04-03T20:28:04.772946" elapsed="0.073525"/>
</kw>
<status status="PASS" start="2024-04-03T20:28:04.771944" elapsed="0.074527"/>
</kw>
<kw name="submit login form" owner="Login">
<kw name="Fill Text" owner="Browser">
<msg time="2024-04-03T20:28:04.847470" level="INFO">Fills the text 'sac@smartbit.com' in the given field.</msg>
<arg>css=input[id=email]</arg>
<arg>${email}</arg>
<tag>PageContent</tag>
<tag>Setter</tag>
<doc>Clears and fills the given ``txt`` into the text field found by ``selector``.</doc>
<status status="PASS" start="2024-04-03T20:28:04.847470" elapsed="0.040521"/>
</kw>
<kw name="Fill Text" owner="Browser">
<msg time="2024-04-03T20:28:04.888988" level="INFO">Fills the text 'abc123' in the given field.</msg>
<arg>css=input[id=password]</arg>
<arg>${password}</arg>
<tag>PageContent</tag>
<tag>Setter</tag>
<doc>Clears and fills the given ``txt`` into the text field found by ``selector``.</doc>
<status status="PASS" start="2024-04-03T20:28:04.887991" elapsed="0.014998"/>
</kw>
<kw name="Click" owner="Browser">
<arg>css=button &gt;&gt; text=Entrar</arg>
<tag>PageContent</tag>
<tag>Setter</tag>
<doc>Simulates mouse click on the element found by ``selector``.</doc>
<status status="PASS" start="2024-04-03T20:28:04.902989" elapsed="0.041002"/>
</kw>
<arg>sac@smartbit.com</arg>
<arg>abc123</arg>
<status status="PASS" start="2024-04-03T20:28:04.846471" elapsed="0.097520"/>
</kw>
<kw name="toast should be" owner="Login">
<kw name="Set Variable" owner="BuiltIn">
<msg time="2024-04-03T20:28:04.944991" level="INFO">${element} = css=.Toastify__toast-body</msg>
<var>${element}</var>
<arg>css=.Toastify__toast-body</arg>
<doc>Returns the given values which can then be assigned to a variables.</doc>
<status status="PASS" start="2024-04-03T20:28:04.944991" elapsed="0.000000"/>
</kw>
<kw name="Wait For Elements State" owner="Browser">
<msg time="2024-04-03T20:28:06.799480" level="INFO">Waited for Element with selector css=.Toastify__toast-body at state visible</msg>
<arg>${element}</arg>
<arg>visible</arg>
<arg>5</arg>
<tag>PageContent</tag>
<tag>Wait</tag>
<doc>Waits for the element found by ``selector`` to satisfy state option.</doc>
<status status="PASS" start="2024-04-03T20:28:04.944991" elapsed="1.854489"/>
</kw>
<kw name="Get Text" owner="Browser">
<msg time="2024-04-03T20:28:06.820475" level="INFO">Text: 'As credenciais de acesso fornecidas são inválidas. Tente novamente!'</msg>
<arg>${element}</arg>
<arg>equal</arg>
<arg>${expected_text}</arg>
<tag>Assertion</tag>
<tag>Getter</tag>
<tag>PageContent</tag>
<doc>Returns text attribute of the element found by ``selector``.</doc>
<status status="PASS" start="2024-04-03T20:28:06.799480" elapsed="0.020995"/>
</kw>
<arg>As credenciais de acesso fornecidas são inválidas. Tente novamente!</arg>
<status status="PASS" start="2024-04-03T20:28:04.944991" elapsed="1.875484"/>
</kw>
<kw name="Take Screenshot" owner="Browser" type="TEARDOWN">
<msg time="2024-04-03T20:28:06.974722" level="INFO" html="true">&lt;/td&gt;&lt;/tr&gt;&lt;tr&gt;&lt;td colspan="3"&gt;&lt;a href="browser/screenshot/robotframework-browser-screenshot-1.png" target="_blank"&gt;&lt;img src="browser/screenshot/robotframework-browser-screenshot-1.png" width="800px"/&gt;&lt;/a&gt;</msg>
<tag>PageContent</tag>
<doc>Takes a screenshot of the current window or element and saves it to disk.</doc>
<status status="PASS" start="2024-04-03T20:28:06.821474" elapsed="0.153248"/>
</kw>
<tag>invalid</tag>
<status status="PASS" start="2024-04-03T20:28:03.178525" elapsed="3.797196"/>
</test>
<doc>Deve realizar o login na aplicação</doc>
<status status="PASS" start="2024-04-03T20:28:02.215351" elapsed="4.823370"/>
</suite>
<statistics>
<total>
<stat pass="1" fail="0" skip="0">All Tests</stat>
</total>
<tag>
<stat pass="1" fail="0" skip="0">invalid</stat>
</tag>
<suite>
<stat pass="1" fail="0" skip="0" id="s1" name="Login">Login</stat>
</suite>
</statistics>
<errors>
</errors>
</robot>
