<?xml version="1.0" encoding="UTF-8"?>
<robot generator="Robot 7.0 (Python 3.12.2 on win32)" generated="2024-04-03T22:19:37.980663" rpa="false" schemaversion="5">
<suite id="s1" name="Login" source="C:\QAX\Projects\Smartbit\testes\login.robot">
<test id="s1-t1" name="Deve logar com o gestor da academia" line="11">
<kw name="Start sesion" owner="Base" type="SETUP">
<kw name="New Browser" owner="Browser">
<msg time="2024-04-03T22:19:38.942130" level="INFO">{"browser": "chromium", "headless": true, "chromiumSandbox": false, "devtools": false, "handleSIGHUP": true, "handleSIGINT": true, "handleSIGTERM": true, "slowMo": 0.0, "timeout": 30000.0, "tracesDir": "C:\\QAX\\Projects\\Smartbit\\logs\\browser\\traces\\49f3d59d-161f-4bf7-a32a-76aea6de0bc3"}</msg>
<msg time="2024-04-03T22:19:39.329021" level="INFO">Successfully created browser with options: {"browser":"chromium","headless":true,"chromiumSandbox":false,"devtools":false,"handleSIGHUP":true,"handleSIGINT":true,"handleSIGTERM":true,"slowMo":0,"timeout":30000,"tracesDir":"C:\\QAX\\Projects\\Smartbit\\logs\\browser\\traces\\49f3d59d-161f-4bf7-a32a-76aea6de0bc3"}</msg>
<arg>browser=chromium</arg>
<arg>headless=True</arg>
<tag>BrowserControl</tag>
<tag>Setter</tag>
<doc>Create a new playwright Browser with specified options.</doc>
<status status="PASS" start="2024-04-03T22:19:38.941133" elapsed="0.387888"/>
</kw>
<kw name="New Context" owner="Browser">
<msg time="2024-04-03T22:19:39.330022" level="INFO">{
  "acceptDownloads": true,
  "bypassCSP": false,
  "forcedColors": "none",
  "ignoreHTTPSErrors": false,
  "javaScriptEnabled": true,
  "offline": false,
  "reducedMotion": "no-preference",
  "serviceWorkers": "allow",
  "viewport": {
    "height": 1080,
    "width": 1920
  }
}</msg>
<msg time="2024-04-03T22:19:39.339545" level="INFO">Successfully created context. </msg>
<msg time="2024-04-03T22:19:39.340547" level="INFO">{'acceptDownloads': True, 'bypassCSP': False, 'forcedColors': 'none', 'ignoreHTTPSErrors': False, 'javaScriptEnabled': True, 'offline': False, 'reducedMotion': 'no-preference', 'serviceWorkers': 'allow', 'viewport': {'height': 1080, 'width': 1920}}</msg>
<arg>viewport={'width': 1920, 'height': 1080}</arg>
<tag>BrowserControl</tag>
<tag>Setter</tag>
<doc>Create a new BrowserContext with specified options.</doc>
<status status="PASS" start="2024-04-03T22:19:39.329021" elapsed="0.011526"/>
</kw>
<kw name="New Page" owner="Browser">
<msg time="2024-04-03T22:19:40.024367" level="INFO">Successfully initialized new page object and opened url: http://localhost:3000/</msg>
<arg>http://localhost:3000/</arg>
<tag>BrowserControl</tag>
<tag>Setter</tag>
<doc>Open a new Page.</doc>
<status status="PASS" start="2024-04-03T22:19:39.340547" elapsed="0.683820"/>
</kw>
<status status="PASS" start="2024-04-03T22:19:38.941133" elapsed="1.083234"/>
</kw>
<kw name="Go to login page" owner="Login">
<kw name="Go To" owner="Browser">
<msg time="2024-04-03T22:19:40.389912" level="INFO">Successfully opened URL http://localhost:3000/login</msg>
<arg>http://localhost:3000/login</arg>
<tag>BrowserControl</tag>
<tag>Setter</tag>
<doc>Navigates to the given ``url``.</doc>
<status status="PASS" start="2024-04-03T22:19:40.025367" elapsed="0.364545"/>
</kw>
<status status="PASS" start="2024-04-03T22:19:40.025367" elapsed="0.365544"/>
</kw>
<kw name="submit login form" owner="Login">
<kw name="Fill Text" owner="Browser">
<msg time="2024-04-03T22:19:40.390911" level="INFO">Fills the text 'sac@smartbit.com' in the given field.</msg>
<arg>css=input[id=email]</arg>
<arg>${email}</arg>
<tag>PageContent</tag>
<tag>Setter</tag>
<doc>Clears and fills the given ``txt`` into the text field found by ``selector``.</doc>
<status status="PASS" start="2024-04-03T22:19:40.390911" elapsed="0.037789"/>
</kw>
<kw name="Fill Text" owner="Browser">
<msg time="2024-04-03T22:19:40.429697" level="INFO">Fills the text 'pwd123' in the given field.</msg>
<arg>css=input[id=password]</arg>
<arg>${password}</arg>
<tag>PageContent</tag>
<tag>Setter</tag>
<doc>Clears and fills the given ``txt`` into the text field found by ``selector``.</doc>
<status status="PASS" start="2024-04-03T22:19:40.429697" elapsed="0.015733"/>
</kw>
<kw name="Click" owner="Browser">
<arg>css=button &gt;&gt; text=Entrar</arg>
<tag>PageContent</tag>
<tag>Setter</tag>
<doc>Simulates mouse click on the element found by ``selector``.</doc>
<status status="PASS" start="2024-04-03T22:19:40.445430" elapsed="0.051113"/>
</kw>
<arg>sac@smartbit.com</arg>
<arg>pwd123</arg>
<status status="PASS" start="2024-04-03T22:19:40.390911" elapsed="0.105632"/>
</kw>
<kw name="User loged in" owner="Account">
<kw name="Set Variable" owner="BuiltIn">
<msg time="2024-04-03T22:19:40.497543" level="INFO">${element} = css=.logged-user</msg>
<var>${element}</var>
<arg>css=.logged-user</arg>
<doc>Returns the given values which can then be assigned to a variables.</doc>
<status status="PASS" start="2024-04-03T22:19:40.497543" elapsed="0.000000"/>
</kw>
<kw name="Wait For Elements State" owner="Browser">
<msg time="2024-04-03T22:19:42.868333" level="INFO">Waited for Element with selector css=.logged-user at state visible</msg>
<arg>${element}</arg>
<arg>visible</arg>
<arg>5</arg>
<tag>PageContent</tag>
<tag>Wait</tag>
<doc>Waits for the element found by ``selector`` to satisfy state option.</doc>
<status status="PASS" start="2024-04-03T22:19:40.497543" elapsed="2.370790"/>
</kw>
<kw name="Get Text" owner="Browser">
<msg time="2024-04-03T22:19:42.887373" level="INFO">Text: 'sac@smartbit.com'</msg>
<arg>${element}</arg>
<arg>equal</arg>
<arg>${email}</arg>
<tag>Assertion</tag>
<tag>Getter</tag>
<tag>PageContent</tag>
<doc>Returns text attribute of the element found by ``selector``.</doc>
<status status="PASS" start="2024-04-03T22:19:42.869327" elapsed="0.018046"/>
</kw>
<arg>sac@smartbit.com</arg>
<status status="PASS" start="2024-04-03T22:19:40.497543" elapsed="2.390828"/>
</kw>
<kw name="Take Screenshot" owner="Browser" type="TEARDOWN">
<msg time="2024-04-03T22:19:43.039119" level="INFO" html="true">&lt;/td&gt;&lt;/tr&gt;&lt;tr&gt;&lt;td colspan="3"&gt;&lt;a href="browser/screenshot/robotframework-browser-screenshot-1.png" target="_blank"&gt;&lt;img src="browser/screenshot/robotframework-browser-screenshot-1.png" width="800px"/&gt;&lt;/a&gt;</msg>
<tag>PageContent</tag>
<doc>Takes a screenshot of the current window or element and saves it to disk.</doc>
<status status="PASS" start="2024-04-03T22:19:42.888371" elapsed="0.150748"/>
</kw>
<tag>smoke</tag>
<status status="PASS" start="2024-04-03T22:19:38.938134" elapsed="4.100985"/>
</test>
<test id="s1-t2" name="Login com senha invalido" line="18">
<kw name="Start sesion" owner="Base" type="SETUP">
<kw name="New Browser" owner="Browser">
<msg time="2024-04-03T22:19:43.073203" level="INFO">Switching browser to browser=8acba5c8-6e69-4cec-8347-53d4b93d4bde</msg>
<msg time="2024-04-03T22:19:43.075203" level="INFO">Successfully changed active browser: browser=8acba5c8-6e69-4cec-8347-53d4b93d4bde</msg>
<msg time="2024-04-03T22:19:43.075203" level="INFO">Reusing existing browser with id: browser=8acba5c8-6e69-4cec-8347-53d4b93d4bde</msg>
<arg>browser=chromium</arg>
<arg>headless=True</arg>
<tag>BrowserControl</tag>
<tag>Setter</tag>
<doc>Create a new playwright Browser with specified options.</doc>
<status status="PASS" start="2024-04-03T22:19:43.072191" elapsed="0.003012"/>
</kw>
<kw name="New Context" owner="Browser">
<msg time="2024-04-03T22:19:43.075203" level="INFO">{
  "acceptDownloads": true,
  "bypassCSP": false,
  "forcedColors": "none",
  "ignoreHTTPSErrors": false,
  "javaScriptEnabled": true,
  "offline": false,
  "reducedMotion": "no-preference",
  "serviceWorkers": "allow",
  "viewport": {
    "height": 1080,
    "width": 1920
  }
}</msg>
<msg time="2024-04-03T22:19:43.081201" level="INFO">Successfully created context. </msg>
<msg time="2024-04-03T22:19:43.081201" level="INFO">{'acceptDownloads': True, 'bypassCSP': False, 'forcedColors': 'none', 'ignoreHTTPSErrors': False, 'javaScriptEnabled': True, 'offline': False, 'reducedMotion': 'no-preference', 'serviceWorkers': 'allow', 'viewport': {'height': 1080, 'width': 1920}}</msg>
<arg>viewport={'width': 1920, 'height': 1080}</arg>
<tag>BrowserControl</tag>
<tag>Setter</tag>
<doc>Create a new BrowserContext with specified options.</doc>
<status status="PASS" start="2024-04-03T22:19:43.075203" elapsed="0.005998"/>
</kw>
<kw name="New Page" owner="Browser">
<msg time="2024-04-03T22:19:43.612377" level="INFO">Successfully initialized new page object and opened url: http://localhost:3000/</msg>
<arg>http://localhost:3000/</arg>
<tag>BrowserControl</tag>
<tag>Setter</tag>
<doc>Open a new Page.</doc>
<status status="PASS" start="2024-04-03T22:19:43.081201" elapsed="0.531176"/>
</kw>
<status status="PASS" start="2024-04-03T22:19:43.072191" elapsed="0.540186"/>
</kw>
<kw name="Go to login page" owner="Login">
<kw name="Go To" owner="Browser">
<msg time="2024-04-03T22:19:43.993882" level="INFO">Successfully opened URL http://localhost:3000/login</msg>
<arg>http://localhost:3000/login</arg>
<tag>BrowserControl</tag>
<tag>Setter</tag>
<doc>Navigates to the given ``url``.</doc>
<status status="PASS" start="2024-04-03T22:19:43.612377" elapsed="0.381505"/>
</kw>
<status status="PASS" start="2024-04-03T22:19:43.612377" elapsed="0.381505"/>
</kw>
<kw name="submit login form" owner="Login">
<kw name="Fill Text" owner="Browser">
<msg time="2024-04-03T22:19:43.994885" level="INFO">Fills the text 'sac@smartbit.com' in the given field.</msg>
<arg>css=input[id=email]</arg>
<arg>${email}</arg>
<tag>PageContent</tag>
<tag>Setter</tag>
<doc>Clears and fills the given ``txt`` into the text field found by ``selector``.</doc>
<status status="PASS" start="2024-04-03T22:19:43.994885" elapsed="0.028104"/>
</kw>
<kw name="Fill Text" owner="Browser">
<msg time="2024-04-03T22:19:44.022989" level="INFO">Fills the text 'abc123' in the given field.</msg>
<arg>css=input[id=password]</arg>
<arg>${password}</arg>
<tag>PageContent</tag>
<tag>Setter</tag>
<doc>Clears and fills the given ``txt`` into the text field found by ``selector``.</doc>
<status status="PASS" start="2024-04-03T22:19:44.022989" elapsed="0.012529"/>
</kw>
<kw name="Click" owner="Browser">
<arg>css=button &gt;&gt; text=Entrar</arg>
<tag>PageContent</tag>
<tag>Setter</tag>
<doc>Simulates mouse click on the element found by ``selector``.</doc>
<status status="PASS" start="2024-04-03T22:19:44.035518" elapsed="0.044250"/>
</kw>
<arg>sac@smartbit.com</arg>
<arg>abc123</arg>
<status status="PASS" start="2024-04-03T22:19:43.993882" elapsed="0.085886"/>
</kw>
<kw name="toast should be" owner="Toast">
<kw name="Set Variable" owner="BuiltIn">
<msg time="2024-04-03T22:19:44.080765" level="INFO">${element} = css=.Toastify__toast-body</msg>
<var>${element}</var>
<arg>css=.Toastify__toast-body</arg>
<doc>Returns the given values which can then be assigned to a variables.</doc>
<status status="PASS" start="2024-04-03T22:19:44.080765" elapsed="0.000000"/>
</kw>
<kw name="Wait For Elements State" owner="Browser">
<msg time="2024-04-03T22:19:45.420247" level="INFO">Waited for Element with selector css=.Toastify__toast-body at state visible</msg>
<arg>${element}</arg>
<arg>visible</arg>
<arg>5</arg>
<tag>PageContent</tag>
<tag>Wait</tag>
<doc>Waits for the element found by ``selector`` to satisfy state option.</doc>
<status status="PASS" start="2024-04-03T22:19:44.080765" elapsed="1.339482"/>
</kw>
<kw name="Get Text" owner="Browser">
<msg time="2024-04-03T22:19:45.437274" level="INFO">Text: 'As credenciais de acesso fornecidas são inválidas. Tente novamente!'</msg>
<arg>${element}</arg>
<arg>equal</arg>
<arg>${expected_text}</arg>
<tag>Assertion</tag>
<tag>Getter</tag>
<tag>PageContent</tag>
<doc>Returns text attribute of the element found by ``selector``.</doc>
<status status="PASS" start="2024-04-03T22:19:45.420247" elapsed="0.017027"/>
</kw>
<arg>As credenciais de acesso fornecidas são inválidas. Tente novamente!</arg>
<status status="PASS" start="2024-04-03T22:19:44.079768" elapsed="1.357506"/>
</kw>
<kw name="Take Screenshot" owner="Browser" type="TEARDOWN">
<msg time="2024-04-03T22:19:45.572296" level="INFO" html="true">&lt;/td&gt;&lt;/tr&gt;&lt;tr&gt;&lt;td colspan="3"&gt;&lt;a href="browser/screenshot/robotframework-browser-screenshot-2.png" target="_blank"&gt;&lt;img src="browser/screenshot/robotframework-browser-screenshot-2.png" width="800px"/&gt;&lt;/a&gt;</msg>
<tag>PageContent</tag>
<doc>Takes a screenshot of the current window or element and saves it to disk.</doc>
<status status="PASS" start="2024-04-03T22:19:45.438273" elapsed="0.134023"/>
</kw>
<tag>invpass</tag>
<status status="PASS" start="2024-04-03T22:19:43.069680" elapsed="2.502616"/>
</test>
<test id="s1-t3" name="Login com usuárioi não registrado" line="26">
<kw name="Start sesion" owner="Base" type="SETUP">
<kw name="New Browser" owner="Browser">
<msg time="2024-04-03T22:19:45.613900" level="INFO">Switching browser to browser=8acba5c8-6e69-4cec-8347-53d4b93d4bde</msg>
<msg time="2024-04-03T22:19:45.615898" level="INFO">Successfully changed active browser: browser=8acba5c8-6e69-4cec-8347-53d4b93d4bde</msg>
<msg time="2024-04-03T22:19:45.615898" level="INFO">Reusing existing browser with id: browser=8acba5c8-6e69-4cec-8347-53d4b93d4bde</msg>
<arg>browser=chromium</arg>
<arg>headless=True</arg>
<tag>BrowserControl</tag>
<tag>Setter</tag>
<doc>Create a new playwright Browser with specified options.</doc>
<status status="PASS" start="2024-04-03T22:19:45.613900" elapsed="0.001998"/>
</kw>
<kw name="New Context" owner="Browser">
<msg time="2024-04-03T22:19:45.616895" level="INFO">{
  "acceptDownloads": true,
  "bypassCSP": false,
  "forcedColors": "none",
  "ignoreHTTPSErrors": false,
  "javaScriptEnabled": true,
  "offline": false,
  "reducedMotion": "no-preference",
  "serviceWorkers": "allow",
  "viewport": {
    "height": 1080,
    "width": 1920
  }
}</msg>
<msg time="2024-04-03T22:19:45.622408" level="INFO">Successfully created context. </msg>
<msg time="2024-04-03T22:19:45.622408" level="INFO">{'acceptDownloads': True, 'bypassCSP': False, 'forcedColors': 'none', 'ignoreHTTPSErrors': False, 'javaScriptEnabled': True, 'offline': False, 'reducedMotion': 'no-preference', 'serviceWorkers': 'allow', 'viewport': {'height': 1080, 'width': 1920}}</msg>
<arg>viewport={'width': 1920, 'height': 1080}</arg>
<tag>BrowserControl</tag>
<tag>Setter</tag>
<doc>Create a new BrowserContext with specified options.</doc>
<status status="PASS" start="2024-04-03T22:19:45.615898" elapsed="0.006510"/>
</kw>
<kw name="New Page" owner="Browser">
<msg time="2024-04-03T22:19:46.170363" level="INFO">Successfully initialized new page object and opened url: http://localhost:3000/</msg>
<arg>http://localhost:3000/</arg>
<tag>BrowserControl</tag>
<tag>Setter</tag>
<doc>Open a new Page.</doc>
<status status="PASS" start="2024-04-03T22:19:45.622408" elapsed="0.547955"/>
</kw>
<status status="PASS" start="2024-04-03T22:19:45.613900" elapsed="0.556463"/>
</kw>
<kw name="Go to login page" owner="Login">
<kw name="Go To" owner="Browser">
<msg time="2024-04-03T22:19:46.543219" level="INFO">Successfully opened URL http://localhost:3000/login</msg>
<arg>http://localhost:3000/login</arg>
<tag>BrowserControl</tag>
<tag>Setter</tag>
<doc>Navigates to the given ``url``.</doc>
<status status="PASS" start="2024-04-03T22:19:46.171363" elapsed="0.371856"/>
</kw>
<status status="PASS" start="2024-04-03T22:19:46.171363" elapsed="0.371856"/>
</kw>
<kw name="submit login form" owner="Login">
<kw name="Fill Text" owner="Browser">
<msg time="2024-04-03T22:19:46.544226" level="INFO">Fills the text 'sac@teste.com' in the given field.</msg>
<arg>css=input[id=email]</arg>
<arg>${email}</arg>
<tag>PageContent</tag>
<tag>Setter</tag>
<doc>Clears and fills the given ``txt`` into the text field found by ``selector``.</doc>
<status status="PASS" start="2024-04-03T22:19:46.544226" elapsed="0.026108"/>
</kw>
<kw name="Fill Text" owner="Browser">
<msg time="2024-04-03T22:19:46.571332" level="INFO">Fills the text 'abc123' in the given field.</msg>
<arg>css=input[id=password]</arg>
<arg>${password}</arg>
<tag>PageContent</tag>
<tag>Setter</tag>
<doc>Clears and fills the given ``txt`` into the text field found by ``selector``.</doc>
<status status="PASS" start="2024-04-03T22:19:46.571332" elapsed="0.011544"/>
</kw>
<kw name="Click" owner="Browser">
<arg>css=button &gt;&gt; text=Entrar</arg>
<tag>PageContent</tag>
<tag>Setter</tag>
<doc>Simulates mouse click on the element found by ``selector``.</doc>
<status status="PASS" start="2024-04-03T22:19:46.582876" elapsed="0.044625"/>
</kw>
<arg>sac@teste.com</arg>
<arg>abc123</arg>
<status status="PASS" start="2024-04-03T22:19:46.543219" elapsed="0.084282"/>
</kw>
<kw name="toast should be" owner="Toast">
<kw name="Set Variable" owner="BuiltIn">
<msg time="2024-04-03T22:19:46.628500" level="INFO">${element} = css=.Toastify__toast-body</msg>
<var>${element}</var>
<arg>css=.Toastify__toast-body</arg>
<doc>Returns the given values which can then be assigned to a variables.</doc>
<status status="PASS" start="2024-04-03T22:19:46.627501" elapsed="0.000999"/>
</kw>
<kw name="Wait For Elements State" owner="Browser">
<msg time="2024-04-03T22:19:47.964001" level="INFO">Waited for Element with selector css=.Toastify__toast-body at state visible</msg>
<arg>${element}</arg>
<arg>visible</arg>
<arg>5</arg>
<tag>PageContent</tag>
<tag>Wait</tag>
<doc>Waits for the element found by ``selector`` to satisfy state option.</doc>
<status status="PASS" start="2024-04-03T22:19:46.628500" elapsed="1.335501"/>
</kw>
<kw name="Get Text" owner="Browser">
<msg time="2024-04-03T22:19:47.983028" level="INFO">Text: 'As credenciais de acesso fornecidas são inválidas. Tente novamente!'</msg>
<arg>${element}</arg>
<arg>equal</arg>
<arg>${expected_text}</arg>
<tag>Assertion</tag>
<tag>Getter</tag>
<tag>PageContent</tag>
<doc>Returns text attribute of the element found by ``selector``.</doc>
<status status="PASS" start="2024-04-03T22:19:47.964001" elapsed="0.019027"/>
</kw>
<arg>As credenciais de acesso fornecidas são inválidas. Tente novamente!</arg>
<status status="PASS" start="2024-04-03T22:19:46.627501" elapsed="1.355527"/>
</kw>
<kw name="Take Screenshot" owner="Browser" type="TEARDOWN">
<msg time="2024-04-03T22:19:48.122824" level="INFO" html="true">&lt;/td&gt;&lt;/tr&gt;&lt;tr&gt;&lt;td colspan="3"&gt;&lt;a href="browser/screenshot/robotframework-browser-screenshot-3.png" target="_blank"&gt;&lt;img src="browser/screenshot/robotframework-browser-screenshot-3.png" width="800px"/&gt;&lt;/a&gt;</msg>
<tag>PageContent</tag>
<doc>Takes a screenshot of the current window or element and saves it to disk.</doc>
<status status="PASS" start="2024-04-03T22:19:47.984037" elapsed="0.138787"/>
</kw>
<tag>invuser</tag>
<status status="PASS" start="2024-04-03T22:19:45.611372" elapsed="2.512631"/>
</test>
<test id="s1-t4" name="temtativa de login com dados incorretos" line="34">
<kw name="Start sesion" owner="Base" type="SETUP">
<kw name="New Browser" owner="Browser">
<msg time="2024-04-03T22:19:48.153926" level="INFO">Switching browser to browser=8acba5c8-6e69-4cec-8347-53d4b93d4bde</msg>
<msg time="2024-04-03T22:19:48.154926" level="INFO">Successfully changed active browser: browser=8acba5c8-6e69-4cec-8347-53d4b93d4bde</msg>
<msg time="2024-04-03T22:19:48.154926" level="INFO">Reusing existing browser with id: browser=8acba5c8-6e69-4cec-8347-53d4b93d4bde</msg>
<arg>browser=chromium</arg>
<arg>headless=True</arg>
<tag>BrowserControl</tag>
<tag>Setter</tag>
<doc>Create a new playwright Browser with specified options.</doc>
<status status="PASS" start="2024-04-03T22:19:48.152700" elapsed="0.003228"/>
</kw>
<kw name="New Context" owner="Browser">
<msg time="2024-04-03T22:19:48.155928" level="INFO">{
  "acceptDownloads": true,
  "bypassCSP": false,
  "forcedColors": "none",
  "ignoreHTTPSErrors": false,
  "javaScriptEnabled": true,
  "offline": false,
  "reducedMotion": "no-preference",
  "serviceWorkers": "allow",
  "viewport": {
    "height": 1080,
    "width": 1920
  }
}</msg>
<msg time="2024-04-03T22:19:48.161442" level="INFO">Successfully created context. </msg>
<msg time="2024-04-03T22:19:48.161442" level="INFO">{'acceptDownloads': True, 'bypassCSP': False, 'forcedColors': 'none', 'ignoreHTTPSErrors': False, 'javaScriptEnabled': True, 'offline': False, 'reducedMotion': 'no-preference', 'serviceWorkers': 'allow', 'viewport': {'height': 1080, 'width': 1920}}</msg>
<arg>viewport={'width': 1920, 'height': 1080}</arg>
<tag>BrowserControl</tag>
<tag>Setter</tag>
<doc>Create a new BrowserContext with specified options.</doc>
<status status="PASS" start="2024-04-03T22:19:48.155928" elapsed="0.005514"/>
</kw>
<kw name="New Page" owner="Browser">
<msg time="2024-04-03T22:19:48.689185" level="INFO">Successfully initialized new page object and opened url: http://localhost:3000/</msg>
<arg>http://localhost:3000/</arg>
<tag>BrowserControl</tag>
<tag>Setter</tag>
<doc>Open a new Page.</doc>
<status status="PASS" start="2024-04-03T22:19:48.161442" elapsed="0.527743"/>
</kw>
<status status="PASS" start="2024-04-03T22:19:48.152700" elapsed="0.536485"/>
</kw>
<kw name="Login whit verify notices">
<kw name="Go to login page" owner="Login">
<kw name="Go To" owner="Browser">
<msg time="2024-04-03T22:19:49.102462" level="INFO">Successfully opened URL http://localhost:3000/login</msg>
<arg>http://localhost:3000/login</arg>
<tag>BrowserControl</tag>
<tag>Setter</tag>
<doc>Navigates to the given ``url``.</doc>
<status status="PASS" start="2024-04-03T22:19:48.690187" elapsed="0.412275"/>
</kw>
<status status="PASS" start="2024-04-03T22:19:48.690187" elapsed="0.413282"/>
</kw>
<kw name="submit login form" owner="Login">
<kw name="Fill Text" owner="Browser">
<msg time="2024-04-03T22:19:49.103469" level="INFO">Fills the text '' in the given field.</msg>
<arg>css=input[id=email]</arg>
<arg>${email}</arg>
<tag>PageContent</tag>
<tag>Setter</tag>
<doc>Clears and fills the given ``txt`` into the text field found by ``selector``.</doc>
<status status="PASS" start="2024-04-03T22:19:49.103469" elapsed="0.027211"/>
</kw>
<kw name="Fill Text" owner="Browser">
<msg time="2024-04-03T22:19:49.131680" level="INFO">Fills the text '' in the given field.</msg>
<arg>css=input[id=password]</arg>
<arg>${password}</arg>
<tag>PageContent</tag>
<tag>Setter</tag>
<doc>Clears and fills the given ``txt`` into the text field found by ``selector``.</doc>
<status status="PASS" start="2024-04-03T22:19:49.131680" elapsed="0.009514"/>
</kw>
<kw name="Click" owner="Browser">
<arg>css=button &gt;&gt; text=Entrar</arg>
<tag>PageContent</tag>
<tag>Setter</tag>
<doc>Simulates mouse click on the element found by ``selector``.</doc>
<status status="PASS" start="2024-04-03T22:19:49.142700" elapsed="0.050075"/>
</kw>
<arg>${email}</arg>
<arg>${password}</arg>
<status status="PASS" start="2024-04-03T22:19:49.103469" elapsed="0.089306"/>
</kw>
<kw name="Notice should be" owner="BoxNotices">
<kw name="Set Variable" owner="BuiltIn">
<msg time="2024-04-03T22:19:49.193861" level="INFO">${element} = css=form .notice</msg>
<var>${element}</var>
<arg>css=form .notice</arg>
<doc>Returns the given values which can then be assigned to a variables.</doc>
<status status="PASS" start="2024-04-03T22:19:49.193861" elapsed="0.000000"/>
</kw>
<kw name="Wait For Elements State" owner="Browser">
<msg time="2024-04-03T22:19:49.515479" level="INFO">Waited for Element with selector css=form .notice at state visible</msg>
<arg>${element}</arg>
<arg>visible</arg>
<arg>5</arg>
<tag>PageContent</tag>
<tag>Wait</tag>
<doc>Waits for the element found by ``selector`` to satisfy state option.</doc>
<status status="PASS" start="2024-04-03T22:19:49.193861" elapsed="0.322624"/>
</kw>
<kw name="Get Text" owner="Browser">
<msg time="2024-04-03T22:19:49.533509" level="INFO">Text: 'Os campos email e senha são obrigatórios.'</msg>
<arg>${element}</arg>
<arg>equal</arg>
<arg>${output_message}</arg>
<tag>Assertion</tag>
<tag>Getter</tag>
<tag>PageContent</tag>
<doc>Returns text attribute of the element found by ``selector``.</doc>
<status status="PASS" start="2024-04-03T22:19:49.516485" elapsed="0.018023"/>
</kw>
<arg>${output_message}</arg>
<status status="PASS" start="2024-04-03T22:19:49.193861" elapsed="0.340647"/>
</kw>
<arg>${EMPTY}</arg>
<arg>${EMPTY}</arg>
<arg>Os campos email e senha são obrigatórios.</arg>
<status status="PASS" start="2024-04-03T22:19:48.689185" elapsed="0.845323"/>
</kw>
<kw name="Login whit verify notices">
<kw name="Go to login page" owner="Login">
<kw name="Go To" owner="Browser">
<msg time="2024-04-03T22:19:49.577634" level="INFO">Successfully opened URL http://localhost:3000/login</msg>
<arg>http://localhost:3000/login</arg>
<tag>BrowserControl</tag>
<tag>Setter</tag>
<doc>Navigates to the given ``url``.</doc>
<status status="PASS" start="2024-04-03T22:19:49.535513" elapsed="0.042121"/>
</kw>
<status status="PASS" start="2024-04-03T22:19:49.535513" elapsed="0.042121"/>
</kw>
<kw name="submit login form" owner="Login">
<kw name="Fill Text" owner="Browser">
<msg time="2024-04-03T22:19:49.578631" level="INFO">Fills the text '' in the given field.</msg>
<arg>css=input[id=email]</arg>
<arg>${email}</arg>
<tag>PageContent</tag>
<tag>Setter</tag>
<doc>Clears and fills the given ``txt`` into the text field found by ``selector``.</doc>
<status status="PASS" start="2024-04-03T22:19:49.578631" elapsed="0.018038"/>
</kw>
<kw name="Fill Text" owner="Browser">
<msg time="2024-04-03T22:19:49.597671" level="INFO">Fills the text 'pwd123' in the given field.</msg>
<arg>css=input[id=password]</arg>
<arg>${password}</arg>
<tag>PageContent</tag>
<tag>Setter</tag>
<doc>Clears and fills the given ``txt`` into the text field found by ``selector``.</doc>
<status status="PASS" start="2024-04-03T22:19:49.596669" elapsed="0.010522"/>
</kw>
<kw name="Click" owner="Browser">
<arg>css=button &gt;&gt; text=Entrar</arg>
<tag>PageContent</tag>
<tag>Setter</tag>
<doc>Simulates mouse click on the element found by ``selector``.</doc>
<status status="PASS" start="2024-04-03T22:19:49.607191" elapsed="0.032556"/>
</kw>
<arg>${email}</arg>
<arg>${password}</arg>
<status status="PASS" start="2024-04-03T22:19:49.578631" elapsed="0.061116"/>
</kw>
<kw name="Notice should be" owner="BoxNotices">
<kw name="Set Variable" owner="BuiltIn">
<msg time="2024-04-03T22:19:49.639747" level="INFO">${element} = css=form .notice</msg>
<var>${element}</var>
<arg>css=form .notice</arg>
<doc>Returns the given values which can then be assigned to a variables.</doc>
<status status="PASS" start="2024-04-03T22:19:49.639747" elapsed="0.000000"/>
</kw>
<kw name="Wait For Elements State" owner="Browser">
<msg time="2024-04-03T22:19:49.948752" level="INFO">Waited for Element with selector css=form .notice at state visible</msg>
<arg>${element}</arg>
<arg>visible</arg>
<arg>5</arg>
<tag>PageContent</tag>
<tag>Wait</tag>
<doc>Waits for the element found by ``selector`` to satisfy state option.</doc>
<status status="PASS" start="2024-04-03T22:19:49.639747" elapsed="0.309005"/>
</kw>
<kw name="Get Text" owner="Browser">
<msg time="2024-04-03T22:19:49.964817" level="INFO">Text: 'Os campos email e senha são obrigatórios.'</msg>
<arg>${element}</arg>
<arg>equal</arg>
<arg>${output_message}</arg>
<tag>Assertion</tag>
<tag>Getter</tag>
<tag>PageContent</tag>
<doc>Returns text attribute of the element found by ``selector``.</doc>
<status status="PASS" start="2024-04-03T22:19:49.948752" elapsed="0.016065"/>
</kw>
<arg>${output_message}</arg>
<status status="PASS" start="2024-04-03T22:19:49.639747" elapsed="0.325070"/>
</kw>
<arg>${EMPTY}</arg>
<arg>pwd123</arg>
<arg>Os campos email e senha são obrigatórios.</arg>
<status status="PASS" start="2024-04-03T22:19:49.534508" elapsed="0.430309"/>
</kw>
<kw name="Login whit verify notices">
<kw name="Go to login page" owner="Login">
<kw name="Go To" owner="Browser">
<msg time="2024-04-03T22:19:50.007774" level="INFO">Successfully opened URL http://localhost:3000/login</msg>
<arg>http://localhost:3000/login</arg>
<tag>BrowserControl</tag>
<tag>Setter</tag>
<doc>Navigates to the given ``url``.</doc>
<status status="PASS" start="2024-04-03T22:19:49.965813" elapsed="0.042962"/>
</kw>
<status status="PASS" start="2024-04-03T22:19:49.965813" elapsed="0.042962"/>
</kw>
<kw name="submit login form" owner="Login">
<kw name="Fill Text" owner="Browser">
<msg time="2024-04-03T22:19:50.009774" level="INFO">Fills the text 'sac@smartbit.com' in the given field.</msg>
<arg>css=input[id=email]</arg>
<arg>${email}</arg>
<tag>PageContent</tag>
<tag>Setter</tag>
<doc>Clears and fills the given ``txt`` into the text field found by ``selector``.</doc>
<status status="PASS" start="2024-04-03T22:19:50.008775" elapsed="0.018034"/>
</kw>
<kw name="Fill Text" owner="Browser">
<msg time="2024-04-03T22:19:50.026809" level="INFO">Fills the text '' in the given field.</msg>
<arg>css=input[id=password]</arg>
<arg>${password}</arg>
<tag>PageContent</tag>
<tag>Setter</tag>
<doc>Clears and fills the given ``txt`` into the text field found by ``selector``.</doc>
<status status="PASS" start="2024-04-03T22:19:50.026809" elapsed="0.010517"/>
</kw>
<kw name="Click" owner="Browser">
<arg>css=button &gt;&gt; text=Entrar</arg>
<tag>PageContent</tag>
<tag>Setter</tag>
<doc>Simulates mouse click on the element found by ``selector``.</doc>
<status status="PASS" start="2024-04-03T22:19:50.037326" elapsed="0.035046"/>
</kw>
<arg>${email}</arg>
<arg>${password}</arg>
<status status="PASS" start="2024-04-03T22:19:50.008775" elapsed="0.063597"/>
</kw>
<kw name="Notice should be" owner="BoxNotices">
<kw name="Set Variable" owner="BuiltIn">
<msg time="2024-04-03T22:19:50.073637" level="INFO">${element} = css=form .notice</msg>
<var>${element}</var>
<arg>css=form .notice</arg>
<doc>Returns the given values which can then be assigned to a variables.</doc>
<status status="PASS" start="2024-04-03T22:19:50.073637" elapsed="0.000000"/>
</kw>
<kw name="Wait For Elements State" owner="Browser">
<msg time="2024-04-03T22:19:50.385000" level="INFO">Waited for Element with selector css=form .notice at state visible</msg>
<arg>${element}</arg>
<arg>visible</arg>
<arg>5</arg>
<tag>PageContent</tag>
<tag>Wait</tag>
<doc>Waits for the element found by ``selector`` to satisfy state option.</doc>
<status status="PASS" start="2024-04-03T22:19:50.073637" elapsed="0.311363"/>
</kw>
<kw name="Get Text" owner="Browser">
<msg time="2024-04-03T22:19:50.401512" level="INFO">Text: 'Os campos email e senha são obrigatórios.'</msg>
<arg>${element}</arg>
<arg>equal</arg>
<arg>${output_message}</arg>
<tag>Assertion</tag>
<tag>Getter</tag>
<tag>PageContent</tag>
<doc>Returns text attribute of the element found by ``selector``.</doc>
<status status="PASS" start="2024-04-03T22:19:50.385000" elapsed="0.016512"/>
</kw>
<arg>${output_message}</arg>
<status status="PASS" start="2024-04-03T22:19:50.072372" elapsed="0.329140"/>
</kw>
<arg>sac@smartbit.com</arg>
<arg>${EMPTY}</arg>
<arg>Os campos email e senha são obrigatórios.</arg>
<status status="PASS" start="2024-04-03T22:19:49.965813" elapsed="0.435699"/>
</kw>
<kw name="Login whit verify notices">
<kw name="Go to login page" owner="Login">
<kw name="Go To" owner="Browser">
<msg time="2024-04-03T22:19:50.443764" level="INFO">Successfully opened URL http://localhost:3000/login</msg>
<arg>http://localhost:3000/login</arg>
<tag>BrowserControl</tag>
<tag>Setter</tag>
<doc>Navigates to the given ``url``.</doc>
<status status="PASS" start="2024-04-03T22:19:50.402512" elapsed="0.041252"/>
</kw>
<status status="PASS" start="2024-04-03T22:19:50.401512" elapsed="0.042252"/>
</kw>
<kw name="submit login form" owner="Login">
<kw name="Fill Text" owner="Browser">
<msg time="2024-04-03T22:19:50.444763" level="INFO">Fills the text 'sac#smartbit.com' in the given field.</msg>
<arg>css=input[id=email]</arg>
<arg>${email}</arg>
<tag>PageContent</tag>
<tag>Setter</tag>
<doc>Clears and fills the given ``txt`` into the text field found by ``selector``.</doc>
<status status="PASS" start="2024-04-03T22:19:50.444763" elapsed="0.021109"/>
</kw>
<kw name="Fill Text" owner="Browser">
<msg time="2024-04-03T22:19:50.465872" level="INFO">Fills the text 'pwd123' in the given field.</msg>
<arg>css=input[id=password]</arg>
<arg>${password}</arg>
<tag>PageContent</tag>
<tag>Setter</tag>
<doc>Clears and fills the given ``txt`` into the text field found by ``selector``.</doc>
<status status="PASS" start="2024-04-03T22:19:50.465872" elapsed="0.011511"/>
</kw>
<kw name="Click" owner="Browser">
<arg>css=button &gt;&gt; text=Entrar</arg>
<tag>PageContent</tag>
<tag>Setter</tag>
<doc>Simulates mouse click on the element found by ``selector``.</doc>
<status status="PASS" start="2024-04-03T22:19:50.477383" elapsed="0.046156"/>
</kw>
<arg>${email}</arg>
<arg>${password}</arg>
<status status="PASS" start="2024-04-03T22:19:50.443764" elapsed="0.079775"/>
</kw>
<kw name="Notice should be" owner="BoxNotices">
<kw name="Set Variable" owner="BuiltIn">
<msg time="2024-04-03T22:19:50.524538" level="INFO">${element} = css=form .notice</msg>
<var>${element}</var>
<arg>css=form .notice</arg>
<doc>Returns the given values which can then be assigned to a variables.</doc>
<status status="PASS" start="2024-04-03T22:19:50.524538" elapsed="0.000000"/>
</kw>
<kw name="Wait For Elements State" owner="Browser">
<msg time="2024-04-03T22:19:50.835660" level="INFO">Waited for Element with selector css=form .notice at state visible</msg>
<arg>${element}</arg>
<arg>visible</arg>
<arg>5</arg>
<tag>PageContent</tag>
<tag>Wait</tag>
<doc>Waits for the element found by ``selector`` to satisfy state option.</doc>
<status status="PASS" start="2024-04-03T22:19:50.524538" elapsed="0.312118"/>
</kw>
<kw name="Get Text" owner="Browser">
<msg time="2024-04-03T22:19:50.852693" level="INFO">Text: 'Oops! O email informado é inválido'</msg>
<arg>${element}</arg>
<arg>equal</arg>
<arg>${output_message}</arg>
<tag>Assertion</tag>
<tag>Getter</tag>
<tag>PageContent</tag>
<doc>Returns text attribute of the element found by ``selector``.</doc>
<status status="PASS" start="2024-04-03T22:19:50.836656" elapsed="0.016037"/>
</kw>
<arg>${output_message}</arg>
<status status="PASS" start="2024-04-03T22:19:50.523539" elapsed="0.329154"/>
</kw>
<arg>sac#smartbit.com</arg>
<arg>pwd123</arg>
<arg>Oops! O email informado é inválido</arg>
<status status="PASS" start="2024-04-03T22:19:50.401512" elapsed="0.451181"/>
</kw>
<kw name="Take Screenshot" owner="Browser" type="TEARDOWN">
<msg time="2024-04-03T22:19:50.987827" level="INFO" html="true">&lt;/td&gt;&lt;/tr&gt;&lt;tr&gt;&lt;td colspan="3"&gt;&lt;a href="browser/screenshot/robotframework-browser-screenshot-4.png" target="_blank"&gt;&lt;img src="browser/screenshot/robotframework-browser-screenshot-4.png" width="800px"/&gt;&lt;/a&gt;</msg>
<tag>PageContent</tag>
<doc>Takes a screenshot of the current window or element and saves it to disk.</doc>
<status status="PASS" start="2024-04-03T22:19:50.852693" elapsed="0.135134"/>
</kw>
<tag>notice</tag>
<status status="PASS" start="2024-04-03T22:19:48.150703" elapsed="2.837124"/>
</test>
<doc>Deve realizar o login na aplicação</doc>
<status status="PASS" start="2024-04-03T22:19:37.981663" elapsed="13.029205"/>
</suite>
<statistics>
<total>
<stat pass="4" fail="0" skip="0">All Tests</stat>
</total>
<tag>
<stat pass="1" fail="0" skip="0">invpass</stat>
<stat pass="1" fail="0" skip="0">invuser</stat>
<stat pass="1" fail="0" skip="0">notice</stat>
<stat pass="1" fail="0" skip="0">smoke</stat>
</tag>
<suite>
<stat pass="4" fail="0" skip="0" id="s1" name="Login">Login</stat>
</suite>
</statistics>
<errors>
</errors>
</robot>
