<?xml version="1.0" encoding="UTF-8"?>
<robot generator="Robot 7.0 (Python 3.12.2 on win32)" generated="2024-03-31T14:58:51.032902" rpa="false" schemaversion="5">
<suite id="s1" name="Signup" source="C:\QAx\Projects\walkdog\testes\signup.robot">
<test id="s1-t1" name="Deve poder cadastrar um novo dog walke" line="7">
<kw name="Create Dictionary" owner="BuiltIn">
<msg time="2024-03-31T14:58:53.317008" level="INFO">${dog_walker} = {'name': 'New User', 'email': 'teste@tetse.com', 'cpf': '00000014141', 'cep': '04534011', 'Street': 'Rua Joaquim Floriano', 'District': 'Itaim Bibi', 'CityUf': 'São Paulo/SP', 'Number': '1000', 'Detai...</msg>
<var>${dog_walker}</var>
<arg>name=New User</arg>
<arg>email=teste@tetse.com</arg>
<arg>cpf=00000014141</arg>
<arg>cep=04534011</arg>
<arg>Street=Rua Joaquim Floriano</arg>
<arg>District=Itaim Bibi</arg>
<arg>CityUf=São Paulo/SP</arg>
<arg>Number=1000</arg>
<arg>Details=Apto 28</arg>
<arg>cnh=toretto.jpg</arg>
<doc>Creates and returns a dictionary based on the given ``items``.</doc>
<status status="PASS" start="2024-03-31T14:58:53.317008" elapsed="0.000000"/>
</kw>
<kw name="start session" owner="base">
<kw name="New Browser" owner="Browser">
<msg time="2024-03-31T14:58:53.318008" level="INFO">{"browser": "chromium", "headless": false, "chromiumSandbox": false, "devtools": false, "handleSIGHUP": true, "handleSIGINT": true, "handleSIGTERM": true, "slowMo": 0.0, "timeout": 30000.0, "tracesDir": "C:\\QAx\\Projects\\walkdog\\testes\\logs\\browser\\traces\\1285c75e-37bb-4b02-9f2c-8a32a6a6ffb2"}</msg>
<msg time="2024-03-31T14:58:53.700761" level="INFO">Successfully created browser with options: {"browser":"chromium","headless":false,"chromiumSandbox":false,"devtools":false,"handleSIGHUP":true,"handleSIGINT":true,"handleSIGTERM":true,"slowMo":0,"timeout":30000,"tracesDir":"C:\\QAx\\Projects\\walkdog\\testes\\logs\\browser\\traces\\1285c75e-37bb-4b02-9f2c-8a32a6a6ffb2"}</msg>
<arg>browser=chromium</arg>
<arg>headless=False</arg>
<tag>BrowserControl</tag>
<tag>Setter</tag>
<doc>Create a new playwright Browser with specified options.</doc>
<status status="PASS" start="2024-03-31T14:58:53.318008" elapsed="0.382753"/>
</kw>
<kw name="New Page" owner="Browser">
<msg time="2024-03-31T14:58:54.989424" level="INFO">Successfully initialized new page object and opened url: https://walkdog.vercel.app/</msg>
<msg time="2024-03-31T14:58:54.989424" level="INFO">No context was open. New context was automatically opened when this page is created.</msg>
<arg>https://walkdog.vercel.app/</arg>
<tag>BrowserControl</tag>
<tag>Setter</tag>
<doc>Open a new Page.</doc>
<status status="PASS" start="2024-03-31T14:58:53.700761" elapsed="1.288663"/>
</kw>
<kw name="Wait For Elements State" owner="Browser">
<msg time="2024-03-31T14:58:55.020477" level="INFO">Waited for Element with selector css=h1 &gt;&gt; text=Cuidado e diversão em cada passo at state visible</msg>
<arg>css=h1 &gt;&gt; text=Cuidado e diversão em cada passo</arg>
<arg>visible</arg>
<arg>5</arg>
<tag>PageContent</tag>
<tag>Wait</tag>
<doc>Waits for the element found by ``selector`` to satisfy state option.</doc>
<status status="PASS" start="2024-03-31T14:58:54.990422" elapsed="0.030055"/>
</kw>
<kw name="Get Text" owner="Browser">
<msg time="2024-03-31T14:58:55.044894" level="INFO">Text: 'Cuidado e diversão em cada passo'</msg>
<arg>h1</arg>
<arg>equal</arg>
<arg>Cuidado e diversão em cada passo</arg>
<tag>Assertion</tag>
<tag>Getter</tag>
<tag>PageContent</tag>
<doc>Returns text attribute of the element found by ``selector``.</doc>
<status status="PASS" start="2024-03-31T14:58:55.020477" elapsed="0.024417"/>
</kw>
<kw name="Take Screenshot" owner="Browser">
<msg time="2024-03-31T14:58:55.134570" level="INFO" html="true">&lt;/td&gt;&lt;/tr&gt;&lt;tr&gt;&lt;td colspan="3"&gt;&lt;a href="browser/screenshot/robotframework-browser-screenshot-1.png" target="_blank"&gt;&lt;img src="browser/screenshot/robotframework-browser-screenshot-1.png" width="800px"/&gt;&lt;/a&gt;</msg>
<tag>PageContent</tag>
<doc>Takes a screenshot of the current window or element and saves it to disk.</doc>
<status status="PASS" start="2024-03-31T14:58:55.044894" elapsed="0.089676"/>
</kw>
<status status="PASS" start="2024-03-31T14:58:53.318008" elapsed="1.816562"/>
</kw>
<kw name="Goto signup page" owner="signup">
<kw name="Click" owner="Browser">
<arg>css=a[href="/signup"]</arg>
<tag>PageContent</tag>
<tag>Setter</tag>
<doc>Simulates mouse click on the element found by ``selector``.</doc>
<status status="PASS" start="2024-03-31T14:58:55.134570" elapsed="0.056086"/>
</kw>
<kw name="Wait For Elements State" owner="Browser">
<msg time="2024-03-31T14:58:55.199693" level="INFO">Waited for Element with selector form h1 at state visible</msg>
<arg>form h1</arg>
<arg>visible</arg>
<arg>5000</arg>
<tag>PageContent</tag>
<tag>Wait</tag>
<doc>Waits for the element found by ``selector`` to satisfy state option.</doc>
<status status="PASS" start="2024-03-31T14:58:55.192164" elapsed="0.007529"/>
</kw>
<kw name="Get Text" owner="Browser">
<msg time="2024-03-31T14:58:55.214497" level="INFO">Text: 'Faça seu cadastro'</msg>
<arg>form h1</arg>
<arg>equal</arg>
<arg>Faça seu cadastro</arg>
<tag>Assertion</tag>
<tag>Getter</tag>
<tag>PageContent</tag>
<doc>Returns text attribute of the element found by ``selector``.</doc>
<status status="PASS" start="2024-03-31T14:58:55.199693" elapsed="0.014804"/>
</kw>
<status status="PASS" start="2024-03-31T14:58:55.134570" elapsed="0.079927"/>
</kw>
<kw name="Fill signup form" owner="signup">
<kw name="Fill Text" owner="Browser">
<msg time="2024-03-31T14:58:55.215500" level="INFO">Fills the text 'New User' in the given field.</msg>
<arg>css=input[name=name]</arg>
<arg>${dog_walker}[name]</arg>
<tag>PageContent</tag>
<tag>Setter</tag>
<doc>Clears and fills the given ``txt`` into the text field found by ``selector``.</doc>
<status status="PASS" start="2024-03-31T14:58:55.215500" elapsed="0.022889"/>
</kw>
<kw name="Fill Text" owner="Browser">
<msg time="2024-03-31T14:58:55.238389" level="INFO">Fills the text 'teste@tetse.com' in the given field.</msg>
<arg>css=input[name=email]</arg>
<arg>${dog_walker}[email]</arg>
<tag>PageContent</tag>
<tag>Setter</tag>
<doc>Clears and fills the given ``txt`` into the text field found by ``selector``.</doc>
<status status="PASS" start="2024-03-31T14:58:55.238389" elapsed="0.016362"/>
</kw>
<kw name="Fill Text" owner="Browser">
<msg time="2024-03-31T14:58:55.255751" level="INFO">Fills the text '00000014141' in the given field.</msg>
<arg>css=input[name=cpf]</arg>
<arg>${dog_walker}[cpf]</arg>
<tag>PageContent</tag>
<tag>Setter</tag>
<doc>Clears and fills the given ``txt`` into the text field found by ``selector``.</doc>
<status status="PASS" start="2024-03-31T14:58:55.255751" elapsed="0.019590"/>
</kw>
<kw name="Fill Text" owner="Browser">
<msg time="2024-03-31T14:58:55.276341" level="INFO">Fills the text '04534011' in the given field.</msg>
<arg>css=input[name=cep]</arg>
<arg>${dog_walker}[cep]</arg>
<tag>PageContent</tag>
<tag>Setter</tag>
<doc>Clears and fills the given ``txt`` into the text field found by ``selector``.</doc>
<status status="PASS" start="2024-03-31T14:58:55.275341" elapsed="0.019038"/>
</kw>
<kw name="Click" owner="Browser">
<arg>css=input[type=button][value="Buscar CEP"]</arg>
<tag>PageContent</tag>
<tag>Setter</tag>
<doc>Simulates mouse click on the element found by ``selector``.</doc>
<status status="PASS" start="2024-03-31T14:58:55.294379" elapsed="0.033051"/>
</kw>
<kw name="Get Property" owner="Browser">
<msg time="2024-03-31T14:58:55.793058" level="INFO">Property: 'Rua Joaquim Floriano'</msg>
<arg>css=input[name=addressStreet]</arg>
<arg>value</arg>
<arg>equal</arg>
<arg>${dog_walker}[Street]</arg>
<tag>Assertion</tag>
<tag>Getter</tag>
<tag>PageContent</tag>
<doc>Returns the ``property`` of the element found by ``selector``.</doc>
<status status="PASS" start="2024-03-31T14:58:55.327430" elapsed="0.465628"/>
</kw>
<kw name="Get Property" owner="Browser">
<msg time="2024-03-31T14:58:55.801598" level="INFO">Property: 'Itaim Bibi'</msg>
<arg>input[name=addressDistrict]</arg>
<arg>value</arg>
<arg>equal</arg>
<arg>${dog_walker}[District]</arg>
<tag>Assertion</tag>
<tag>Getter</tag>
<tag>PageContent</tag>
<doc>Returns the ``property`` of the element found by ``selector``.</doc>
<status status="PASS" start="2024-03-31T14:58:55.793058" elapsed="0.009540"/>
</kw>
<kw name="Get Property" owner="Browser">
<msg time="2024-03-31T14:58:55.811115" level="INFO">Property: 'São Paulo/SP'</msg>
<arg>input[name=addressCityUf]</arg>
<arg>value</arg>
<arg>equal</arg>
<arg>${dog_walker}[CityUf]</arg>
<tag>Assertion</tag>
<tag>Getter</tag>
<tag>PageContent</tag>
<doc>Returns the ``property`` of the element found by ``selector``.</doc>
<status status="PASS" start="2024-03-31T14:58:55.802598" elapsed="0.008517"/>
</kw>
<kw name="Fill Text" owner="Browser">
<msg time="2024-03-31T14:58:55.812621" level="INFO">Fills the text '1000' in the given field.</msg>
<arg>css=input[name=addressNumber]</arg>
<arg>${dog_walker}[Number]</arg>
<tag>PageContent</tag>
<tag>Setter</tag>
<doc>Clears and fills the given ``txt`` into the text field found by ``selector``.</doc>
<status status="PASS" start="2024-03-31T14:58:55.812621" elapsed="0.020045"/>
</kw>
<kw name="Fill Text" owner="Browser">
<msg time="2024-03-31T14:58:55.833675" level="INFO">Fills the text 'Apto 28' in the given field.</msg>
<arg>css=input[name=addressDetails]</arg>
<arg>${dog_walker}[Details]</arg>
<tag>PageContent</tag>
<tag>Setter</tag>
<doc>Clears and fills the given ``txt`` into the text field found by ``selector``.</doc>
<status status="PASS" start="2024-03-31T14:58:55.832666" elapsed="0.018537"/>
</kw>
<kw name="Upload File By Selector" owner="Browser">
<msg time="2024-03-31T14:58:55.852708" level="FAIL">ValueError: Nonexistent input file path 'C:\QAX\Projects\walkdog\testes\resources\fixtures\toretto.jpg'</msg>
<arg>css=input[type=file]</arg>
<arg>${EXECDIR}/resources/fixtures/${dog_walker}[cnh]</arg>
<tag>PageContent</tag>
<tag>Setter</tag>
<doc>Uploads file from `path` to file input element matched by selector.</doc>
<status status="FAIL" start="2024-03-31T14:58:55.851203" elapsed="0.002513">ValueError: Nonexistent input file path 'C:\QAX\Projects\walkdog\testes\resources\fixtures\toretto.jpg'</status>
</kw>
<kw name="Take Screenshot" owner="Browser">
<tag>PageContent</tag>
<doc>Takes a screenshot of the current window or element and saves it to disk.</doc>
<status status="NOT RUN" start="2024-03-31T14:58:55.854717" elapsed="0.000000"/>
</kw>
<arg>${dog_walker}</arg>
<status status="FAIL" start="2024-03-31T14:58:55.215500" elapsed="0.639217">ValueError: Nonexistent input file path 'C:\QAX\Projects\walkdog\testes\resources\fixtures\toretto.jpg'</status>
</kw>
<kw name="Sleep" owner="BuiltIn">
<arg>10</arg>
<doc>Pauses the test executed for the given time.</doc>
<status status="NOT RUN" start="2024-03-31T14:58:55.854717" elapsed="0.000000"/>
</kw>
<kw name="Submit signup forme" owner="signup">
<status status="NOT RUN" start="2024-03-31T14:58:55.854717" elapsed="0.000000"/>
</kw>
<kw name="Popup Should Be" owner="signup">
<arg>Recebemos o seu cadastro e em breve retornaremos o contato.</arg>
<status status="NOT RUN" start="2024-03-31T14:58:55.855719" elapsed="0.000000"/>
</kw>
<kw name="Finish session" owner="base">
<status status="NOT RUN" start="2024-03-31T14:58:55.855719" elapsed="0.000000"/>
</kw>
<status status="FAIL" start="2024-03-31T14:58:53.314009" elapsed="2.542710">ValueError: Nonexistent input file path 'C:\QAX\Projects\walkdog\testes\resources\fixtures\toretto.jpg'</status>
</test>
<doc>Suit de testes de cadasdro de dog walker</doc>
<status status="FAIL" start="2024-03-31T14:58:51.033907" elapsed="4.902961"/>
</suite>
<statistics>
<total>
<stat pass="0" fail="1" skip="0">All Tests</stat>
</total>
<tag>
</tag>
<suite>
<stat pass="0" fail="1" skip="0" id="s1" name="Signup">Signup</stat>
</suite>
</statistics>
<errors>
</errors>
</robot>
