<?xml version="1.0" encoding="UTF-8"?>
<robot generator="Robot 7.0 (Python 3.12.3 on win32)" generated="2024-05-17T13:57:15.308342" rpa="false" schemaversion="5">
<suite id="s1" name="Ecommerce" source="C:\Desafio_Robot_Framework\tests\ecommerce.robot">
<test id="s1-t1" name="realizar uma compra com sucesso" line="11">
<kw name="Start execution" owner="base" type="SETUP">
<kw name="Create Dictionary" owner="BuiltIn">
<msg time="2024-05-17T13:57:15.651962" level="INFO">${prefs} = {'credentials_enable_service': False}</msg>
<var>${prefs}</var>
<arg>credentials_enable_service=${false}</arg>
<doc>Creates and returns a dictionary based on the given ``items``.</doc>
<status status="PASS" start="2024-05-17T13:57:15.651962" elapsed="0.000000"/>
</kw>
<kw name="Open Browser" owner="SeleniumLibrary">
<msg time="2024-05-17T13:57:15.651962" level="INFO">Opening browser 'chrome' to base url 'https://www.advantageonlineshopping.com/#/'.</msg>
<arg>url=${page}</arg>
<arg>browser=chrome</arg>
<arg>options=add_argument("--disable-notifications")</arg>
<doc>Opens a new browser instance to the optional ``url``.</doc>
<status status="PASS" start="2024-05-17T13:57:15.651962" elapsed="5.433325"/>
</kw>
<status status="PASS" start="2024-05-17T13:57:15.651962" elapsed="5.433325"/>
</kw>
<kw name="Selecinar um produto" owner="ecommerce">
<kw name="Wait Until Element Is Visible" owner="SeleniumLibrary">
<arg>${id_layer}</arg>
<arg>${delay}</arg>
<doc>Waits until the element ``locator`` is visible.</doc>
<status status="PASS" start="2024-05-17T13:57:21.086311" elapsed="0.038752"/>
</kw>
<kw name="Page Should Contain Element" owner="SeleniumLibrary">
<msg time="2024-05-17T13:57:21.132580" level="INFO">Current page contains element 'css=[id="Layer_1"]'.</msg>
<arg>${id_layer}</arg>
<doc>Verifies that element ``locator`` is found on the current page.</doc>
<status status="PASS" start="2024-05-17T13:57:21.125063" elapsed="0.007517"/>
</kw>
<kw name="Wait Until Element Is Enabled" owner="SeleniumLibrary">
<arg>${id_speakersImg}</arg>
<arg>${delay}</arg>
<doc>Waits until the element ``locator`` is enabled.</doc>
<status status="PASS" start="2024-05-17T13:57:21.132580" elapsed="4.063599"/>
</kw>
<kw name="Sleep" owner="BuiltIn">
<msg time="2024-05-17T13:57:26.196461" level="INFO">Slept 1 second.</msg>
<arg>1</arg>
<doc>Pauses the test executed for the given time.</doc>
<status status="PASS" start="2024-05-17T13:57:25.196179" elapsed="1.000282"/>
</kw>
<kw name="Capture Page Screenshot" owner="SeleniumLibrary">
<msg time="2024-05-17T13:57:26.380236" level="INFO" html="true">&lt;/td&gt;&lt;/tr&gt;&lt;tr&gt;&lt;td colspan="3"&gt;&lt;a href="Screenshot/Evidencia12.png"&gt;&lt;img src="Screenshot/Evidencia12.png" width="800px"&gt;&lt;/a&gt;</msg>
<arg>${path}</arg>
<doc>Takes a screenshot of the current page and embeds it into a log file.</doc>
<status status="PASS" start="2024-05-17T13:57:26.196461" elapsed="0.183775"/>
</kw>
<kw name="Click Element" owner="SeleniumLibrary">
<msg time="2024-05-17T13:57:26.380236" level="INFO">Clicking element 'xpath=//*[@id="speakersImg"]'.</msg>
<arg>${id_speakersImg}</arg>
<doc>Click the element identified by ``locator``.</doc>
<status status="PASS" start="2024-05-17T13:57:26.380236" elapsed="0.064872"/>
</kw>
<status status="PASS" start="2024-05-17T13:57:21.085792" elapsed="5.359316"/>
</kw>
<kw name="Escolher produto" owner="ecommerce">
<kw name="Wait Until Element Is Visible" owner="SeleniumLibrary">
<arg>${id_produto}</arg>
<arg>${delay}</arg>
<doc>Waits until the element ``locator`` is visible.</doc>
<status status="PASS" start="2024-05-17T13:57:26.446111" elapsed="2.386142"/>
</kw>
<kw name="Click Image" owner="SeleniumLibrary">
<msg time="2024-05-17T13:57:28.832675" level="INFO">Clicking image 'css=[id="23"]'.</msg>
<arg>${id_produto}</arg>
<doc>Clicks an image identified by ``locator``.</doc>
<status status="PASS" start="2024-05-17T13:57:28.832253" elapsed="0.385270"/>
</kw>
<kw name="Sleep" owner="BuiltIn">
<msg time="2024-05-17T13:57:32.218315" level="INFO">Slept 3 seconds.</msg>
<arg>3</arg>
<doc>Pauses the test executed for the given time.</doc>
<status status="PASS" start="2024-05-17T13:57:29.218082" elapsed="3.000233"/>
</kw>
<kw name="Capture Page Screenshot" owner="SeleniumLibrary">
<msg time="2024-05-17T13:57:32.376958" level="INFO" html="true">&lt;/td&gt;&lt;/tr&gt;&lt;tr&gt;&lt;td colspan="3"&gt;&lt;a href="Screenshot/Evidencia13.png"&gt;&lt;img src="Screenshot/Evidencia13.png" width="800px"&gt;&lt;/a&gt;</msg>
<arg>${path}</arg>
<doc>Takes a screenshot of the current page and embeds it into a log file.</doc>
<status status="PASS" start="2024-05-17T13:57:32.218315" elapsed="0.158643"/>
</kw>
<for flavor="IN RANGE">
<iter>
<kw name="Wait Until Element Is Visible" owner="SeleniumLibrary">
<arg>${class_plus}</arg>
<arg>${delay}</arg>
<doc>Waits until the element ``locator`` is visible.</doc>
<status status="PASS" start="2024-05-17T13:57:32.376958" elapsed="0.025714"/>
</kw>
<kw name="Click Element" owner="SeleniumLibrary">
<msg time="2024-05-17T13:57:32.402672" level="INFO">Clicking element 'css=.plus'.</msg>
<arg>${class_plus}</arg>
<doc>Click the element identified by ``locator``.</doc>
<status status="PASS" start="2024-05-17T13:57:32.402672" elapsed="0.035407"/>
</kw>
<var name="${index}">1</var>
<status status="PASS" start="2024-05-17T13:57:32.376958" elapsed="0.061121"/>
</iter>
<iter>
<kw name="Wait Until Element Is Visible" owner="SeleniumLibrary">
<arg>${class_plus}</arg>
<arg>${delay}</arg>
<doc>Waits until the element ``locator`` is visible.</doc>
<status status="PASS" start="2024-05-17T13:57:32.438079" elapsed="0.016908"/>
</kw>
<kw name="Click Element" owner="SeleniumLibrary">
<msg time="2024-05-17T13:57:32.454987" level="INFO">Clicking element 'css=.plus'.</msg>
<arg>${class_plus}</arg>
<doc>Click the element identified by ``locator``.</doc>
<status status="PASS" start="2024-05-17T13:57:32.454987" elapsed="0.034335"/>
</kw>
<var name="${index}">2</var>
<status status="PASS" start="2024-05-17T13:57:32.438079" elapsed="0.051243"/>
</iter>
<iter>
<kw name="Wait Until Element Is Visible" owner="SeleniumLibrary">
<arg>${class_plus}</arg>
<arg>${delay}</arg>
<doc>Waits until the element ``locator`` is visible.</doc>
<status status="PASS" start="2024-05-17T13:57:32.489322" elapsed="0.023652"/>
</kw>
<kw name="Click Element" owner="SeleniumLibrary">
<msg time="2024-05-17T13:57:32.512974" level="INFO">Clicking element 'css=.plus'.</msg>
<arg>${class_plus}</arg>
<doc>Click the element identified by ``locator``.</doc>
<status status="PASS" start="2024-05-17T13:57:32.512974" elapsed="0.026845"/>
</kw>
<var name="${index}">3</var>
<status status="PASS" start="2024-05-17T13:57:32.489322" elapsed="0.050497"/>
</iter>
<iter>
<kw name="Wait Until Element Is Visible" owner="SeleniumLibrary">
<arg>${class_plus}</arg>
<arg>${delay}</arg>
<doc>Waits until the element ``locator`` is visible.</doc>
<status status="PASS" start="2024-05-17T13:57:32.539819" elapsed="0.015238"/>
</kw>
<kw name="Click Element" owner="SeleniumLibrary">
<msg time="2024-05-17T13:57:32.555617" level="INFO">Clicking element 'css=.plus'.</msg>
<arg>${class_plus}</arg>
<doc>Click the element identified by ``locator``.</doc>
<status status="PASS" start="2024-05-17T13:57:32.555617" elapsed="0.035260"/>
</kw>
<var name="${index}">4</var>
<status status="PASS" start="2024-05-17T13:57:32.539819" elapsed="0.051058"/>
</iter>
<var>${index}</var>
<value>1</value>
<value>5</value>
<value>1</value>
<status status="PASS" start="2024-05-17T13:57:32.376958" elapsed="0.213919"/>
</for>
<kw name="Sleep" owner="BuiltIn">
<msg time="2024-05-17T13:57:33.592315" level="INFO">Slept 1 second.</msg>
<arg>1</arg>
<doc>Pauses the test executed for the given time.</doc>
<status status="PASS" start="2024-05-17T13:57:32.590877" elapsed="1.001438"/>
</kw>
<kw name="Capture Page Screenshot" owner="SeleniumLibrary">
<msg time="2024-05-17T13:57:33.730283" level="INFO" html="true">&lt;/td&gt;&lt;/tr&gt;&lt;tr&gt;&lt;td colspan="3"&gt;&lt;a href="Screenshot/Evidencia14.png"&gt;&lt;img src="Screenshot/Evidencia14.png" width="800px"&gt;&lt;/a&gt;</msg>
<arg>${path}</arg>
<doc>Takes a screenshot of the current page and embeds it into a log file.</doc>
<status status="PASS" start="2024-05-17T13:57:33.592315" elapsed="0.137968"/>
</kw>
<kw name="Click Button" owner="SeleniumLibrary">
<msg time="2024-05-17T13:57:33.730283" level="INFO">Clicking button 'ADD TO CART'.</msg>
<arg>${button_add}</arg>
<doc>Clicks the button identified by ``locator``.</doc>
<status status="PASS" start="2024-05-17T13:57:33.730283" elapsed="0.058940"/>
</kw>
<status status="PASS" start="2024-05-17T13:57:26.446111" elapsed="7.343112"/>
</kw>
<kw name="Realizar checkout" owner="ecommerce">
<kw name="Mouse Over" owner="SeleniumLibrary">
<msg time="2024-05-17T13:57:33.789732" level="INFO">Simulating Mouse Over on element 'css=[id="menuCart"]'.</msg>
<arg>${id_menuCart}</arg>
<doc>Simulates hovering the mouse over the element ``locator``.</doc>
<status status="PASS" start="2024-05-17T13:57:33.789732" elapsed="0.292779"/>
</kw>
<kw name="Sleep" owner="BuiltIn">
<msg time="2024-05-17T13:57:35.082770" level="INFO">Slept 1 second.</msg>
<arg>1</arg>
<doc>Pauses the test executed for the given time.</doc>
<status status="PASS" start="2024-05-17T13:57:34.082511" elapsed="1.000259"/>
</kw>
<kw name="Capture Page Screenshot" owner="SeleniumLibrary">
<msg time="2024-05-17T13:57:35.201509" level="INFO" html="true">&lt;/td&gt;&lt;/tr&gt;&lt;tr&gt;&lt;td colspan="3"&gt;&lt;a href="Screenshot/Evidencia15.png"&gt;&lt;img src="Screenshot/Evidencia15.png" width="800px"&gt;&lt;/a&gt;</msg>
<arg>${path}</arg>
<doc>Takes a screenshot of the current page and embeds it into a log file.</doc>
<status status="PASS" start="2024-05-17T13:57:35.082770" elapsed="0.118739"/>
</kw>
<kw name="Wait Until Element Is Visible" owner="SeleniumLibrary">
<arg>${id_checkOutPopUp}</arg>
<arg>${delay}</arg>
<doc>Waits until the element ``locator`` is visible.</doc>
<status status="PASS" start="2024-05-17T13:57:35.201509" elapsed="0.015623"/>
</kw>
<kw name="Click Button" owner="SeleniumLibrary">
<msg time="2024-05-17T13:57:35.217132" level="INFO">Clicking button 'xpath=//*[@id="checkOutPopUp"]'.</msg>
<arg>${id_checkOutPopUp}</arg>
<doc>Clicks the button identified by ``locator``.</doc>
<status status="PASS" start="2024-05-17T13:57:35.217132" elapsed="0.054960"/>
</kw>
<kw name="Wait Until Element Is Visible" owner="SeleniumLibrary">
<arg>${id_qtd_item}</arg>
<arg>${delay}</arg>
<doc>Waits until the element ``locator`` is visible.</doc>
<status status="PASS" start="2024-05-17T13:57:35.272092" elapsed="0.245172"/>
</kw>
<kw name="Element Text Should Be" owner="SeleniumLibrary">
<msg time="2024-05-17T13:57:35.518252" level="INFO">Verifying element '//*[@id="userCart"]/span' contains exact text '5 ITEMS'.</msg>
<arg>${id_qtd_item}</arg>
<arg>${qtd_itens}</arg>
<doc>Verifies that element ``locator`` contains exact the text ``expected``.</doc>
<status status="PASS" start="2024-05-17T13:57:35.518252" elapsed="0.020061"/>
</kw>
<kw name="Wait Until Element Is Not Visible" owner="SeleniumLibrary">
<arg>${id_checkOutPopUp}</arg>
<arg>${delay}</arg>
<doc>Waits until the element ``locator`` is not visible.</doc>
<status status="PASS" start="2024-05-17T13:57:35.538313" elapsed="3.629425"/>
</kw>
<kw name="Sleep" owner="BuiltIn">
<msg time="2024-05-17T13:57:40.168285" level="INFO">Slept 1 second.</msg>
<arg>1</arg>
<doc>Pauses the test executed for the given time.</doc>
<status status="PASS" start="2024-05-17T13:57:39.167738" elapsed="1.000547"/>
</kw>
<kw name="Capture Page Screenshot" owner="SeleniumLibrary">
<msg time="2024-05-17T13:57:40.249125" level="INFO" html="true">&lt;/td&gt;&lt;/tr&gt;&lt;tr&gt;&lt;td colspan="3"&gt;&lt;a href="Screenshot/Evidencia16.png"&gt;&lt;img src="Screenshot/Evidencia16.png" width="800px"&gt;&lt;/a&gt;</msg>
<arg>${path}</arg>
<doc>Takes a screenshot of the current page and embeds it into a log file.</doc>
<status status="PASS" start="2024-05-17T13:57:40.168285" elapsed="0.080840"/>
</kw>
<status status="PASS" start="2024-05-17T13:57:33.789732" elapsed="6.459393"/>
</kw>
<kw name="verificar usuario" owner="ecommerce">
<if>
<branch type="IF" condition="$new_account == &quot;SIM&quot;">
<kw name="Click Button" owner="SeleniumLibrary">
<arg>${button_registration}</arg>
<doc>Clicks the button identified by ``locator``.</doc>
<status status="NOT RUN" start="2024-05-17T13:57:40.250844" elapsed="0.000000"/>
</kw>
<kw name="Account details" owner="ecommerce">
<status status="NOT RUN" start="2024-05-17T13:57:40.250844" elapsed="0.000000"/>
</kw>
<kw name="Personal details" owner="ecommerce">
<status status="NOT RUN" start="2024-05-17T13:57:40.250844" elapsed="0.000000"/>
</kw>
<kw name="Consultar cep" owner="ecommerce">
<status status="NOT RUN" start="2024-05-17T13:57:40.250844" elapsed="0.000000"/>
</kw>
<kw name="Endereço" owner="ecommerce">
<status status="NOT RUN" start="2024-05-17T13:57:40.251841" elapsed="0.000000"/>
</kw>
<kw name="Confirmar cadastro" owner="ecommerce">
<status status="NOT RUN" start="2024-05-17T13:57:40.251841" elapsed="0.000000"/>
</kw>
<status status="NOT RUN" start="2024-05-17T13:57:40.250844" elapsed="0.000997"/>
</branch>
<branch type="ELSE">
<kw name="logar usuario" owner="ecommerce">
<kw name="Input Text" owner="SeleniumLibrary">
<msg time="2024-05-17T13:57:40.251841" level="INFO">Typing text 'Usuarioteste28' into text field 'css=[name="usernameInOrderPayment"]'.</msg>
<arg>${name_usernameInOrderPayment}</arg>
<arg>${usuario_cadastrado}</arg>
<doc>Types the given ``text`` into the text field identified by ``locator``.</doc>
<status status="PASS" start="2024-05-17T13:57:40.251841" elapsed="0.106307"/>
</kw>
<kw name="Input Text" owner="SeleniumLibrary">
<msg time="2024-05-17T13:57:40.358659" level="INFO">Typing text '12Qazxsw' into text field 'css=[name="passwordInOrderPayment"]'.</msg>
<arg>${name_passwordInOrderPayment}</arg>
<arg>${new_user}[password]</arg>
<doc>Types the given ``text`` into the text field identified by ``locator``.</doc>
<status status="PASS" start="2024-05-17T13:57:40.358659" elapsed="0.074393"/>
</kw>
<kw name="Sleep" owner="BuiltIn">
<msg time="2024-05-17T13:57:41.433673" level="INFO">Slept 1 second.</msg>
<arg>1</arg>
<doc>Pauses the test executed for the given time.</doc>
<status status="PASS" start="2024-05-17T13:57:40.433052" elapsed="1.000621"/>
</kw>
<kw name="Capture Page Screenshot" owner="SeleniumLibrary">
<msg time="2024-05-17T13:57:41.528022" level="INFO" html="true">&lt;/td&gt;&lt;/tr&gt;&lt;tr&gt;&lt;td colspan="3"&gt;&lt;a href="Screenshot/Evidencia17.png"&gt;&lt;img src="Screenshot/Evidencia17.png" width="800px"&gt;&lt;/a&gt;</msg>
<arg>${path}</arg>
<doc>Takes a screenshot of the current page and embeds it into a log file.</doc>
<status status="PASS" start="2024-05-17T13:57:41.433673" elapsed="0.094349"/>
</kw>
<kw name="Click Button" owner="SeleniumLibrary">
<msg time="2024-05-17T13:57:41.529104" level="INFO">Clicking button 'css=[id="login_btn"]'.</msg>
<arg>${id_login_btn}</arg>
<doc>Clicks the button identified by ``locator``.</doc>
<status status="PASS" start="2024-05-17T13:57:41.529104" elapsed="0.058228"/>
</kw>
<kw name="Wait Until Element Is Visible" owner="SeleniumLibrary">
<arg>${class_hi-use}</arg>
<arg>${delay}</arg>
<doc>Waits until the element ``locator`` is visible.</doc>
<status status="PASS" start="2024-05-17T13:57:41.587332" elapsed="0.438310"/>
</kw>
<kw name="Element Text Should Be" owner="SeleniumLibrary">
<msg time="2024-05-17T13:57:42.025642" level="INFO">Verifying element 'css=[class="hi-user containMiniTitle ng-binding"]' contains exact text 'Usuarioteste28'.</msg>
<arg>${class_hi-use}</arg>
<arg>${usuario_cadastrado}</arg>
<doc>Verifies that element ``locator`` contains exact the text ``expected``.</doc>
<status status="PASS" start="2024-05-17T13:57:42.025642" elapsed="0.008939"/>
</kw>
<kw name="Element Text Should Be" owner="SeleniumLibrary">
<msg time="2024-05-17T13:57:42.035579" level="INFO">Verifying element 'xpath=//*[@id="userCart"]/span' contains exact text '5 ITEMS'.</msg>
<arg>${id_userCart}</arg>
<arg>${qtd_itens}</arg>
<doc>Verifies that element ``locator`` contains exact the text ``expected``.</doc>
<status status="PASS" start="2024-05-17T13:57:42.035579" elapsed="0.008782"/>
</kw>
<kw name="Wait Until Element Is Visible" owner="SeleniumLibrary">
<arg>${btn_next}</arg>
<arg>${delay}</arg>
<doc>Waits until the element ``locator`` is visible.</doc>
<status status="PASS" start="2024-05-17T13:57:42.044361" elapsed="2.782977"/>
</kw>
<kw name="Sleep" owner="BuiltIn">
<msg time="2024-05-17T13:57:45.827719" level="INFO">Slept 1 second.</msg>
<arg>1</arg>
<doc>Pauses the test executed for the given time.</doc>
<status status="PASS" start="2024-05-17T13:57:44.827338" elapsed="1.000381"/>
</kw>
<kw name="Capture Page Screenshot" owner="SeleniumLibrary">
<msg time="2024-05-17T13:57:45.910796" level="INFO" html="true">&lt;/td&gt;&lt;/tr&gt;&lt;tr&gt;&lt;td colspan="3"&gt;&lt;a href="Screenshot/Evidencia18.png"&gt;&lt;img src="Screenshot/Evidencia18.png" width="800px"&gt;&lt;/a&gt;</msg>
<arg>${path}</arg>
<doc>Takes a screenshot of the current page and embeds it into a log file.</doc>
<status status="PASS" start="2024-05-17T13:57:45.827719" elapsed="0.083077"/>
</kw>
<kw name="Click Button" owner="SeleniumLibrary">
<msg time="2024-05-17T13:57:45.910796" level="INFO">Clicking button 'css=#next_btn'.</msg>
<arg>${btn_next}</arg>
<doc>Clicks the button identified by ``locator``.</doc>
<status status="PASS" start="2024-05-17T13:57:45.910796" elapsed="0.067014"/>
</kw>
<status status="PASS" start="2024-05-17T13:57:40.251841" elapsed="5.725969"/>
</kw>
<status status="PASS" start="2024-05-17T13:57:40.251841" elapsed="5.725969"/>
</branch>
<status status="PASS" start="2024-05-17T13:57:40.250844" elapsed="5.726966"/>
</if>
<status status="PASS" start="2024-05-17T13:57:40.249125" elapsed="5.729119"/>
</kw>
<kw name="Pagamento" owner="ecommerce">
<if>
<branch type="IF" condition="$tipo_pagamento == &quot;safepay&quot;">
<kw name="Click Element" owner="SeleniumLibrary">
<arg>${id_safepay}</arg>
<doc>Click the element identified by ``locator``.</doc>
<status status="NOT RUN" start="2024-05-17T13:57:45.978244" elapsed="0.000000"/>
</kw>
<kw name="Input Text" owner="SeleniumLibrary">
<arg>${safepay_username}</arg>
<arg>${new_user}[name]</arg>
<doc>Types the given ``text`` into the text field identified by ``locator``.</doc>
<status status="NOT RUN" start="2024-05-17T13:57:45.978244" elapsed="0.000000"/>
</kw>
<kw name="Input Text" owner="SeleniumLibrary">
<arg>${safepay_password}</arg>
<arg>${new_user}[password]</arg>
<doc>Types the given ``text`` into the text field identified by ``locator``.</doc>
<status status="NOT RUN" start="2024-05-17T13:57:45.978244" elapsed="0.000000"/>
</kw>
<kw name="Sleep" owner="BuiltIn">
<arg>1</arg>
<doc>Pauses the test executed for the given time.</doc>
<status status="NOT RUN" start="2024-05-17T13:57:45.978244" elapsed="0.000000"/>
</kw>
<kw name="Capture Page Screenshot" owner="SeleniumLibrary">
<arg>${path}</arg>
<doc>Takes a screenshot of the current page and embeds it into a log file.</doc>
<status status="NOT RUN" start="2024-05-17T13:57:45.978244" elapsed="0.000000"/>
</kw>
<kw name="Click Button" owner="SeleniumLibrary">
<arg>${button_pay_now}</arg>
<doc>Clicks the button identified by ``locator``.</doc>
<status status="NOT RUN" start="2024-05-17T13:57:45.978244" elapsed="0.000000"/>
</kw>
<status status="NOT RUN" start="2024-05-17T13:57:45.978244" elapsed="0.000000"/>
</branch>
<branch type="ELSE">
<kw name="Click Element" owner="SeleniumLibrary">
<msg time="2024-05-17T13:57:45.978244" level="INFO">Clicking element 'css=[name="masterCredit"]'.</msg>
<arg>${btn_masterCredit}</arg>
<doc>Click the element identified by ``locator``.</doc>
<status status="PASS" start="2024-05-17T13:57:45.978244" elapsed="0.041785"/>
</kw>
<kw name="Wait Until Element Is Visible" owner="SeleniumLibrary">
<arg>${id=creditCard}</arg>
<arg>${delay}</arg>
<doc>Waits until the element ``locator`` is visible.</doc>
<status status="PASS" start="2024-05-17T13:57:46.021126" elapsed="0.021962"/>
</kw>
<kw name="Input Text" owner="SeleniumLibrary">
<msg time="2024-05-17T13:57:46.043088" level="INFO">Typing text '4886 4886 4886' into text field 'css=[id="creditCard"]'.</msg>
<arg>${id=creditCard}</arg>
<arg>${credit_card}[number]</arg>
<doc>Types the given ``text`` into the text field identified by ``locator``.</doc>
<status status="PASS" start="2024-05-17T13:57:46.043088" elapsed="0.077903"/>
</kw>
<kw name="Input Text" owner="SeleniumLibrary">
<msg time="2024-05-17T13:57:46.120991" level="INFO">Typing text '1111' into text field 'css=[name="cvv_number"]'.</msg>
<arg>${name_cvv_number}</arg>
<arg>${credit_card}[cvv]</arg>
<doc>Types the given ``text`` into the text field identified by ``locator``.</doc>
<status status="PASS" start="2024-05-17T13:57:46.120991" elapsed="0.070222"/>
</kw>
<kw name="Select From List By Label" owner="SeleniumLibrary">
<msg time="2024-05-17T13:57:46.191213" level="INFO">Selecting options from selection list 'css=select[name="mmListbox"]' by label 01.</msg>
<arg>${name_mmListbox}</arg>
<arg>${credit_card}[month]</arg>
<doc>Selects options from selection list ``locator`` by ``labels``.</doc>
<status status="PASS" start="2024-05-17T13:57:46.191213" elapsed="0.064040"/>
</kw>
<kw name="Select From List By Label" owner="SeleniumLibrary">
<msg time="2024-05-17T13:57:46.255253" level="INFO">Selecting options from selection list 'css=select[name="yyyyListbox"]' by label 2033.</msg>
<arg>${name_yyyyListbox}</arg>
<arg>${credit_card}[year]</arg>
<doc>Selects options from selection list ``locator`` by ``labels``.</doc>
<status status="PASS" start="2024-05-17T13:57:46.255253" elapsed="0.066035"/>
</kw>
<kw name="Input Text" owner="SeleniumLibrary">
<msg time="2024-05-17T13:57:46.322302" level="INFO">Typing text 'Usuarioteste28' into text field 'css=[name="cardholder_name"]'.</msg>
<arg>${name_cardholder_name}</arg>
<arg>${usuario_cadastrado}</arg>
<doc>Types the given ``text`` into the text field identified by ``locator``.</doc>
<status status="PASS" start="2024-05-17T13:57:46.321288" elapsed="0.111776"/>
</kw>
<kw name="Click Element" owner="SeleniumLibrary">
<msg time="2024-05-17T13:57:46.433587" level="INFO">Clicking element 'css=[name="save_master_credit"]'.</msg>
<arg>${name_save_master_credit}</arg>
<doc>Click the element identified by ``locator``.</doc>
<status status="PASS" start="2024-05-17T13:57:46.433587" elapsed="0.049140"/>
</kw>
<kw name="Sleep" owner="BuiltIn">
<msg time="2024-05-17T13:57:47.483324" level="INFO">Slept 1 second.</msg>
<arg>1</arg>
<doc>Pauses the test executed for the given time.</doc>
<status status="PASS" start="2024-05-17T13:57:46.482727" elapsed="1.000597"/>
</kw>
<kw name="Capture Page Screenshot" owner="SeleniumLibrary">
<msg time="2024-05-17T13:57:47.593136" level="INFO" html="true">&lt;/td&gt;&lt;/tr&gt;&lt;tr&gt;&lt;td colspan="3"&gt;&lt;a href="Screenshot/Evidencia19.png"&gt;&lt;img src="Screenshot/Evidencia19.png" width="800px"&gt;&lt;/a&gt;</msg>
<arg>${path}</arg>
<doc>Takes a screenshot of the current page and embeds it into a log file.</doc>
<status status="PASS" start="2024-05-17T13:57:47.483324" elapsed="0.109812"/>
</kw>
<kw name="Sleep" owner="BuiltIn">
<msg time="2024-05-17T13:57:48.593785" level="INFO">Slept 1 second.</msg>
<arg>1</arg>
<doc>Pauses the test executed for the given time.</doc>
<status status="PASS" start="2024-05-17T13:57:47.593136" elapsed="1.000649"/>
</kw>
<kw name="Click Button" owner="SeleniumLibrary">
<msg time="2024-05-17T13:57:48.593785" level="INFO">Clicking button 'css=[id="pay_now_btn_ManualPayment"]'.</msg>
<arg>${id_pay_now_btn_ManualPayment}</arg>
<doc>Clicks the button identified by ``locator``.</doc>
<status status="PASS" start="2024-05-17T13:57:48.593785" elapsed="0.059609"/>
</kw>
<status status="PASS" start="2024-05-17T13:57:45.978244" elapsed="2.675150"/>
</branch>
<status status="PASS" start="2024-05-17T13:57:45.978244" elapsed="2.675150"/>
</if>
<status status="PASS" start="2024-05-17T13:57:45.978244" elapsed="2.675150"/>
</kw>
<kw name="Validar pedido" owner="ecommerce">
<kw name="Wait Until Element Is Visible" owner="SeleniumLibrary">
<msg time="2024-05-17T13:57:58.923364" level="INFO" html="true">&lt;/td&gt;&lt;/tr&gt;&lt;tr&gt;&lt;td colspan="3"&gt;&lt;a href="selenium-screenshot-5.png"&gt;&lt;img src="selenium-screenshot-5.png" width="800px"&gt;&lt;/a&gt;</msg>
<msg time="2024-05-17T13:57:58.923364" level="FAIL">Element 'css=[class="roboto-regular ng-scope"]' not visible after 10 seconds.</msg>
<arg>${message_finish}</arg>
<arg>${delay}</arg>
<doc>Waits until the element ``locator`` is visible.</doc>
<status status="FAIL" start="2024-05-17T13:57:48.654397" elapsed="10.268967">Element 'css=[class="roboto-regular ng-scope"]' not visible after 10 seconds.</status>
</kw>
<kw name="Sleep" owner="BuiltIn">
<arg>1</arg>
<doc>Pauses the test executed for the given time.</doc>
<status status="NOT RUN" start="2024-05-17T13:57:58.923364" elapsed="0.000000"/>
</kw>
<kw name="Capture Page Screenshot" owner="SeleniumLibrary">
<arg>${path}</arg>
<doc>Takes a screenshot of the current page and embeds it into a log file.</doc>
<status status="NOT RUN" start="2024-05-17T13:57:58.923364" elapsed="0.000000"/>
</kw>
<kw name="Element Text Should Be" owner="SeleniumLibrary">
<arg>${message_finish}</arg>
<arg>${expected_message}</arg>
<doc>Verifies that element ``locator`` contains exact the text ``expected``.</doc>
<status status="NOT RUN" start="2024-05-17T13:57:58.923364" elapsed="0.000000"/>
</kw>
<kw name="Get Text" owner="SeleniumLibrary">
<var>${tracking_number}</var>
<arg>${id_trackingNumberLabel}</arg>
<doc>Returns the text value of the element identified by ``locator``.</doc>
<status status="NOT RUN" start="2024-05-17T13:57:58.923364" elapsed="0.000000"/>
</kw>
<kw name="Get Text" owner="SeleniumLibrary">
<var>${order_number}</var>
<arg>${id_orderNumberLabel}</arg>
<doc>Returns the text value of the element identified by ``locator``.</doc>
<status status="NOT RUN" start="2024-05-17T13:57:58.923364" elapsed="0.000000"/>
</kw>
<kw name="Create List" owner="BuiltIn">
<var>${list}</var>
<arg>${tracking_number}</arg>
<arg>${order_number}</arg>
<doc>Returns a list containing given items.</doc>
<status status="NOT RUN" start="2024-05-17T13:57:58.923364" elapsed="0.000000"/>
</kw>
<kw name="Log" owner="BuiltIn">
<arg>${list}</arg>
<doc>Logs the given message with the given level.</doc>
<status status="NOT RUN" start="2024-05-17T13:57:58.923364" elapsed="0.000000"/>
</kw>
<status status="FAIL" start="2024-05-17T13:57:48.654397" elapsed="10.268967">Element 'css=[class="roboto-regular ng-scope"]' not visible after 10 seconds.</status>
</kw>
<kw name="Finish execution" owner="base" type="TEARDOWN">
<kw name="Close Browser" owner="SeleniumLibrary">
<doc>Closes the current browser.</doc>
<status status="PASS" start="2024-05-17T13:57:58.923364" elapsed="2.230625"/>
</kw>
<status status="PASS" start="2024-05-17T13:57:58.923364" elapsed="2.230625"/>
</kw>
<status status="FAIL" start="2024-05-17T13:57:15.651962" elapsed="45.502791">Element 'css=[class="roboto-regular ng-scope"]' not visible after 10 seconds.</status>
</test>
<doc>Realizar compra em um site de ecomerce</doc>
<status status="FAIL" start="2024-05-17T13:57:15.308342" elapsed="45.849351"/>
</suite>
<statistics>
<total>
<stat pass="0" fail="1" skip="0">All Tests</stat>
</total>
<tag>
</tag>
<suite>
<stat pass="0" fail="1" skip="0" id="s1" name="Ecommerce">Ecommerce</stat>
</suite>
</statistics>
<errors>
</errors>
</robot>
