<?xml version="1.0" encoding="UTF-8"?>
<robot generator="Robot 7.0 (Python 3.12.3 on win32)" generated="2024-06-09T23:07:42.533836" rpa="false" schemaversion="5">
<suite id="s1" name="Ecommerce" source="C:\QAX\Projects\RobotFramework\Desafio_Robot_Framework\tests\ecommerce.robot">
<test id="s1-t1" name="realizar uma compra com sucesso" line="13">
<kw name="Start execution" owner="base" type="SETUP">
<kw name="Create Dictionary" owner="BuiltIn">
<msg time="2024-06-09T23:07:42.882579" level="INFO">${prefs} = {'credentials_enable_service': False}</msg>
<var>${prefs}</var>
<arg>credentials_enable_service=${false}</arg>
<doc>Creates and returns a dictionary based on the given ``items``.</doc>
<status status="PASS" start="2024-06-09T23:07:42.882579" elapsed="0.000000"/>
</kw>
<kw name="Open Browser" owner="SeleniumLibrary">
<msg time="2024-06-09T23:07:42.882579" level="INFO">Opening browser 'chrome' to base url 'https://www.advantageonlineshopping.com/#/'.</msg>
<arg>url=${page}</arg>
<arg>browser=chrome</arg>
<arg>options=add_argument("--disable-notifications")</arg>
<doc>Opens a new browser instance to the optional ``url``.</doc>
<status status="PASS" start="2024-06-09T23:07:42.882579" elapsed="6.359654"/>
</kw>
<kw name="Maximize Browser Window" owner="SeleniumLibrary">
<doc>Maximizes current browser window.</doc>
<status status="PASS" start="2024-06-09T23:07:49.242233" elapsed="0.039009"/>
</kw>
<status status="PASS" start="2024-06-09T23:07:42.882579" elapsed="6.398663"/>
</kw>
<kw name="Selecinar um produto" owner="ecommerce">
<kw name="Wait Until Element Is Visible" owner="SeleniumLibrary">
<arg>${id_layer}</arg>
<arg>${delay}</arg>
<doc>Waits until the element ``locator`` is visible.</doc>
<status status="PASS" start="2024-06-09T23:07:49.282258" elapsed="0.034092"/>
</kw>
<kw name="Page Should Contain Element" owner="SeleniumLibrary">
<msg time="2024-06-09T23:07:49.327232" level="INFO">Current page contains element 'css=[id="Layer_1"]'.</msg>
<arg>${id_layer}</arg>
<doc>Verifies that element ``locator`` is found on the current page.</doc>
<status status="PASS" start="2024-06-09T23:07:49.316350" elapsed="0.010882"/>
</kw>
<kw name="Wait Until Element Is Enabled" owner="SeleniumLibrary">
<arg>${id_speakersImg}</arg>
<arg>${delay}</arg>
<doc>Waits until the element ``locator`` is enabled.</doc>
<status status="PASS" start="2024-06-09T23:07:49.327232" elapsed="2.799270"/>
</kw>
<kw name="Sleep" owner="BuiltIn">
<msg time="2024-06-09T23:07:53.126939" level="INFO">Slept 1 second.</msg>
<arg>1</arg>
<doc>Pauses the test executed for the given time.</doc>
<status status="PASS" start="2024-06-09T23:07:52.126502" elapsed="1.000437"/>
</kw>
<kw name="Capture Page Screenshot" owner="SeleniumLibrary">
<msg time="2024-06-09T23:07:53.500826" level="INFO" html="true">&lt;/td&gt;&lt;/tr&gt;&lt;tr&gt;&lt;td colspan="3"&gt;&lt;a href="Screenshot/Evidencia0000000082.png"&gt;&lt;img src="Screenshot/Evidencia0000000082.png" width="800px"&gt;&lt;/a&gt;</msg>
<arg>${evidencia_eccomerce}</arg>
<doc>Takes a screenshot of the current page and embeds it into a log file.</doc>
<status status="PASS" start="2024-06-09T23:07:53.126939" elapsed="0.373887"/>
</kw>
<kw name="Click Element" owner="SeleniumLibrary">
<msg time="2024-06-09T23:07:53.500826" level="INFO">Clicking element 'xpath=//*[@id="speakersImg"]'.</msg>
<arg>${id_speakersImg}</arg>
<doc>Click the element identified by ``locator``.</doc>
<status status="PASS" start="2024-06-09T23:07:53.500826" elapsed="0.046412"/>
</kw>
<status status="PASS" start="2024-06-09T23:07:49.282258" elapsed="4.264980"/>
</kw>
<kw name="Escolher produto" owner="ecommerce">
<kw name="Wait Until Element Is Visible" owner="SeleniumLibrary">
<arg>${id_produto}</arg>
<arg>${delay}</arg>
<doc>Waits until the element ``locator`` is visible.</doc>
<status status="PASS" start="2024-06-09T23:07:53.548257" elapsed="1.105819"/>
</kw>
<kw name="Click Image" owner="SeleniumLibrary">
<msg time="2024-06-09T23:07:54.654076" level="INFO">Clicking image 'css=[id="23"]'.</msg>
<arg>${id_produto}</arg>
<doc>Clicks an image identified by ``locator``.</doc>
<status status="PASS" start="2024-06-09T23:07:54.654076" elapsed="0.385864"/>
</kw>
<kw name="Sleep" owner="BuiltIn">
<msg time="2024-06-09T23:07:58.040085" level="INFO">Slept 3 seconds.</msg>
<arg>3</arg>
<doc>Pauses the test executed for the given time.</doc>
<status status="PASS" start="2024-06-09T23:07:55.039940" elapsed="3.000295"/>
</kw>
<kw name="Capture Page Screenshot" owner="SeleniumLibrary">
<msg time="2024-06-09T23:07:58.167904" level="INFO" html="true">&lt;/td&gt;&lt;/tr&gt;&lt;tr&gt;&lt;td colspan="3"&gt;&lt;a href="Screenshot/Evidencia0000000083.png"&gt;&lt;img src="Screenshot/Evidencia0000000083.png" width="800px"&gt;&lt;/a&gt;</msg>
<arg>${evidencia_eccomerce}</arg>
<doc>Takes a screenshot of the current page and embeds it into a log file.</doc>
<status status="PASS" start="2024-06-09T23:07:58.040235" elapsed="0.127669"/>
</kw>
<for flavor="IN RANGE">
<iter>
<kw name="Wait Until Element Is Visible" owner="SeleniumLibrary">
<arg>${class_plus}</arg>
<arg>${delay}</arg>
<doc>Waits until the element ``locator`` is visible.</doc>
<status status="PASS" start="2024-06-09T23:07:58.167904" elapsed="0.030126"/>
</kw>
<kw name="Click Element" owner="SeleniumLibrary">
<msg time="2024-06-09T23:07:58.198441" level="INFO">Clicking element 'css=.plus'.</msg>
<arg>${class_plus}</arg>
<doc>Click the element identified by ``locator``.</doc>
<status status="PASS" start="2024-06-09T23:07:58.198441" elapsed="0.054998"/>
</kw>
<var name="${index}">1</var>
<status status="PASS" start="2024-06-09T23:07:58.167904" elapsed="0.085535"/>
</iter>
<iter>
<kw name="Wait Until Element Is Visible" owner="SeleniumLibrary">
<arg>${class_plus}</arg>
<arg>${delay}</arg>
<doc>Waits until the element ``locator`` is visible.</doc>
<status status="PASS" start="2024-06-09T23:07:58.253944" elapsed="0.021312"/>
</kw>
<kw name="Click Element" owner="SeleniumLibrary">
<msg time="2024-06-09T23:07:58.276271" level="INFO">Clicking element 'css=.plus'.</msg>
<arg>${class_plus}</arg>
<doc>Click the element identified by ``locator``.</doc>
<status status="PASS" start="2024-06-09T23:07:58.275256" elapsed="0.032857"/>
</kw>
<var name="${index}">2</var>
<status status="PASS" start="2024-06-09T23:07:58.253439" elapsed="0.054674"/>
</iter>
<iter>
<kw name="Wait Until Element Is Visible" owner="SeleniumLibrary">
<arg>${class_plus}</arg>
<arg>${delay}</arg>
<doc>Waits until the element ``locator`` is visible.</doc>
<status status="PASS" start="2024-06-09T23:07:58.308113" elapsed="0.017622"/>
</kw>
<kw name="Click Element" owner="SeleniumLibrary">
<msg time="2024-06-09T23:07:58.326258" level="INFO">Clicking element 'css=.plus'.</msg>
<arg>${class_plus}</arg>
<doc>Click the element identified by ``locator``.</doc>
<status status="PASS" start="2024-06-09T23:07:58.326258" elapsed="0.028354"/>
</kw>
<var name="${index}">3</var>
<status status="PASS" start="2024-06-09T23:07:58.308113" elapsed="0.046499"/>
</iter>
<iter>
<kw name="Wait Until Element Is Visible" owner="SeleniumLibrary">
<arg>${class_plus}</arg>
<arg>${delay}</arg>
<doc>Waits until the element ``locator`` is visible.</doc>
<status status="PASS" start="2024-06-09T23:07:58.354612" elapsed="0.015882"/>
</kw>
<kw name="Click Element" owner="SeleniumLibrary">
<msg time="2024-06-09T23:07:58.370494" level="INFO">Clicking element 'css=.plus'.</msg>
<arg>${class_plus}</arg>
<doc>Click the element identified by ``locator``.</doc>
<status status="PASS" start="2024-06-09T23:07:58.370494" elapsed="0.012339"/>
</kw>
<var name="${index}">4</var>
<status status="PASS" start="2024-06-09T23:07:58.354612" elapsed="0.028221"/>
</iter>
<var>${index}</var>
<value>1</value>
<value>5</value>
<value>1</value>
<status status="PASS" start="2024-06-09T23:07:58.167904" elapsed="0.214929"/>
</for>
<kw name="Sleep" owner="BuiltIn">
<msg time="2024-06-09T23:07:59.382886" level="INFO">Slept 1 second.</msg>
<arg>1</arg>
<doc>Pauses the test executed for the given time.</doc>
<status status="PASS" start="2024-06-09T23:07:58.382833" elapsed="1.000053"/>
</kw>
<kw name="Capture Page Screenshot" owner="SeleniumLibrary">
<msg time="2024-06-09T23:07:59.529434" level="INFO" html="true">&lt;/td&gt;&lt;/tr&gt;&lt;tr&gt;&lt;td colspan="3"&gt;&lt;a href="Screenshot/Evidencia0000000084.png"&gt;&lt;img src="Screenshot/Evidencia0000000084.png" width="800px"&gt;&lt;/a&gt;</msg>
<arg>${evidencia_eccomerce}</arg>
<doc>Takes a screenshot of the current page and embeds it into a log file.</doc>
<status status="PASS" start="2024-06-09T23:07:59.383391" elapsed="0.146043"/>
</kw>
<kw name="Click Button" owner="SeleniumLibrary">
<msg time="2024-06-09T23:07:59.529434" level="INFO">Clicking button 'ADD TO CART'.</msg>
<arg>${button_add}</arg>
<doc>Clicks the button identified by ``locator``.</doc>
<status status="PASS" start="2024-06-09T23:07:59.529434" elapsed="0.074758"/>
</kw>
<status status="PASS" start="2024-06-09T23:07:53.548257" elapsed="6.055935"/>
</kw>
<kw name="Realizar checkout" owner="ecommerce">
<kw name="Mouse Over" owner="SeleniumLibrary">
<msg time="2024-06-09T23:07:59.607114" level="INFO">Simulating Mouse Over on element 'css=[id="menuCart"]'.</msg>
<arg>${id_menuCart}</arg>
<doc>Simulates hovering the mouse over the element ``locator``.</doc>
<status status="PASS" start="2024-06-09T23:07:59.607114" elapsed="0.310117"/>
</kw>
<kw name="Sleep" owner="BuiltIn">
<msg time="2024-06-09T23:08:00.917417" level="INFO">Slept 1 second.</msg>
<arg>1</arg>
<doc>Pauses the test executed for the given time.</doc>
<status status="PASS" start="2024-06-09T23:07:59.917231" elapsed="1.000186"/>
</kw>
<kw name="Capture Page Screenshot" owner="SeleniumLibrary">
<msg time="2024-06-09T23:08:01.098482" level="INFO" html="true">&lt;/td&gt;&lt;/tr&gt;&lt;tr&gt;&lt;td colspan="3"&gt;&lt;a href="Screenshot/Evidencia0000000085.png"&gt;&lt;img src="Screenshot/Evidencia0000000085.png" width="800px"&gt;&lt;/a&gt;</msg>
<arg>${evidencia_eccomerce}</arg>
<doc>Takes a screenshot of the current page and embeds it into a log file.</doc>
<status status="PASS" start="2024-06-09T23:08:00.917417" elapsed="0.181065"/>
</kw>
<kw name="Wait Until Element Is Visible" owner="SeleniumLibrary">
<arg>${id_checkOutPopUp}</arg>
<arg>${delay}</arg>
<doc>Waits until the element ``locator`` is visible.</doc>
<status status="PASS" start="2024-06-09T23:08:01.098482" elapsed="0.018643"/>
</kw>
<kw name="Click Button" owner="SeleniumLibrary">
<msg time="2024-06-09T23:08:01.118126" level="INFO">Clicking button 'xpath=//*[@id="checkOutPopUp"]'.</msg>
<arg>${id_checkOutPopUp}</arg>
<doc>Clicks the button identified by ``locator``.</doc>
<status status="PASS" start="2024-06-09T23:08:01.118126" elapsed="0.052686"/>
</kw>
<kw name="Wait Until Element Is Visible" owner="SeleniumLibrary">
<arg>${id_qtd_item}</arg>
<arg>${delay}</arg>
<doc>Waits until the element ``locator`` is visible.</doc>
<status status="PASS" start="2024-06-09T23:08:01.171822" elapsed="0.437754"/>
</kw>
<kw name="Element Text Should Be" owner="SeleniumLibrary">
<msg time="2024-06-09T23:08:01.610082" level="INFO">Verifying element '//*[@id="userCart"]/span' contains exact text '5 ITEMS'.</msg>
<arg>${id_qtd_item}</arg>
<arg>${qtd_itens}</arg>
<doc>Verifies that element ``locator`` contains exact the text ``expected``.</doc>
<status status="PASS" start="2024-06-09T23:08:01.610082" elapsed="0.023034"/>
</kw>
<kw name="Wait Until Element Is Not Visible" owner="SeleniumLibrary">
<arg>${id_checkOutPopUp}</arg>
<arg>${delay}</arg>
<doc>Waits until the element ``locator`` is not visible.</doc>
<status status="PASS" start="2024-06-09T23:08:01.633116" elapsed="3.180275"/>
</kw>
<kw name="Sleep" owner="BuiltIn">
<msg time="2024-06-09T23:08:05.814822" level="INFO">Slept 1 second.</msg>
<arg>1</arg>
<doc>Pauses the test executed for the given time.</doc>
<status status="PASS" start="2024-06-09T23:08:04.813391" elapsed="1.001431"/>
</kw>
<kw name="Capture Page Screenshot" owner="SeleniumLibrary">
<msg time="2024-06-09T23:08:05.929189" level="INFO" html="true">&lt;/td&gt;&lt;/tr&gt;&lt;tr&gt;&lt;td colspan="3"&gt;&lt;a href="Screenshot/Evidencia0000000086.png"&gt;&lt;img src="Screenshot/Evidencia0000000086.png" width="800px"&gt;&lt;/a&gt;</msg>
<arg>${evidencia_eccomerce}</arg>
<doc>Takes a screenshot of the current page and embeds it into a log file.</doc>
<status status="PASS" start="2024-06-09T23:08:05.814822" elapsed="0.114367"/>
</kw>
<status status="PASS" start="2024-06-09T23:07:59.606584" elapsed="6.322605"/>
</kw>
<kw name="verificar usuario" owner="ecommerce">
<if>
<branch type="IF" condition="$new_account == &quot;SIM&quot;">
<kw name="Click Button" owner="SeleniumLibrary">
<arg>${button_registration}</arg>
<doc>Clicks the button identified by ``locator``.</doc>
<status status="NOT RUN" start="2024-06-09T23:08:05.944288" elapsed="0.000000"/>
</kw>
<kw name="Account details" owner="ecommerce">
<status status="NOT RUN" start="2024-06-09T23:08:05.944288" elapsed="0.000000"/>
</kw>
<kw name="Personal details" owner="ecommerce">
<status status="NOT RUN" start="2024-06-09T23:08:05.944288" elapsed="0.000000"/>
</kw>
<kw name="Consultar cep" owner="ecommerce">
<status status="NOT RUN" start="2024-06-09T23:08:05.944288" elapsed="0.000000"/>
</kw>
<kw name="Endereço" owner="ecommerce">
<status status="NOT RUN" start="2024-06-09T23:08:05.944288" elapsed="0.000000"/>
</kw>
<kw name="Confirmar cadastro" owner="ecommerce">
<status status="NOT RUN" start="2024-06-09T23:08:05.944288" elapsed="0.000000"/>
</kw>
<status status="NOT RUN" start="2024-06-09T23:08:05.944288" elapsed="0.000000"/>
</branch>
<branch type="ELSE">
<kw name="logar usuario" owner="ecommerce">
<kw name="Input Text" owner="SeleniumLibrary">
<msg time="2024-06-09T23:08:05.944288" level="INFO">Typing text 'Usuarioteste3' into text field 'css=[name="usernameInOrderPayment"]'.</msg>
<arg>${name_usernameInOrderPayment}</arg>
<arg>${usuario_cadastrado}</arg>
<doc>Types the given ``text`` into the text field identified by ``locator``.</doc>
<status status="PASS" start="2024-06-09T23:08:05.944288" elapsed="0.110529"/>
</kw>
<kw name="Input Text" owner="SeleniumLibrary">
<msg time="2024-06-09T23:08:06.055825" level="INFO">Typing text '12Qazxsw' into text field 'css=[name="passwordInOrderPayment"]'.</msg>
<arg>${name_passwordInOrderPayment}</arg>
<arg>${new_user}[password]</arg>
<doc>Types the given ``text`` into the text field identified by ``locator``.</doc>
<status status="PASS" start="2024-06-09T23:08:06.055825" elapsed="0.065053"/>
</kw>
<kw name="Sleep" owner="BuiltIn">
<msg time="2024-06-09T23:08:07.121085" level="INFO">Slept 1 second.</msg>
<arg>1</arg>
<doc>Pauses the test executed for the given time.</doc>
<status status="PASS" start="2024-06-09T23:08:06.120878" elapsed="1.000207"/>
</kw>
<kw name="Capture Page Screenshot" owner="SeleniumLibrary">
<msg time="2024-06-09T23:08:07.240200" level="INFO" html="true">&lt;/td&gt;&lt;/tr&gt;&lt;tr&gt;&lt;td colspan="3"&gt;&lt;a href="Screenshot/Evidencia0000000087.png"&gt;&lt;img src="Screenshot/Evidencia0000000087.png" width="800px"&gt;&lt;/a&gt;</msg>
<arg>${evidencia_eccomerce}</arg>
<doc>Takes a screenshot of the current page and embeds it into a log file.</doc>
<status status="PASS" start="2024-06-09T23:08:07.121085" elapsed="0.119115"/>
</kw>
<kw name="Click Button" owner="SeleniumLibrary">
<msg time="2024-06-09T23:08:07.240200" level="INFO">Clicking button 'css=[id="login_btn"]'.</msg>
<arg>${id_login_btn}</arg>
<doc>Clicks the button identified by ``locator``.</doc>
<status status="PASS" start="2024-06-09T23:08:07.240200" elapsed="0.056774"/>
</kw>
<kw name="Wait Until Element Is Visible" owner="SeleniumLibrary">
<arg>${class_hi-use}</arg>
<arg>${delay}</arg>
<doc>Waits until the element ``locator`` is visible.</doc>
<status status="PASS" start="2024-06-09T23:08:07.296974" elapsed="0.445465"/>
</kw>
<kw name="Element Text Should Be" owner="SeleniumLibrary">
<msg time="2024-06-09T23:08:07.742439" level="INFO">Verifying element 'css=[class="hi-user containMiniTitle ng-binding"]' contains exact text 'Usuarioteste3'.</msg>
<arg>${class_hi-use}</arg>
<arg>${usuario_cadastrado}</arg>
<doc>Verifies that element ``locator`` contains exact the text ``expected``.</doc>
<status status="PASS" start="2024-06-09T23:08:07.742439" elapsed="0.008312"/>
</kw>
<kw name="Element Text Should Be" owner="SeleniumLibrary">
<msg time="2024-06-09T23:08:07.751777" level="INFO">Verifying element 'xpath=//*[@id="userCart"]/span' contains exact text '5 ITEMS'.</msg>
<arg>${id_userCart}</arg>
<arg>${qtd_itens}</arg>
<doc>Verifies that element ``locator`` contains exact the text ``expected``.</doc>
<status status="PASS" start="2024-06-09T23:08:07.750751" elapsed="0.009054"/>
</kw>
<kw name="Wait Until Element Is Visible" owner="SeleniumLibrary">
<arg>${btn_next}</arg>
<arg>${delay}</arg>
<doc>Waits until the element ``locator`` is visible.</doc>
<status status="PASS" start="2024-06-09T23:08:07.759805" elapsed="1.779633"/>
</kw>
<kw name="Sleep" owner="BuiltIn">
<msg time="2024-06-09T23:08:10.540226" level="INFO">Slept 1 second.</msg>
<arg>1</arg>
<doc>Pauses the test executed for the given time.</doc>
<status status="PASS" start="2024-06-09T23:08:09.539438" elapsed="1.000788"/>
</kw>
<kw name="Capture Page Screenshot" owner="SeleniumLibrary">
<msg time="2024-06-09T23:08:10.644807" level="INFO" html="true">&lt;/td&gt;&lt;/tr&gt;&lt;tr&gt;&lt;td colspan="3"&gt;&lt;a href="Screenshot/Evidencia0000000088.png"&gt;&lt;img src="Screenshot/Evidencia0000000088.png" width="800px"&gt;&lt;/a&gt;</msg>
<arg>${evidencia_eccomerce}</arg>
<doc>Takes a screenshot of the current page and embeds it into a log file.</doc>
<status status="PASS" start="2024-06-09T23:08:10.540226" elapsed="0.104581"/>
</kw>
<kw name="Click Button" owner="SeleniumLibrary">
<msg time="2024-06-09T23:08:10.644807" level="INFO">Clicking button 'css=#next_btn'.</msg>
<arg>${btn_next}</arg>
<doc>Clicks the button identified by ``locator``.</doc>
<status status="PASS" start="2024-06-09T23:08:10.644807" elapsed="0.071215"/>
</kw>
<status status="PASS" start="2024-06-09T23:08:05.944288" elapsed="4.771734"/>
</kw>
<status status="PASS" start="2024-06-09T23:08:05.944288" elapsed="4.771734"/>
</branch>
<status status="PASS" start="2024-06-09T23:08:05.944288" elapsed="4.771734"/>
</if>
<status status="PASS" start="2024-06-09T23:08:05.944288" elapsed="4.771734"/>
</kw>
<kw name="Pagamento" owner="ecommerce">
<if>
<branch type="IF" condition="$tipo_pagamento == &quot;safepay&quot;">
<kw name="Click Element" owner="SeleniumLibrary">
<arg>${id_safepay}</arg>
<doc>Click the element identified by ``locator``.</doc>
<status status="NOT RUN" start="2024-06-09T23:08:10.716022" elapsed="0.000000"/>
</kw>
<kw name="Input Text" owner="SeleniumLibrary">
<arg>${safepay_username}</arg>
<arg>${new_user}[name]</arg>
<doc>Types the given ``text`` into the text field identified by ``locator``.</doc>
<status status="NOT RUN" start="2024-06-09T23:08:10.716022" elapsed="0.000000"/>
</kw>
<kw name="Input Text" owner="SeleniumLibrary">
<arg>${safepay_password}</arg>
<arg>${new_user}[password]</arg>
<doc>Types the given ``text`` into the text field identified by ``locator``.</doc>
<status status="NOT RUN" start="2024-06-09T23:08:10.716022" elapsed="0.000000"/>
</kw>
<kw name="Sleep" owner="BuiltIn">
<arg>1</arg>
<doc>Pauses the test executed for the given time.</doc>
<status status="NOT RUN" start="2024-06-09T23:08:10.716022" elapsed="0.000000"/>
</kw>
<kw name="Capture Page Screenshot" owner="SeleniumLibrary">
<arg>${evidencia_eccomerce}</arg>
<doc>Takes a screenshot of the current page and embeds it into a log file.</doc>
<status status="NOT RUN" start="2024-06-09T23:08:10.716022" elapsed="0.000000"/>
</kw>
<kw name="Click Button" owner="SeleniumLibrary">
<arg>${button_pay_now}</arg>
<doc>Clicks the button identified by ``locator``.</doc>
<status status="NOT RUN" start="2024-06-09T23:08:10.716022" elapsed="0.000000"/>
</kw>
<status status="NOT RUN" start="2024-06-09T23:08:10.716022" elapsed="0.000000"/>
</branch>
<branch type="ELSE">
<kw name="Click Element" owner="SeleniumLibrary">
<msg time="2024-06-09T23:08:10.716022" level="INFO">Clicking element 'css=[name="masterCredit"]'.</msg>
<arg>${btn_masterCredit}</arg>
<doc>Click the element identified by ``locator``.</doc>
<status status="PASS" start="2024-06-09T23:08:10.716022" elapsed="0.045261"/>
</kw>
<kw name="Wait Until Element Is Visible" owner="SeleniumLibrary">
<arg>${id=creditCard}</arg>
<arg>${delay}</arg>
<doc>Waits until the element ``locator`` is visible.</doc>
<status status="PASS" start="2024-06-09T23:08:10.761283" elapsed="0.021951"/>
</kw>
<kw name="Input Text" owner="SeleniumLibrary">
<msg time="2024-06-09T23:08:10.783234" level="INFO">Typing text '4886 4886 4886' into text field 'css=[id="creditCard"]'.</msg>
<arg>${id=creditCard}</arg>
<arg>${credit_card}[number]</arg>
<doc>Types the given ``text`` into the text field identified by ``locator``.</doc>
<status status="PASS" start="2024-06-09T23:08:10.783234" elapsed="0.077711"/>
</kw>
<kw name="Input Text" owner="SeleniumLibrary">
<msg time="2024-06-09T23:08:10.863709" level="INFO">Typing text '1111' into text field 'css=[name="cvv_number"]'.</msg>
<arg>${name_cvv_number}</arg>
<arg>${credit_card}[cvv]</arg>
<doc>Types the given ``text`` into the text field identified by ``locator``.</doc>
<status status="PASS" start="2024-06-09T23:08:10.863709" elapsed="0.074708"/>
</kw>
<kw name="Select From List By Label" owner="SeleniumLibrary">
<msg time="2024-06-09T23:08:10.938417" level="INFO">Selecting options from selection list 'css=select[name="mmListbox"]' by label 01.</msg>
<arg>${name_mmListbox}</arg>
<arg>${credit_card}[month]</arg>
<doc>Selects options from selection list ``locator`` by ``labels``.</doc>
<status status="PASS" start="2024-06-09T23:08:10.938417" elapsed="0.067240"/>
</kw>
<kw name="Select From List By Label" owner="SeleniumLibrary">
<msg time="2024-06-09T23:08:11.006671" level="INFO">Selecting options from selection list 'css=select[name="yyyyListbox"]' by label 2033.</msg>
<arg>${name_yyyyListbox}</arg>
<arg>${credit_card}[year]</arg>
<doc>Selects options from selection list ``locator`` by ``labels``.</doc>
<status status="PASS" start="2024-06-09T23:08:11.005657" elapsed="0.061520"/>
</kw>
<kw name="Input Text" owner="SeleniumLibrary">
<msg time="2024-06-09T23:08:11.068183" level="INFO">Typing text 'Usuarioteste3' into text field 'css=[name="cardholder_name"]'.</msg>
<arg>${name_cardholder_name}</arg>
<arg>${usuario_cadastrado}</arg>
<doc>Types the given ``text`` into the text field identified by ``locator``.</doc>
<status status="PASS" start="2024-06-09T23:08:11.067177" elapsed="0.109491"/>
</kw>
<kw name="Sleep" owner="BuiltIn">
<msg time="2024-06-09T23:08:12.178678" level="INFO">Slept 1 second.</msg>
<arg>1</arg>
<doc>Pauses the test executed for the given time.</doc>
<status status="PASS" start="2024-06-09T23:08:11.177425" elapsed="1.001253"/>
</kw>
<kw name="Capture Page Screenshot" owner="SeleniumLibrary">
<msg time="2024-06-09T23:08:12.293706" level="INFO" html="true">&lt;/td&gt;&lt;/tr&gt;&lt;tr&gt;&lt;td colspan="3"&gt;&lt;a href="Screenshot/Evidencia0000000089.png"&gt;&lt;img src="Screenshot/Evidencia0000000089.png" width="800px"&gt;&lt;/a&gt;</msg>
<arg>${evidencia_eccomerce}</arg>
<doc>Takes a screenshot of the current page and embeds it into a log file.</doc>
<status status="PASS" start="2024-06-09T23:08:12.178678" elapsed="0.115028"/>
</kw>
<kw name="Click Button" owner="SeleniumLibrary">
<msg time="2024-06-09T23:08:12.293706" level="INFO">Clicking button 'css=[id="pay_now_btn_ManualPayment"]'.</msg>
<arg>${id_pay_now_btn_ManualPayment}</arg>
<doc>Clicks the button identified by ``locator``.</doc>
<status status="PASS" start="2024-06-09T23:08:12.293706" elapsed="0.070088"/>
</kw>
<status status="PASS" start="2024-06-09T23:08:10.716022" elapsed="1.647772"/>
</branch>
<status status="PASS" start="2024-06-09T23:08:10.716022" elapsed="1.647772"/>
</if>
<status status="PASS" start="2024-06-09T23:08:10.716022" elapsed="1.647772"/>
</kw>
<kw name="Validar pedido" owner="ecommerce">
<kw name="Wait Until Element Is Visible" owner="SeleniumLibrary">
<arg>${message_finish}</arg>
<arg>${delay}</arg>
<doc>Waits until the element ``locator`` is visible.</doc>
<status status="PASS" start="2024-06-09T23:08:12.363794" elapsed="0.926664"/>
</kw>
<kw name="Sleep" owner="BuiltIn">
<msg time="2024-06-09T23:08:14.291925" level="INFO">Slept 1 second.</msg>
<arg>1</arg>
<doc>Pauses the test executed for the given time.</doc>
<status status="PASS" start="2024-06-09T23:08:13.290458" elapsed="1.001467"/>
</kw>
<kw name="Capture Page Screenshot" owner="SeleniumLibrary">
<msg time="2024-06-09T23:08:14.392844" level="INFO" html="true">&lt;/td&gt;&lt;/tr&gt;&lt;tr&gt;&lt;td colspan="3"&gt;&lt;a href="Screenshot/Evidencia0000000090.png"&gt;&lt;img src="Screenshot/Evidencia0000000090.png" width="800px"&gt;&lt;/a&gt;</msg>
<arg>${evidencia_eccomerce}</arg>
<doc>Takes a screenshot of the current page and embeds it into a log file.</doc>
<status status="PASS" start="2024-06-09T23:08:14.291925" elapsed="0.100919"/>
</kw>
<kw name="Element Text Should Be" owner="SeleniumLibrary">
<msg time="2024-06-09T23:08:14.392844" level="INFO">Verifying element 'css=[class="roboto-regular ng-scope"]' contains exact text 'Thank you for buying with Advantage'.</msg>
<arg>${message_finish}</arg>
<arg>${expected_message}</arg>
<doc>Verifies that element ``locator`` contains exact the text ``expected``.</doc>
<status status="PASS" start="2024-06-09T23:08:14.392844" elapsed="0.031144"/>
</kw>
<kw name="Get Text" owner="SeleniumLibrary">
<msg time="2024-06-09T23:08:14.439613" level="INFO">${tracking_number} = 7393075916</msg>
<var>${tracking_number}</var>
<arg>${id_trackingNumberLabel}</arg>
<doc>Returns the text value of the element identified by ``locator``.</doc>
<status status="PASS" start="2024-06-09T23:08:14.423988" elapsed="0.015625"/>
</kw>
<kw name="Get Text" owner="SeleniumLibrary">
<msg time="2024-06-09T23:08:14.471047" level="INFO">${order_number} = 7393095732</msg>
<var>${order_number}</var>
<arg>${id_orderNumberLabel}</arg>
<doc>Returns the text value of the element identified by ``locator``.</doc>
<status status="PASS" start="2024-06-09T23:08:14.439613" elapsed="0.031434"/>
</kw>
<kw name="Create List" owner="BuiltIn">
<msg time="2024-06-09T23:08:14.471047" level="INFO">${list} = ['7393075916', '7393095732']</msg>
<var>${list}</var>
<arg>${tracking_number}</arg>
<arg>${order_number}</arg>
<doc>Returns a list containing given items.</doc>
<status status="PASS" start="2024-06-09T23:08:14.471047" elapsed="0.000000"/>
</kw>
<kw name="Log" owner="BuiltIn">
<msg time="2024-06-09T23:08:14.471047" level="INFO">['7393075916', '7393095732']</msg>
<arg>${list}</arg>
<doc>Logs the given message with the given level.</doc>
<status status="PASS" start="2024-06-09T23:08:14.471047" elapsed="0.000000"/>
</kw>
<status status="PASS" start="2024-06-09T23:08:12.363794" elapsed="2.107253"/>
</kw>
<kw name="Finish execution" owner="base" type="TEARDOWN">
<kw name="Close Browser" owner="SeleniumLibrary">
<doc>Closes the current browser.</doc>
<status status="PASS" start="2024-06-09T23:08:14.471047" elapsed="2.291671"/>
</kw>
<status status="PASS" start="2024-06-09T23:08:14.471047" elapsed="2.291671"/>
</kw>
<tag>sucesso</tag>
<status status="PASS" start="2024-06-09T23:07:42.882579" elapsed="33.880139"/>
</test>
<doc>Realizar compra em um site de ecomerce</doc>
<status status="PASS" start="2024-06-09T23:07:42.534349" elapsed="34.228369"/>
</suite>
<statistics>
<total>
<stat pass="1" fail="0" skip="0">All Tests</stat>
</total>
<tag>
<stat pass="1" fail="0" skip="0">sucesso</stat>
</tag>
<suite>
<stat pass="1" fail="0" skip="0" id="s1" name="Ecommerce">Ecommerce</stat>
</suite>
</statistics>
<errors>
</errors>
</robot>
