<?xml version="1.0" encoding="UTF-8"?>
<robot generator="Robot 7.2.2 (Python 3.12.9 on win32)" generated="2025-03-09T22:26:46.548821" rpa="false" schemaversion="5">
<suite id="s1" name="QAX" source="C:\QAX">
<suite id="s1-s1" name="Projects" source="C:\QAX\Projects">
<suite id="s1-s1-s1" name="RobotFramework" source="C:\QAX\Projects\RobotFramework">
<suite id="s1-s1-s1-s1" name="Desafio Robot Framework" source="C:\QAX\Projects\RobotFramework\Desafio_Robot_Framework">
<suite id="s1-s1-s1-s1-s1" name="Tests" source="C:\QAX\Projects\RobotFramework\Desafio_Robot_Framework\tests">
<suite id="s1-s1-s1-s1-s1-s1" name="Ecommerce" source="C:\QAX\Projects\RobotFramework\Desafio_Robot_Framework\tests\ecommerce.robot">
<test id="s1-s1-s1-s1-s1-s1-t1" name="realizar uma compra com sucesso" line="13">
<kw name="Start execution" owner="base" type="SETUP">
<kw name="Create Dictionary" owner="BuiltIn">
<msg time="2025-03-09T22:26:48.266074" level="INFO">${prefs} = {'credentials_enable_service': False}</msg>
<var>${prefs}</var>
<arg>credentials_enable_service=${false}</arg>
<doc>Creates and returns a dictionary based on the given ``items``.</doc>
<status status="PASS" start="2025-03-09T22:26:48.266074" elapsed="0.000000"/>
</kw>
<kw name="Open Browser" owner="SeleniumLibrary">
<msg time="2025-03-09T22:26:48.266074" level="INFO">Opening browser 'chrome' to base url 'https://www.advantageonlineshopping.com/#/'.</msg>
<arg>url=${page}</arg>
<arg>browser=chrome</arg>
<arg>options=add_argument("--disable-notifications")</arg>
<doc>Opens a new browser instance to the optional ``url``.</doc>
<status status="PASS" start="2025-03-09T22:26:48.266074" elapsed="15.411201"/>
</kw>
<kw name="Maximize Browser Window" owner="SeleniumLibrary">
<doc>Maximizes current browser window.</doc>
<status status="PASS" start="2025-03-09T22:27:03.677943" elapsed="3.487577"/>
</kw>
<status status="PASS" start="2025-03-09T22:26:48.266074" elapsed="18.899446"/>
</kw>
<kw name="Selecinar um produto" owner="ecommerce">
<kw name="Wait Until Element Is Visible" owner="SeleniumLibrary">
<arg>${id_layer}</arg>
<arg>${delay}</arg>
<doc>Waits until the element ``locator`` is visible.</doc>
<status status="PASS" start="2025-03-09T22:27:07.168488" elapsed="0.264227"/>
</kw>
<kw name="Page Should Contain Element" owner="SeleniumLibrary">
<msg time="2025-03-09T22:27:07.456368" level="INFO">Current page contains element 'css=[id="Layer_1"]'.</msg>
<arg>${id_layer}</arg>
<doc>Verifies that element ``locator`` is found on the current page.</doc>
<status status="PASS" start="2025-03-09T22:27:07.432715" elapsed="0.025347"/>
</kw>
<kw name="Wait Until Element Is Enabled" owner="SeleniumLibrary">
<arg>${id_speakersImg}</arg>
<arg>${delay}</arg>
<doc>Waits until the element ``locator`` is enabled.</doc>
<status status="PASS" start="2025-03-09T22:27:07.458574" elapsed="3.928105"/>
</kw>
<kw name="Sleep" owner="BuiltIn">
<msg time="2025-03-09T22:27:12.387655" level="INFO">Slept 1 second.</msg>
<arg>1</arg>
<doc>Pauses the test executed for the given time.</doc>
<status status="PASS" start="2025-03-09T22:27:11.387313" elapsed="1.001240"/>
</kw>
<kw name="Capture Page Screenshot" owner="SeleniumLibrary">
<msg time="2025-03-09T22:27:12.739582" level="INFO" html="true">&lt;/td&gt;&lt;/tr&gt;&lt;tr&gt;&lt;td colspan="3"&gt;&lt;a href="Screenshot/Evidencia0000000001.png"&gt;&lt;img src="Screenshot/Evidencia0000000001.png" width="800px"&gt;&lt;/a&gt;</msg>
<arg>${evidencia_eccomerce}</arg>
<doc>Takes a screenshot of the current page and embeds it into a log file.</doc>
<status status="PASS" start="2025-03-09T22:27:12.389069" elapsed="0.351434"/>
</kw>
<kw name="Click Element" owner="SeleniumLibrary">
<msg time="2025-03-09T22:27:12.743160" level="INFO">Clicking element 'xpath=//*[@id="speakersImg"]'.</msg>
<arg>${id_speakersImg}</arg>
<doc>Click the element identified by ``locator``.</doc>
<status status="PASS" start="2025-03-09T22:27:12.741924" elapsed="0.127912"/>
</kw>
<status status="PASS" start="2025-03-09T22:27:07.166914" elapsed="5.702922"/>
</kw>
<kw name="Escolher produto" owner="ecommerce">
<kw name="Wait Until Element Is Visible" owner="SeleniumLibrary">
<arg>${id_produto}</arg>
<arg>${delay}</arg>
<doc>Waits until the element ``locator`` is visible.</doc>
<status status="PASS" start="2025-03-09T22:27:12.872333" elapsed="2.703369"/>
</kw>
<kw name="Click Image" owner="SeleniumLibrary">
<msg time="2025-03-09T22:27:15.575702" level="INFO">Clicking image 'css=[id="23"]'.</msg>
<arg>${id_produto}</arg>
<doc>Clicks an image identified by ``locator``.</doc>
<status status="PASS" start="2025-03-09T22:27:15.575702" elapsed="0.415348"/>
</kw>
<kw name="Sleep" owner="BuiltIn">
<msg time="2025-03-09T22:27:18.994467" level="INFO">Slept 3 seconds.</msg>
<arg>3</arg>
<doc>Pauses the test executed for the given time.</doc>
<status status="PASS" start="2025-03-09T22:27:15.992938" elapsed="3.001529"/>
</kw>
<kw name="Capture Page Screenshot" owner="SeleniumLibrary">
<msg time="2025-03-09T22:27:19.177016" level="INFO" html="true">&lt;/td&gt;&lt;/tr&gt;&lt;tr&gt;&lt;td colspan="3"&gt;&lt;a href="Screenshot/Evidencia0000000002.png"&gt;&lt;img src="Screenshot/Evidencia0000000002.png" width="800px"&gt;&lt;/a&gt;</msg>
<arg>${evidencia_eccomerce}</arg>
<doc>Takes a screenshot of the current page and embeds it into a log file.</doc>
<status status="PASS" start="2025-03-09T22:27:18.994467" elapsed="0.182549"/>
</kw>
<for flavor="IN RANGE">
<iter>
<kw name="Wait Until Element Is Visible" owner="SeleniumLibrary">
<arg>${class_plus}</arg>
<arg>${delay}</arg>
<doc>Waits until the element ``locator`` is visible.</doc>
<status status="PASS" start="2025-03-09T22:27:19.194277" elapsed="0.030623"/>
</kw>
<kw name="Click Element" owner="SeleniumLibrary">
<msg time="2025-03-09T22:27:19.225788" level="INFO">Clicking element 'css=.plus'.</msg>
<arg>${class_plus}</arg>
<doc>Click the element identified by ``locator``.</doc>
<status status="PASS" start="2025-03-09T22:27:19.225788" elapsed="0.087734"/>
</kw>
<var name="${index}">1</var>
<status status="PASS" start="2025-03-09T22:27:19.193235" elapsed="0.120287"/>
</iter>
<iter>
<kw name="Wait Until Element Is Visible" owner="SeleniumLibrary">
<arg>${class_plus}</arg>
<arg>${delay}</arg>
<doc>Waits until the element ``locator`` is visible.</doc>
<status status="PASS" start="2025-03-09T22:27:19.313522" elapsed="0.033552"/>
</kw>
<kw name="Click Element" owner="SeleniumLibrary">
<msg time="2025-03-09T22:27:19.347074" level="INFO">Clicking element 'css=.plus'.</msg>
<arg>${class_plus}</arg>
<doc>Click the element identified by ``locator``.</doc>
<status status="PASS" start="2025-03-09T22:27:19.347074" elapsed="0.079339"/>
</kw>
<var name="${index}">2</var>
<status status="PASS" start="2025-03-09T22:27:19.313522" elapsed="0.112891"/>
</iter>
<iter>
<kw name="Wait Until Element Is Visible" owner="SeleniumLibrary">
<arg>${class_plus}</arg>
<arg>${delay}</arg>
<doc>Waits until the element ``locator`` is visible.</doc>
<status status="PASS" start="2025-03-09T22:27:19.426413" elapsed="0.032458"/>
</kw>
<kw name="Click Element" owner="SeleniumLibrary">
<msg time="2025-03-09T22:27:19.458871" level="INFO">Clicking element 'css=.plus'.</msg>
<arg>${class_plus}</arg>
<doc>Click the element identified by ``locator``.</doc>
<status status="PASS" start="2025-03-09T22:27:19.458871" elapsed="0.072049"/>
</kw>
<var name="${index}">3</var>
<status status="PASS" start="2025-03-09T22:27:19.426413" elapsed="0.105790"/>
</iter>
<iter>
<kw name="Wait Until Element Is Visible" owner="SeleniumLibrary">
<arg>${class_plus}</arg>
<arg>${delay}</arg>
<doc>Waits until the element ``locator`` is visible.</doc>
<status status="PASS" start="2025-03-09T22:27:19.532715" elapsed="0.027110"/>
</kw>
<kw name="Click Element" owner="SeleniumLibrary">
<msg time="2025-03-09T22:27:19.559825" level="INFO">Clicking element 'css=.plus'.</msg>
<arg>${class_plus}</arg>
<doc>Click the element identified by ``locator``.</doc>
<status status="PASS" start="2025-03-09T22:27:19.559825" elapsed="0.073197"/>
</kw>
<var name="${index}">4</var>
<status status="PASS" start="2025-03-09T22:27:19.532203" elapsed="0.100819"/>
</iter>
<var>${index}</var>
<value>1</value>
<value>5</value>
<value>1</value>
<status status="PASS" start="2025-03-09T22:27:19.177016" elapsed="0.456006"/>
</for>
<kw name="Sleep" owner="BuiltIn">
<msg time="2025-03-09T22:27:20.639980" level="INFO">Slept 1 second.</msg>
<arg>1</arg>
<doc>Pauses the test executed for the given time.</doc>
<status status="PASS" start="2025-03-09T22:27:19.639105" elapsed="1.000875"/>
</kw>
<kw name="Capture Page Screenshot" owner="SeleniumLibrary">
<msg time="2025-03-09T22:27:20.890327" level="INFO" html="true">&lt;/td&gt;&lt;/tr&gt;&lt;tr&gt;&lt;td colspan="3"&gt;&lt;a href="Screenshot/Evidencia0000000003.png"&gt;&lt;img src="Screenshot/Evidencia0000000003.png" width="800px"&gt;&lt;/a&gt;</msg>
<arg>${evidencia_eccomerce}</arg>
<doc>Takes a screenshot of the current page and embeds it into a log file.</doc>
<status status="PASS" start="2025-03-09T22:27:20.639980" elapsed="0.250347"/>
</kw>
<kw name="Click Button" owner="SeleniumLibrary">
<msg time="2025-03-09T22:27:20.890327" level="INFO">Clicking button 'ADD TO CART'.</msg>
<arg>${button_add}</arg>
<doc>Clicks the button identified by ``locator``.</doc>
<status status="PASS" start="2025-03-09T22:27:20.890327" elapsed="0.185407"/>
</kw>
<status status="PASS" start="2025-03-09T22:27:12.869836" elapsed="8.207274"/>
</kw>
<kw name="Realizar checkout" owner="ecommerce">
<kw name="Mouse Over" owner="SeleniumLibrary">
<msg time="2025-03-09T22:27:21.079261" level="INFO">Simulating Mouse Over on element 'css=[id="menuCart"]'.</msg>
<arg>${id_menuCart}</arg>
<doc>Simulates hovering the mouse over the element ``locator``.</doc>
<status status="PASS" start="2025-03-09T22:27:21.078196" elapsed="0.314460"/>
</kw>
<kw name="Sleep" owner="BuiltIn">
<msg time="2025-03-09T22:27:22.392688" level="INFO">Slept 1 second.</msg>
<arg>1</arg>
<doc>Pauses the test executed for the given time.</doc>
<status status="PASS" start="2025-03-09T22:27:21.392656" elapsed="1.000924"/>
</kw>
<kw name="Capture Page Screenshot" owner="SeleniumLibrary">
<msg time="2025-03-09T22:27:22.627129" level="INFO" html="true">&lt;/td&gt;&lt;/tr&gt;&lt;tr&gt;&lt;td colspan="3"&gt;&lt;a href="Screenshot/Evidencia0000000004.png"&gt;&lt;img src="Screenshot/Evidencia0000000004.png" width="800px"&gt;&lt;/a&gt;</msg>
<arg>${evidencia_eccomerce}</arg>
<doc>Takes a screenshot of the current page and embeds it into a log file.</doc>
<status status="PASS" start="2025-03-09T22:27:22.393580" elapsed="0.233549"/>
</kw>
<kw name="Wait Until Element Is Visible" owner="SeleniumLibrary">
<arg>${id_checkOutPopUp}</arg>
<arg>${delay}</arg>
<doc>Waits until the element ``locator`` is visible.</doc>
<status status="PASS" start="2025-03-09T22:27:22.627129" elapsed="0.037868"/>
</kw>
<kw name="Click Button" owner="SeleniumLibrary">
<msg time="2025-03-09T22:27:22.664997" level="INFO">Clicking button 'xpath=//*[@id="checkOutPopUp"]'.</msg>
<arg>${id_checkOutPopUp}</arg>
<doc>Clicks the button identified by ``locator``.</doc>
<status status="PASS" start="2025-03-09T22:27:22.664997" elapsed="0.190321"/>
</kw>
<kw name="Wait Until Element Is Visible" owner="SeleniumLibrary">
<arg>${id_qtd_item}</arg>
<arg>${delay}</arg>
<doc>Waits until the element ``locator`` is visible.</doc>
<status status="PASS" start="2025-03-09T22:27:22.855318" elapsed="0.489227"/>
</kw>
<kw name="Element Text Should Be" owner="SeleniumLibrary">
<msg time="2025-03-09T22:27:23.345058" level="INFO">Verifying element '//*[@id="userCart"]/span' contains exact text '5 ITEMS'.</msg>
<arg>${id_qtd_item}</arg>
<arg>${qtd_itens}</arg>
<doc>Verifies that element ``locator`` contains exact the text ``expected``.</doc>
<status status="PASS" start="2025-03-09T22:27:23.345058" elapsed="0.046331"/>
</kw>
<kw name="Wait Until Element Is Not Visible" owner="SeleniumLibrary">
<arg>${id_checkOutPopUp}</arg>
<arg>${delay}</arg>
<doc>Waits until the element ``locator`` is not visible.</doc>
<status status="PASS" start="2025-03-09T22:27:23.391389" elapsed="3.005257"/>
</kw>
<kw name="Sleep" owner="BuiltIn">
<msg time="2025-03-09T22:27:27.397119" level="INFO">Slept 1 second.</msg>
<arg>1</arg>
<doc>Pauses the test executed for the given time.</doc>
<status status="PASS" start="2025-03-09T22:27:26.396646" elapsed="1.000473"/>
</kw>
<kw name="Capture Page Screenshot" owner="SeleniumLibrary">
<msg time="2025-03-09T22:27:27.576420" level="INFO" html="true">&lt;/td&gt;&lt;/tr&gt;&lt;tr&gt;&lt;td colspan="3"&gt;&lt;a href="Screenshot/Evidencia0000000005.png"&gt;&lt;img src="Screenshot/Evidencia0000000005.png" width="800px"&gt;&lt;/a&gt;</msg>
<arg>${evidencia_eccomerce}</arg>
<doc>Takes a screenshot of the current page and embeds it into a log file.</doc>
<status status="PASS" start="2025-03-09T22:27:27.397119" elapsed="0.181181"/>
</kw>
<status status="PASS" start="2025-03-09T22:27:21.077656" elapsed="6.501216"/>
</kw>
<kw name="verificar usuario" owner="ecommerce">
<if>
<branch type="IF" condition="$new_account == &quot;SIM&quot;">
<kw name="Click Button" owner="SeleniumLibrary">
<arg>${button_registration}</arg>
<doc>Clicks the button identified by ``locator``.</doc>
<status status="NOT RUN" start="2025-03-09T22:27:27.583728" elapsed="0.000562"/>
</kw>
<kw name="Account details" owner="ecommerce">
<status status="NOT RUN" start="2025-03-09T22:27:27.584851" elapsed="0.000564"/>
</kw>
<kw name="Personal details" owner="ecommerce">
<status status="NOT RUN" start="2025-03-09T22:27:27.585975" elapsed="0.000558"/>
</kw>
<kw name="Consultar cep" owner="ecommerce">
<status status="NOT RUN" start="2025-03-09T22:27:27.587091" elapsed="0.000559"/>
</kw>
<kw name="Endereço" owner="ecommerce">
<status status="NOT RUN" start="2025-03-09T22:27:27.588211" elapsed="0.000710"/>
</kw>
<kw name="Confirmar cadastro" owner="ecommerce">
<status status="NOT RUN" start="2025-03-09T22:27:27.589545" elapsed="0.001140"/>
</kw>
<status status="NOT RUN" start="2025-03-09T22:27:27.582085" elapsed="0.008600"/>
</branch>
<branch type="ELSE">
<kw name="logar usuario" owner="ecommerce">
<kw name="Input Text" owner="SeleniumLibrary">
<msg time="2025-03-09T22:27:27.591196" level="INFO">Typing text 'Usuarioteste3' into text field 'css=[name="usernameInOrderPayment"]'.</msg>
<arg>${name_usernameInOrderPayment}</arg>
<arg>${usuario_cadastrado}</arg>
<doc>Types the given ``text`` into the text field identified by ``locator``.</doc>
<status status="PASS" start="2025-03-09T22:27:27.591196" elapsed="0.234323"/>
</kw>
<kw name="Input Text" owner="SeleniumLibrary">
<msg time="2025-03-09T22:27:27.825519" level="INFO">Typing text '12Qazxsw' into text field 'css=[name="passwordInOrderPayment"]'.</msg>
<arg>${name_passwordInOrderPayment}</arg>
<arg>${new_user}[password]</arg>
<doc>Types the given ``text`` into the text field identified by ``locator``.</doc>
<status status="PASS" start="2025-03-09T22:27:27.825519" elapsed="0.160990"/>
</kw>
<kw name="Sleep" owner="BuiltIn">
<msg time="2025-03-09T22:27:28.989769" level="INFO">Slept 1 second.</msg>
<arg>1</arg>
<doc>Pauses the test executed for the given time.</doc>
<status status="PASS" start="2025-03-09T22:27:27.986509" elapsed="1.004741"/>
</kw>
<kw name="Capture Page Screenshot" owner="SeleniumLibrary">
<msg time="2025-03-09T22:27:29.184484" level="INFO" html="true">&lt;/td&gt;&lt;/tr&gt;&lt;tr&gt;&lt;td colspan="3"&gt;&lt;a href="Screenshot/Evidencia0000000006.png"&gt;&lt;img src="Screenshot/Evidencia0000000006.png" width="800px"&gt;&lt;/a&gt;</msg>
<arg>${evidencia_eccomerce}</arg>
<doc>Takes a screenshot of the current page and embeds it into a log file.</doc>
<status status="PASS" start="2025-03-09T22:27:28.991250" elapsed="0.193748"/>
</kw>
<kw name="Click Button" owner="SeleniumLibrary">
<msg time="2025-03-09T22:27:29.184998" level="INFO">Clicking button 'css=[id="login_btn"]'.</msg>
<arg>${id_login_btn}</arg>
<doc>Clicks the button identified by ``locator``.</doc>
<status status="PASS" start="2025-03-09T22:27:29.184998" elapsed="0.185679"/>
</kw>
<kw name="Wait Until Element Is Visible" owner="SeleniumLibrary">
<msg time="2025-03-09T22:27:39.643448" level="INFO" html="true">&lt;/td&gt;&lt;/tr&gt;&lt;tr&gt;&lt;td colspan="3"&gt;&lt;a href="selenium-screenshot-7.png"&gt;&lt;img src="selenium-screenshot-7.png" width="800px"&gt;&lt;/a&gt;</msg>
<msg time="2025-03-09T22:27:39.643448" level="FAIL">Element 'css=[class="hi-user containMiniTitle ng-binding"]' not visible after 10 seconds.</msg>
<arg>${class_hi-use}</arg>
<arg>${delay}</arg>
<doc>Waits until the element ``locator`` is visible.</doc>
<status status="FAIL" start="2025-03-09T22:27:29.371169" elapsed="10.282485">Element 'css=[class="hi-user containMiniTitle ng-binding"]' not visible after 10 seconds.</status>
</kw>
<kw name="Element Text Should Be" owner="SeleniumLibrary">
<arg>${class_hi-use}</arg>
<arg>${usuario_cadastrado}</arg>
<doc>Verifies that element ``locator`` contains exact the text ``expected``.</doc>
<status status="NOT RUN" start="2025-03-09T22:27:39.653654" elapsed="0.000000"/>
</kw>
<kw name="Element Text Should Be" owner="SeleniumLibrary">
<arg>${id_userCart}</arg>
<arg>${qtd_itens}</arg>
<doc>Verifies that element ``locator`` contains exact the text ``expected``.</doc>
<status status="NOT RUN" start="2025-03-09T22:27:39.653654" elapsed="0.000000"/>
</kw>
<kw name="Wait Until Element Is Visible" owner="SeleniumLibrary">
<arg>${btn_next}</arg>
<arg>${delay}</arg>
<doc>Waits until the element ``locator`` is visible.</doc>
<status status="NOT RUN" start="2025-03-09T22:27:39.653654" elapsed="0.000000"/>
</kw>
<kw name="Sleep" owner="BuiltIn">
<arg>1</arg>
<doc>Pauses the test executed for the given time.</doc>
<status status="NOT RUN" start="2025-03-09T22:27:39.653654" elapsed="0.000000"/>
</kw>
<kw name="Capture Page Screenshot" owner="SeleniumLibrary">
<arg>${evidencia_eccomerce}</arg>
<doc>Takes a screenshot of the current page and embeds it into a log file.</doc>
<status status="NOT RUN" start="2025-03-09T22:27:39.653654" elapsed="0.011622"/>
</kw>
<kw name="Click Button" owner="SeleniumLibrary">
<arg>${btn_next}</arg>
<doc>Clicks the button identified by ``locator``.</doc>
<status status="NOT RUN" start="2025-03-09T22:27:39.665276" elapsed="0.000789"/>
</kw>
<status status="FAIL" start="2025-03-09T22:27:27.591196" elapsed="12.074869">Element 'css=[class="hi-user containMiniTitle ng-binding"]' not visible after 10 seconds.</status>
</kw>
<status status="FAIL" start="2025-03-09T22:27:27.591196" elapsed="12.074869">Element 'css=[class="hi-user containMiniTitle ng-binding"]' not visible after 10 seconds.</status>
</branch>
<status status="FAIL" start="2025-03-09T22:27:27.582085" elapsed="12.085491">Element 'css=[class="hi-user containMiniTitle ng-binding"]' not visible after 10 seconds.</status>
</if>
<status status="FAIL" start="2025-03-09T22:27:27.580567" elapsed="12.087009">Element 'css=[class="hi-user containMiniTitle ng-binding"]' not visible after 10 seconds.</status>
</kw>
<kw name="Pagamento" owner="ecommerce">
<status status="NOT RUN" start="2025-03-09T22:27:39.667576" elapsed="0.000000"/>
</kw>
<kw name="Validar pedido" owner="ecommerce">
<status status="NOT RUN" start="2025-03-09T22:27:39.667576" elapsed="0.000000"/>
</kw>
<kw name="Finish execution" owner="base" type="TEARDOWN">
<kw name="Close Browser" owner="SeleniumLibrary">
<doc>Closes the current browser.</doc>
<status status="PASS" start="2025-03-09T22:27:39.667576" elapsed="2.585968"/>
</kw>
<status status="PASS" start="2025-03-09T22:27:39.667576" elapsed="2.586500"/>
</kw>
<tag>sucesso</tag>
<status status="FAIL" start="2025-03-09T22:26:48.266074" elapsed="53.988002">Element 'css=[class="hi-user containMiniTitle ng-binding"]' not visible after 10 seconds.</status>
</test>
<test id="s1-s1-s1-s1-s1-s1-t2" name="realizar uma compra com impedimeto" line="22">
<kw name="Start execution" owner="base" type="SETUP">
<kw name="Create Dictionary" owner="BuiltIn">
<msg time="2025-03-09T22:27:42.270738" level="INFO">${prefs} = {'credentials_enable_service': False}</msg>
<var>${prefs}</var>
<arg>credentials_enable_service=${false}</arg>
<doc>Creates and returns a dictionary based on the given ``items``.</doc>
<status status="PASS" start="2025-03-09T22:27:42.268727" elapsed="0.002011"/>
</kw>
<kw name="Open Browser" owner="SeleniumLibrary">
<msg time="2025-03-09T22:27:42.270738" level="INFO">Opening browser 'chrome' to base url 'https://www.advantageonlineshopping.com/#/'.</msg>
<arg>url=${page}</arg>
<arg>browser=chrome</arg>
<arg>options=add_argument("--disable-notifications")</arg>
<doc>Opens a new browser instance to the optional ``url``.</doc>
<status status="PASS" start="2025-03-09T22:27:42.270738" elapsed="15.909805"/>
</kw>
<kw name="Maximize Browser Window" owner="SeleniumLibrary">
<doc>Maximizes current browser window.</doc>
<status status="PASS" start="2025-03-09T22:27:58.180543" elapsed="0.043158"/>
</kw>
<status status="PASS" start="2025-03-09T22:27:42.267863" elapsed="15.956454"/>
</kw>
<kw name="Selecinar um produto" owner="ecommerce">
<kw name="Wait Until Element Is Visible" owner="SeleniumLibrary">
<arg>${id_layer}</arg>
<arg>${delay}</arg>
<doc>Waits until the element ``locator`` is visible.</doc>
<status status="PASS" start="2025-03-09T22:27:58.226611" elapsed="0.064206"/>
</kw>
<kw name="Page Should Contain Element" owner="SeleniumLibrary">
<msg time="2025-03-09T22:27:58.305362" level="INFO">Current page contains element 'css=[id="Layer_1"]'.</msg>
<arg>${id_layer}</arg>
<doc>Verifies that element ``locator`` is found on the current page.</doc>
<status status="PASS" start="2025-03-09T22:27:58.292367" elapsed="0.012995"/>
</kw>
<kw name="Wait Until Element Is Enabled" owner="SeleniumLibrary">
<arg>${id_speakersImg}</arg>
<arg>${delay}</arg>
<doc>Waits until the element ``locator`` is enabled.</doc>
<status status="PASS" start="2025-03-09T22:27:58.305362" elapsed="3.752547"/>
</kw>
<kw name="Sleep" owner="BuiltIn">
<msg time="2025-03-09T22:28:03.061966" level="INFO">Slept 1 second.</msg>
<arg>1</arg>
<doc>Pauses the test executed for the given time.</doc>
<status status="PASS" start="2025-03-09T22:28:02.061478" elapsed="1.001040"/>
</kw>
<kw name="Capture Page Screenshot" owner="SeleniumLibrary">
<msg time="2025-03-09T22:28:03.193103" level="INFO" html="true">&lt;/td&gt;&lt;/tr&gt;&lt;tr&gt;&lt;td colspan="3"&gt;&lt;a href="Screenshot/Evidencia0000000007.png"&gt;&lt;img src="Screenshot/Evidencia0000000007.png" width="800px"&gt;&lt;/a&gt;</msg>
<arg>${evidencia_eccomerce}</arg>
<doc>Takes a screenshot of the current page and embeds it into a log file.</doc>
<status status="PASS" start="2025-03-09T22:28:03.063530" elapsed="0.131787"/>
</kw>
<kw name="Click Element" owner="SeleniumLibrary">
<msg time="2025-03-09T22:28:03.197357" level="INFO">Clicking element 'xpath=//*[@id="speakersImg"]'.</msg>
<arg>${id_speakersImg}</arg>
<doc>Click the element identified by ``locator``.</doc>
<status status="PASS" start="2025-03-09T22:28:03.196191" elapsed="0.114927"/>
</kw>
<status status="PASS" start="2025-03-09T22:27:58.225450" elapsed="5.086551"/>
</kw>
<kw name="Escolher produto" owner="ecommerce">
<kw name="Wait Until Element Is Visible" owner="SeleniumLibrary">
<arg>${id_produto}</arg>
<arg>${delay}</arg>
<doc>Waits until the element ``locator`` is visible.</doc>
<status status="PASS" start="2025-03-09T22:28:03.314061" elapsed="3.059078"/>
</kw>
<kw name="Click Image" owner="SeleniumLibrary">
<msg time="2025-03-09T22:28:06.373139" level="INFO">Clicking image 'css=[id="23"]'.</msg>
<arg>${id_produto}</arg>
<doc>Clicks an image identified by ``locator``.</doc>
<status status="PASS" start="2025-03-09T22:28:06.373139" elapsed="0.339905"/>
</kw>
<kw name="Sleep" owner="BuiltIn">
<msg time="2025-03-09T22:28:09.714942" level="INFO">Slept 3 seconds.</msg>
<arg>3</arg>
<doc>Pauses the test executed for the given time.</doc>
<status status="PASS" start="2025-03-09T22:28:06.714065" elapsed="3.000877"/>
</kw>
<kw name="Capture Page Screenshot" owner="SeleniumLibrary">
<msg time="2025-03-09T22:28:09.940800" level="INFO" html="true">&lt;/td&gt;&lt;/tr&gt;&lt;tr&gt;&lt;td colspan="3"&gt;&lt;a href="Screenshot/Evidencia0000000008.png"&gt;&lt;img src="Screenshot/Evidencia0000000008.png" width="800px"&gt;&lt;/a&gt;</msg>
<arg>${evidencia_eccomerce}</arg>
<doc>Takes a screenshot of the current page and embeds it into a log file.</doc>
<status status="PASS" start="2025-03-09T22:28:09.716965" elapsed="0.223835"/>
</kw>
<for flavor="IN RANGE">
<iter>
<kw name="Wait Until Element Is Visible" owner="SeleniumLibrary">
<arg>${class_plus}</arg>
<arg>${delay}</arg>
<doc>Waits until the element ``locator`` is visible.</doc>
<status status="PASS" start="2025-03-09T22:28:09.940800" elapsed="0.058495"/>
</kw>
<kw name="Click Element" owner="SeleniumLibrary">
<msg time="2025-03-09T22:28:10.001825" level="INFO">Clicking element 'css=.plus'.</msg>
<arg>${class_plus}</arg>
<doc>Click the element identified by ``locator``.</doc>
<status status="PASS" start="2025-03-09T22:28:09.999295" elapsed="0.115257"/>
</kw>
<var name="${index}">1</var>
<status status="PASS" start="2025-03-09T22:28:09.940800" elapsed="0.174986"/>
</iter>
<iter>
<kw name="Wait Until Element Is Visible" owner="SeleniumLibrary">
<arg>${class_plus}</arg>
<arg>${delay}</arg>
<doc>Waits until the element ``locator`` is visible.</doc>
<status status="PASS" start="2025-03-09T22:28:10.116921" elapsed="0.036590"/>
</kw>
<kw name="Click Element" owner="SeleniumLibrary">
<msg time="2025-03-09T22:28:10.155858" level="INFO">Clicking element 'css=.plus'.</msg>
<arg>${class_plus}</arg>
<doc>Click the element identified by ``locator``.</doc>
<status status="PASS" start="2025-03-09T22:28:10.153511" elapsed="0.331121"/>
</kw>
<var name="${index}">2</var>
<status status="PASS" start="2025-03-09T22:28:10.116293" elapsed="0.368339"/>
</iter>
<iter>
<kw name="Wait Until Element Is Visible" owner="SeleniumLibrary">
<arg>${class_plus}</arg>
<arg>${delay}</arg>
<doc>Waits until the element ``locator`` is visible.</doc>
<status status="PASS" start="2025-03-09T22:28:10.486876" elapsed="0.043681"/>
</kw>
<kw name="Click Element" owner="SeleniumLibrary">
<msg time="2025-03-09T22:28:10.530557" level="INFO">Clicking element 'css=.plus'.</msg>
<arg>${class_plus}</arg>
<doc>Click the element identified by ``locator``.</doc>
<status status="PASS" start="2025-03-09T22:28:10.530557" elapsed="0.204561"/>
</kw>
<var name="${index}">3</var>
<status status="PASS" start="2025-03-09T22:28:10.484632" elapsed="0.250486"/>
</iter>
<iter>
<kw name="Wait Until Element Is Visible" owner="SeleniumLibrary">
<arg>${class_plus}</arg>
<arg>${delay}</arg>
<doc>Waits until the element ``locator`` is visible.</doc>
<status status="PASS" start="2025-03-09T22:28:10.737130" elapsed="0.035764"/>
</kw>
<kw name="Click Element" owner="SeleniumLibrary">
<msg time="2025-03-09T22:28:10.774246" level="INFO">Clicking element 'css=.plus'.</msg>
<arg>${class_plus}</arg>
<doc>Click the element identified by ``locator``.</doc>
<status status="PASS" start="2025-03-09T22:28:10.773713" elapsed="0.239314"/>
</kw>
<var name="${index}">4</var>
<status status="PASS" start="2025-03-09T22:28:10.736625" elapsed="0.276402"/>
</iter>
<var>${index}</var>
<value>1</value>
<value>5</value>
<value>1</value>
<status status="PASS" start="2025-03-09T22:28:09.940800" elapsed="1.072227"/>
</for>
<kw name="Sleep" owner="BuiltIn">
<msg time="2025-03-09T22:28:12.017882" level="INFO">Slept 1 second.</msg>
<arg>1</arg>
<doc>Pauses the test executed for the given time.</doc>
<status status="PASS" start="2025-03-09T22:28:11.013027" elapsed="1.004855"/>
</kw>
<kw name="Capture Page Screenshot" owner="SeleniumLibrary">
<msg time="2025-03-09T22:28:12.229098" level="INFO" html="true">&lt;/td&gt;&lt;/tr&gt;&lt;tr&gt;&lt;td colspan="3"&gt;&lt;a href="Screenshot/Evidencia0000000009.png"&gt;&lt;img src="Screenshot/Evidencia0000000009.png" width="800px"&gt;&lt;/a&gt;</msg>
<arg>${evidencia_eccomerce}</arg>
<doc>Takes a screenshot of the current page and embeds it into a log file.</doc>
<status status="PASS" start="2025-03-09T22:28:12.017882" elapsed="0.211216"/>
</kw>
<kw name="Click Button" owner="SeleniumLibrary">
<msg time="2025-03-09T22:28:12.238605" level="INFO">Clicking button 'ADD TO CART'.</msg>
<arg>${button_add}</arg>
<doc>Clicks the button identified by ``locator``.</doc>
<status status="PASS" start="2025-03-09T22:28:12.229098" elapsed="0.730005"/>
</kw>
<status status="PASS" start="2025-03-09T22:28:03.313029" elapsed="9.646580"/>
</kw>
<kw name="Realizar checkout" owner="ecommerce">
<kw name="Mouse Over" owner="SeleniumLibrary">
<msg time="2025-03-09T22:28:12.967935" level="INFO">Simulating Mouse Over on element 'css=[id="menuCart"]'.</msg>
<arg>${id_menuCart}</arg>
<doc>Simulates hovering the mouse over the element ``locator``.</doc>
<status status="PASS" start="2025-03-09T22:28:12.967159" elapsed="0.418051"/>
</kw>
<kw name="Sleep" owner="BuiltIn">
<msg time="2025-03-09T22:28:14.387862" level="INFO">Slept 1 second.</msg>
<arg>1</arg>
<doc>Pauses the test executed for the given time.</doc>
<status status="PASS" start="2025-03-09T22:28:13.385210" elapsed="1.002652"/>
</kw>
<kw name="Capture Page Screenshot" owner="SeleniumLibrary">
<msg time="2025-03-09T22:28:14.675474" level="INFO" html="true">&lt;/td&gt;&lt;/tr&gt;&lt;tr&gt;&lt;td colspan="3"&gt;&lt;a href="Screenshot/Evidencia0000000010.png"&gt;&lt;img src="Screenshot/Evidencia0000000010.png" width="800px"&gt;&lt;/a&gt;</msg>
<arg>${evidencia_eccomerce}</arg>
<doc>Takes a screenshot of the current page and embeds it into a log file.</doc>
<status status="PASS" start="2025-03-09T22:28:14.387862" elapsed="0.287612"/>
</kw>
<kw name="Wait Until Element Is Visible" owner="SeleniumLibrary">
<arg>${id_checkOutPopUp}</arg>
<arg>${delay}</arg>
<doc>Waits until the element ``locator`` is visible.</doc>
<status status="PASS" start="2025-03-09T22:28:14.675474" elapsed="0.089291"/>
</kw>
<kw name="Click Button" owner="SeleniumLibrary">
<msg time="2025-03-09T22:28:14.764765" level="INFO">Clicking button 'xpath=//*[@id="checkOutPopUp"]'.</msg>
<arg>${id_checkOutPopUp}</arg>
<doc>Clicks the button identified by ``locator``.</doc>
<status status="PASS" start="2025-03-09T22:28:14.764765" elapsed="0.269627"/>
</kw>
<kw name="Wait Until Element Is Visible" owner="SeleniumLibrary">
<arg>${id_qtd_item}</arg>
<arg>${delay}</arg>
<doc>Waits until the element ``locator`` is visible.</doc>
<status status="PASS" start="2025-03-09T22:28:15.035561" elapsed="1.027438"/>
</kw>
<kw name="Element Text Should Be" owner="SeleniumLibrary">
<msg time="2025-03-09T22:28:16.066020" level="INFO">Verifying element '//*[@id="userCart"]/span' contains exact text '5 ITEMS'.</msg>
<arg>${id_qtd_item}</arg>
<arg>${qtd_itens}</arg>
<doc>Verifies that element ``locator`` contains exact the text ``expected``.</doc>
<status status="PASS" start="2025-03-09T22:28:16.064992" elapsed="0.080891"/>
</kw>
<kw name="Wait Until Element Is Not Visible" owner="SeleniumLibrary">
<arg>${id_checkOutPopUp}</arg>
<arg>${delay}</arg>
<doc>Waits until the element ``locator`` is not visible.</doc>
<status status="PASS" start="2025-03-09T22:28:16.145883" elapsed="2.018148"/>
</kw>
<kw name="Sleep" owner="BuiltIn">
<msg time="2025-03-09T22:28:19.166546" level="INFO">Slept 1 second.</msg>
<arg>1</arg>
<doc>Pauses the test executed for the given time.</doc>
<status status="PASS" start="2025-03-09T22:28:18.164031" elapsed="1.002515"/>
</kw>
<kw name="Capture Page Screenshot" owner="SeleniumLibrary">
<msg time="2025-03-09T22:28:19.335182" level="INFO" html="true">&lt;/td&gt;&lt;/tr&gt;&lt;tr&gt;&lt;td colspan="3"&gt;&lt;a href="Screenshot/Evidencia0000000011.png"&gt;&lt;img src="Screenshot/Evidencia0000000011.png" width="800px"&gt;&lt;/a&gt;</msg>
<arg>${evidencia_eccomerce}</arg>
<doc>Takes a screenshot of the current page and embeds it into a log file.</doc>
<status status="PASS" start="2025-03-09T22:28:19.166546" elapsed="0.169154"/>
</kw>
<status status="PASS" start="2025-03-09T22:28:12.966140" elapsed="6.369560"/>
</kw>
<kw name="Usario invalido" owner="ecommerce">
<kw name="Click Button" owner="SeleniumLibrary">
<msg time="2025-03-09T22:28:19.335700" level="INFO">Clicking button 'xpath=//*[@id="registration_btn"]'.</msg>
<arg>${button_registration}</arg>
<doc>Clicks the button identified by ``locator``.</doc>
<status status="PASS" start="2025-03-09T22:28:19.335700" elapsed="0.146917"/>
</kw>
<kw name="Account details" owner="ecommerce">
<kw name="Wait Until Element Is Visible" owner="SeleniumLibrary">
<arg>${id_usernameRegisterPage}</arg>
<arg>${delay}</arg>
<doc>Waits until the element ``locator`` is visible.</doc>
<status status="PASS" start="2025-03-09T22:28:19.484625" elapsed="0.471508"/>
</kw>
<kw name="Input Text" owner="SeleniumLibrary">
<msg time="2025-03-09T22:28:19.958147" level="INFO">Typing text 'Usuarioteste3' into text field 'usernameRegisterPage'.</msg>
<arg>${id_usernameRegisterPage}</arg>
<arg>${new_user}[name]</arg>
<doc>Types the given ``text`` into the text field identified by ``locator``.</doc>
<status status="PASS" start="2025-03-09T22:28:19.956133" elapsed="0.214815"/>
</kw>
<kw name="Input Text" owner="SeleniumLibrary">
<msg time="2025-03-09T22:28:20.173782" level="INFO">Typing text 'Usuarioteste3@teste.com' into text field 'emailRegisterPage'.</msg>
<arg>${id_emailRegisterPage}</arg>
<arg>${new_user}[name]@teste.com</arg>
<doc>Types the given ``text`` into the text field identified by ``locator``.</doc>
<status status="PASS" start="2025-03-09T22:28:20.171959" elapsed="0.326532"/>
</kw>
<kw name="Input Text" owner="SeleniumLibrary">
<msg time="2025-03-09T22:28:20.500483" level="INFO">Typing text '12Qazxsw' into text field 'passwordRegisterPage'.</msg>
<arg>${id_passwordRegisterPage}</arg>
<arg>${new_user}[password]</arg>
<doc>Types the given ``text`` into the text field identified by ``locator``.</doc>
<status status="PASS" start="2025-03-09T22:28:20.498491" elapsed="0.251591"/>
</kw>
<kw name="Input Text" owner="SeleniumLibrary">
<msg time="2025-03-09T22:28:20.752590" level="INFO">Typing text '12Qazxsw' into text field 'css=input[name="confirm_passwordRegisterPage"]'.</msg>
<arg>${confirm_passwordRegisterPage}</arg>
<arg>${new_user}[password]</arg>
<doc>Types the given ``text`` into the text field identified by ``locator``.</doc>
<status status="PASS" start="2025-03-09T22:28:20.751587" elapsed="0.263634"/>
</kw>
<status status="PASS" start="2025-03-09T22:28:19.482617" elapsed="1.533600"/>
</kw>
<kw name="Personal details" owner="ecommerce">
<kw name="Input Text" owner="SeleniumLibrary">
<msg time="2025-03-09T22:28:21.020612" level="INFO">Typing text 'Usuario' into text field 'css=[name="first_nameRegisterPage"]'.</msg>
<arg>${first_nameRegisterPage}</arg>
<arg>${new_user}[first_name]</arg>
<doc>Types the given ``text`` into the text field identified by ``locator``.</doc>
<status status="PASS" start="2025-03-09T22:28:21.019756" elapsed="0.321201"/>
</kw>
<kw name="Input Text" owner="SeleniumLibrary">
<msg time="2025-03-09T22:28:21.343949" level="INFO">Typing text 'teste' into text field 'css=[name="last_nameRegisterPage"]'.</msg>
<arg>${nameRegisterPage}</arg>
<arg>${new_user}[last_name]</arg>
<doc>Types the given ``text`` into the text field identified by ``locator``.</doc>
<status status="PASS" start="2025-03-09T22:28:21.342441" elapsed="0.356353"/>
</kw>
<kw name="Input Text" owner="SeleniumLibrary">
<msg time="2025-03-09T22:28:21.705848" level="INFO">Typing text '(81)999999999' into text field 'css=[name="phone_numberRegisterPage"]'.</msg>
<arg>${numberRegisterPage}</arg>
<arg>${new_user}[phone]</arg>
<doc>Types the given ``text`` into the text field identified by ``locator``.</doc>
<status status="PASS" start="2025-03-09T22:28:21.699992" elapsed="0.360499"/>
</kw>
<kw name="Sleep" owner="BuiltIn">
<msg time="2025-03-09T22:28:23.062887" level="INFO">Slept 1 second.</msg>
<arg>1</arg>
<doc>Pauses the test executed for the given time.</doc>
<status status="PASS" start="2025-03-09T22:28:22.061508" elapsed="1.001379"/>
</kw>
<kw name="Capture Page Screenshot" owner="SeleniumLibrary">
<msg time="2025-03-09T22:28:23.233370" level="INFO" html="true">&lt;/td&gt;&lt;/tr&gt;&lt;tr&gt;&lt;td colspan="3"&gt;&lt;a href="Screenshot/Evidencia0000000012.png"&gt;&lt;img src="Screenshot/Evidencia0000000012.png" width="800px"&gt;&lt;/a&gt;</msg>
<arg>${evidencia_eccomerce}</arg>
<doc>Takes a screenshot of the current page and embeds it into a log file.</doc>
<status status="PASS" start="2025-03-09T22:28:23.062887" elapsed="0.170483"/>
</kw>
<status status="PASS" start="2025-03-09T22:28:21.017218" elapsed="2.216152"/>
</kw>
<kw name="Consultar cep" owner="ecommerce">
<kw name="Create Session" owner="RequestsLibrary">
<msg time="2025-03-09T22:28:23.233370" level="INFO">Creating Session using : alias=Teste1, url=https://brasilapi.com.br/api/, headers={'accept': 'application/json'},                     cookies={}, auth=None, timeout=None, proxies=None, verify=False,                     debug=0 </msg>
<arg>alias=Teste1</arg>
<arg>url=${api_correios}</arg>
<arg>headers=&amp;{headers}</arg>
<arg>disable_warnings=true</arg>
<doc>Create Session: create a HTTP session to a server</doc>
<status status="PASS" start="2025-03-09T22:28:23.233370" elapsed="0.000000"/>
</kw>
<kw name="GET On Session" owner="RequestsLibrary">
<msg time="2025-03-09T22:28:27.049532" level="INFO">GET Request : url=https://brasilapi.com.br/api/cep/v1/50030150 
 path_url=/api/cep/v1/50030150 
 headers={'User-Agent': 'python-requests/2.32.3', 'Accept-Encoding': 'gzip, deflate', 'accept': 'application/json', 'Connection': 'keep-alive'} 
 body=None 
 </msg>
<msg time="2025-03-09T22:28:27.049532" level="INFO">GET Response : url=https://brasilapi.com.br/api/cep/v1/50030150 
 status=200, reason=OK 
 headers={'Date': 'Mon, 10 Mar 2025 01:28:27 GMT', 'Content-Type': 'application/json; charset=utf-8', 'Transfer-Encoding': 'chunked', 'Connection': 'keep-alive', 'Access-Control-Allow-Origin': '*', 'Age': '0', 'Cache-Control': 'max-age=0, public', 'Server': 'cloudflare', 'Strict-Transport-Security': 'max-age=63072000', 'X-Matched-Path': '/api/cep/v1/[cep]', 'X-Vercel-Cache': 'MISS', 'X-Vercel-Id': 'gru1::sfo1::lf9bl-1741570106386-7bb74dd3b662', 'Cf-Cache-Status': 'DYNAMIC', 'Etag': 'W/"qj82b62wgd3i"', 'Content-Encoding': 'gzip', 'CF-RAY': '91df090cdfa00301-GRU', 'alt-svc': 'h3=":443"; ma=86400'} 
 body={"cep":"50030150","state":"PE","city":"Recife","neighborhood":"Recife","street":"Avenida Alfredo Lisboa","service":"open-cep"} 
 </msg>
<msg time="2025-03-09T22:28:27.049532" level="INFO">${response} = &lt;Response [200]&gt;</msg>
<var>${response}</var>
<arg>alias=Teste1</arg>
<arg>url=cep/v1/${address}[zip_code]</arg>
<arg>expected_status=any</arg>
<doc>Sends a GET request on a previously created HTTP Session.</doc>
<status status="PASS" start="2025-03-09T22:28:23.233370" elapsed="3.816162"/>
</kw>
<kw name="Get From Dictionary" owner="Collections">
<msg time="2025-03-09T22:28:27.049532" level="INFO">${city} = Recife</msg>
<var>${city}</var>
<arg>${response.json()}</arg>
<arg>city</arg>
<doc>Returns a value from the given ``dictionary`` based on the given ``key``.</doc>
<status status="PASS" start="2025-03-09T22:28:27.049532" elapsed="0.000000"/>
</kw>
<kw name="Set Global Variable" owner="BuiltIn">
<msg time="2025-03-09T22:28:27.065176" level="INFO">${city_api} = Recife</msg>
<arg>${city_api}</arg>
<arg>${city}</arg>
<doc>Makes a variable available globally in all tests and suites.</doc>
<status status="PASS" start="2025-03-09T22:28:27.065176" elapsed="0.000000"/>
</kw>
<kw name="Get From Dictionary" owner="Collections">
<msg time="2025-03-09T22:28:27.065176" level="INFO">${street} = Avenida Alfredo Lisboa</msg>
<var>${street}</var>
<arg>${response.json()}</arg>
<arg>street</arg>
<doc>Returns a value from the given ``dictionary`` based on the given ``key``.</doc>
<status status="PASS" start="2025-03-09T22:28:27.065176" elapsed="0.000000"/>
</kw>
<kw name="Set Global Variable" owner="BuiltIn">
<msg time="2025-03-09T22:28:27.080817" level="INFO">${street_api} = Avenida Alfredo Lisboa</msg>
<arg>${street_api}</arg>
<arg>${street}</arg>
<doc>Makes a variable available globally in all tests and suites.</doc>
<status status="PASS" start="2025-03-09T22:28:27.065176" elapsed="0.016439"/>
</kw>
<kw name="Get From Dictionary" owner="Collections">
<msg time="2025-03-09T22:28:27.082634" level="INFO">${state} = PE</msg>
<var>${state}</var>
<arg>${response.json()}</arg>
<arg>state</arg>
<doc>Returns a value from the given ``dictionary`` based on the given ``key``.</doc>
<status status="PASS" start="2025-03-09T22:28:27.081615" elapsed="0.001019"/>
</kw>
<kw name="Set Global Variable" owner="BuiltIn">
<msg time="2025-03-09T22:28:27.082634" level="INFO">${state_api} = PE</msg>
<arg>${state_api}</arg>
<arg>${state}</arg>
<doc>Makes a variable available globally in all tests and suites.</doc>
<status status="PASS" start="2025-03-09T22:28:27.082634" elapsed="0.000000"/>
</kw>
<status status="PASS" start="2025-03-09T22:28:23.233370" elapsed="3.849264"/>
</kw>
<kw name="Endereço" owner="ecommerce">
<kw name="Select From List By Label" owner="SeleniumLibrary">
<msg time="2025-03-09T22:28:27.082634" level="INFO">Selecting options from selection list '//select' by label Brazil.</msg>
<arg>${select_country}</arg>
<arg>${address}[country]</arg>
<doc>Selects options from selection list ``locator`` by ``labels``.</doc>
<status status="PASS" start="2025-03-09T22:28:27.082634" elapsed="0.174935"/>
</kw>
<kw name="Input Text" owner="SeleniumLibrary">
<msg time="2025-03-09T22:28:27.259075" level="INFO">Typing text 'Recife' into text field 'css=[name="cityRegisterPage"]'.</msg>
<arg>${input_city}</arg>
<arg>${city_api}</arg>
<doc>Types the given ``text`` into the text field identified by ``locator``.</doc>
<status status="PASS" start="2025-03-09T22:28:27.257935" elapsed="0.141289"/>
</kw>
<kw name="Input Text" owner="SeleniumLibrary">
<msg time="2025-03-09T22:28:27.400232" level="INFO">Typing text 'Avenida Alfredo Lisboa' into text field 'addressRegisterPage'.</msg>
<arg>${id_addressRegisterPage}</arg>
<arg>${street_api}</arg>
<doc>Types the given ``text`` into the text field identified by ``locator``.</doc>
<status status="PASS" start="2025-03-09T22:28:27.400232" elapsed="0.258103"/>
</kw>
<kw name="Input Text" owner="SeleniumLibrary">
<msg time="2025-03-09T22:28:27.661350" level="INFO">Typing text 'PE' into text field 'xpath=//*[@id="formCover"]/div[3]/div[2]/sec-view[2]/div/input'.</msg>
<arg>${id_state}</arg>
<arg>${state_api}</arg>
<doc>Types the given ``text`` into the text field identified by ``locator``.</doc>
<status status="PASS" start="2025-03-09T22:28:27.660348" elapsed="0.204607"/>
</kw>
<kw name="Input Text" owner="SeleniumLibrary">
<msg time="2025-03-09T22:28:27.867149" level="INFO">Typing text '50030150' into text field 'css=[name="postal_codeRegisterPage"]'.</msg>
<arg>${name_postal_codeRegisterPage}</arg>
<arg>${address}[zip_code]</arg>
<doc>Types the given ``text`` into the text field identified by ``locator``.</doc>
<status status="PASS" start="2025-03-09T22:28:27.865184" elapsed="0.256178"/>
</kw>
<kw name="Sleep" owner="BuiltIn">
<msg time="2025-03-09T22:28:29.121498" level="INFO">Slept 1 second.</msg>
<arg>1</arg>
<doc>Pauses the test executed for the given time.</doc>
<status status="PASS" start="2025-03-09T22:28:28.121362" elapsed="1.000136"/>
</kw>
<kw name="Capture Page Screenshot" owner="SeleniumLibrary">
<msg time="2025-03-09T22:28:29.308704" level="INFO" html="true">&lt;/td&gt;&lt;/tr&gt;&lt;tr&gt;&lt;td colspan="3"&gt;&lt;a href="Screenshot/Evidencia0000000013.png"&gt;&lt;img src="Screenshot/Evidencia0000000013.png" width="800px"&gt;&lt;/a&gt;</msg>
<arg>${evidencia_eccomerce}</arg>
<doc>Takes a screenshot of the current page and embeds it into a log file.</doc>
<status status="PASS" start="2025-03-09T22:28:29.121498" elapsed="0.187206"/>
</kw>
<status status="PASS" start="2025-03-09T22:28:27.082634" elapsed="2.226070"/>
</kw>
<status status="PASS" start="2025-03-09T22:28:19.335700" elapsed="9.973004"/>
</kw>
<kw name="Validar mensagem impeditiva" owner="ecommerce">
<kw name="Click Element" owner="SeleniumLibrary">
<msg time="2025-03-09T22:28:29.314526" level="INFO">Clicking element 'css=.checkboxText'.</msg>
<arg>${class_checkboxText}</arg>
<doc>Click the element identified by ``locator``.</doc>
<status status="PASS" start="2025-03-09T22:28:29.314526" elapsed="0.191009"/>
</kw>
<kw name="Sleep" owner="BuiltIn">
<msg time="2025-03-09T22:28:30.505709" level="INFO">Slept 1 second.</msg>
<arg>1</arg>
<doc>Pauses the test executed for the given time.</doc>
<status status="PASS" start="2025-03-09T22:28:29.505535" elapsed="1.000174"/>
</kw>
<kw name="Capture Page Screenshot" owner="SeleniumLibrary">
<msg time="2025-03-09T22:28:30.632270" level="INFO" html="true">&lt;/td&gt;&lt;/tr&gt;&lt;tr&gt;&lt;td colspan="3"&gt;&lt;a href="Screenshot/Evidencia0000000014.png"&gt;&lt;img src="Screenshot/Evidencia0000000014.png" width="800px"&gt;&lt;/a&gt;</msg>
<arg>${evidencia_eccomerce}</arg>
<doc>Takes a screenshot of the current page and embeds it into a log file.</doc>
<status status="PASS" start="2025-03-09T22:28:30.505709" elapsed="0.126561"/>
</kw>
<kw name="Click Button" owner="SeleniumLibrary">
<msg time="2025-03-09T22:28:30.632270" level="INFO">Clicking button 'register_btn'.</msg>
<arg>${button_register}</arg>
<doc>Clicks the button identified by ``locator``.</doc>
<status status="PASS" start="2025-03-09T22:28:30.632270" elapsed="0.156318"/>
</kw>
<kw name="Wait Until Element Is Visible" owner="SeleniumLibrary">
<msg time="2025-03-09T22:28:40.934326" level="INFO" html="true">&lt;/td&gt;&lt;/tr&gt;&lt;tr&gt;&lt;td colspan="3"&gt;&lt;a href="selenium-screenshot-8.png"&gt;&lt;img src="selenium-screenshot-8.png" width="800px"&gt;&lt;/a&gt;</msg>
<msg time="2025-03-09T22:28:40.934326" level="FAIL">Element '//label[contains(text(),'User name already exists')]' not visible after 10 seconds.</msg>
<arg>${label_mensagem}</arg>
<arg>${delay}</arg>
<doc>Waits until the element ``locator`` is visible.</doc>
<status status="FAIL" start="2025-03-09T22:28:30.789125" elapsed="10.145201">Element '//label[contains(text(),'User name already exists')]' not visible after 10 seconds.</status>
</kw>
<kw name="Element Should Contain" owner="SeleniumLibrary">
<arg>${label_mensagem}</arg>
<arg>${mensagem}</arg>
<doc>Verifies that element ``locator`` contains text ``expected``.</doc>
<status status="NOT RUN" start="2025-03-09T22:28:40.934326" elapsed="0.000000"/>
</kw>
<status status="FAIL" start="2025-03-09T22:28:29.308704" elapsed="11.625622">Element '//label[contains(text(),'User name already exists')]' not visible after 10 seconds.</status>
</kw>
<kw name="Finish execution" owner="base" type="TEARDOWN">
<kw name="Close Browser" owner="SeleniumLibrary">
<doc>Closes the current browser.</doc>
<status status="PASS" start="2025-03-09T22:28:40.934326" elapsed="2.514575"/>
</kw>
<status status="PASS" start="2025-03-09T22:28:40.934326" elapsed="2.515638"/>
</kw>
<tag>impedimento</tag>
<status status="FAIL" start="2025-03-09T22:27:42.263428" elapsed="61.187731">Element '//label[contains(text(),'User name already exists')]' not visible after 10 seconds.</status>
</test>
<doc>Realizar compra em um site de ecomerce</doc>
<status status="FAIL" start="2025-03-09T22:26:46.619994" elapsed="116.838464"/>
</suite>
<status status="FAIL" start="2025-03-09T22:26:46.619994" elapsed="116.853400"/>
</suite>
<status status="FAIL" start="2025-03-09T22:26:46.619994" elapsed="116.877817"/>
</suite>
<status status="FAIL" start="2025-03-09T22:26:46.619477" elapsed="116.883845"/>
</suite>
<status status="FAIL" start="2025-03-09T22:26:46.612022" elapsed="116.905051"/>
</suite>
<status status="FAIL" start="2025-03-09T22:26:46.577262" elapsed="116.948418"/>
</suite>
<statistics>
<total>
<stat pass="0" fail="2" skip="0">All Tests</stat>
</total>
<tag>
<stat pass="0" fail="1" skip="0">impedimento</stat>
<stat pass="0" fail="1" skip="0">sucesso</stat>
</tag>
<suite>
<stat name="QAX" id="s1" pass="0" fail="2" skip="0">QAX</stat>
<stat name="Projects" id="s1-s1" pass="0" fail="2" skip="0">QAX.Projects</stat>
<stat name="RobotFramework" id="s1-s1-s1" pass="0" fail="2" skip="0">QAX.Projects.RobotFramework</stat>
<stat name="Desafio Robot Framework" id="s1-s1-s1-s1" pass="0" fail="2" skip="0">QAX.Projects.RobotFramework.Desafio Robot Framework</stat>
<stat name="Tests" id="s1-s1-s1-s1-s1" pass="0" fail="2" skip="0">QAX.Projects.RobotFramework.Desafio Robot Framework.Tests</stat>
<stat name="Ecommerce" id="s1-s1-s1-s1-s1-s1" pass="0" fail="2" skip="0">QAX.Projects.RobotFramework.Desafio Robot Framework.Tests.Ecommerce</stat>
</suite>
</statistics>
<errors>
</errors>
</robot>
