<?xml version="1.0" encoding="UTF-8"?>
<robot generator="Robot 7.0 (Python 3.12.3 on win32)" generated="2024-05-18T23:32:40.306183" rpa="false" schemaversion="5">
<suite id="s1" name="QAX" source="C:\QAX">
<suite id="s1-s1" name="Projects" source="C:\QAX\Projects">
<suite id="s1-s1-s1" name="Python" source="C:\QAX\Projects\Python">
<suite id="s1-s1-s1-s1" name="Teste" source="C:\QAX\Projects\Python\teste.robot">
<test id="s1-s1-s1-s1-t1" name="teste" line="9">
<kw name="New Browser" owner="Browser">
<msg time="2024-05-18T23:32:43.312511" level="INFO">{"browser": "chromium", "headless": false, "chromiumSandbox": false, "devtools": false, "handleSIGHUP": true, "handleSIGINT": true, "handleSIGTERM": true, "slowMo": 0.0, "timeout": 30000.0, "tracesDir": "C:\\QAX\\results\\browser\\traces\\c8a5985a-7290-43c6-b6ad-b2ccce2e685f"}</msg>
<msg time="2024-05-18T23:32:45.949666" level="INFO">Successfully created browser with options: {"browser":"chromium","headless":false,"chromiumSandbox":false,"devtools":false,"handleSIGHUP":true,"handleSIGINT":true,"handleSIGTERM":true,"slowMo":0,"timeout":30000,"tracesDir":"C:\\QAX\\results\\browser\\traces\\c8a5985a-7290-43c6-b6ad-b2ccce2e685f"}</msg>
<arg>chromium</arg>
<arg>headless=False</arg>
<tag>BrowserControl</tag>
<tag>Setter</tag>
<doc>Create a new playwright Browser with specified options.</doc>
<status status="PASS" start="2024-05-18T23:32:43.312511" elapsed="2.637155"/>
</kw>
<kw name="New Context" owner="Browser">
<msg time="2024-05-18T23:32:45.952481" level="INFO">{
  "acceptDownloads": true,
  "bypassCSP": false,
  "forcedColors": "none",
  "ignoreHTTPSErrors": false,
  "javaScriptEnabled": true,
  "offline": false,
  "reducedMotion": "no-preference",
  "serviceWorkers": "allow",
  "viewport": {
    "width": 1920,
    "height": 1080
  }
}</msg>
<msg time="2024-05-18T23:32:45.979430" level="INFO">Successfully created context. </msg>
<msg time="2024-05-18T23:32:45.979430" level="INFO">{'acceptDownloads': True, 'bypassCSP': False, 'forcedColors': 'none', 'ignoreHTTPSErrors': False, 'javaScriptEnabled': True, 'offline': False, 'reducedMotion': 'no-preference', 'serviceWorkers': 'allow', 'viewport': {'width': 1920, 'height': 1080}}</msg>
<arg>viewport={'width': 1920, 'height': 1080}</arg>
<tag>BrowserControl</tag>
<tag>Setter</tag>
<doc>Create a new BrowserContext with specified options.</doc>
<status status="PASS" start="2024-05-18T23:32:45.949666" elapsed="0.029764"/>
</kw>
<kw name="New Page" owner="Browser">
<msg time="2024-05-18T23:32:52.166713" level="INFO">Successfully initialized new page object and opened url: https://loterias.caixa.gov.br/Paginas/Lotofacil.aspx</msg>
<arg>url=https://loterias.caixa.gov.br/Paginas/Lotofacil.aspx</arg>
<tag>BrowserControl</tag>
<tag>Setter</tag>
<doc>Open a new Page.</doc>
<status status="PASS" start="2024-05-18T23:32:46.000800" elapsed="6.166425"/>
</kw>
<kw name="Get Text" owner="Browser">
<msg time="2024-05-18T23:32:52.228091" level="INFO">Text: '010203040507091012131617192325'</msg>
<msg time="2024-05-18T23:32:52.228091" level="INFO">${log} = 010203040507091012131617192325</msg>
<var>${log}</var>
<arg>//*[@id="wp_resultados"]/div[2]/div/div/div[1]/ul</arg>
<tag>Assertion</tag>
<tag>Getter</tag>
<tag>PageContent</tag>
<doc>Returns text attribute of the element found by ``selector``.</doc>
<status status="PASS" start="2024-05-18T23:32:52.167225" elapsed="0.060866"/>
</kw>
<kw name="Take Screenshot" owner="Browser">
<msg time="2024-05-18T23:32:52.501819" level="INFO" html="true">&lt;/td&gt;&lt;/tr&gt;&lt;tr&gt;&lt;td colspan="3"&gt;&lt;a href="browser/screenshot/robotframework-browser-screenshot-1.png" target="_blank"&gt;&lt;img src="browser/screenshot/robotframework-browser-screenshot-1.png" width="800px"/&gt;&lt;/a&gt;</msg>
<tag>PageContent</tag>
<doc>Takes a screenshot of the current window or element and saves it to disk.</doc>
<status status="PASS" start="2024-05-18T23:32:52.228091" elapsed="0.274236"/>
</kw>
<kw name="Transformar Valor" owner="converter">
<msg time="2024-05-18T23:32:52.502327" level="INFO">${novo} = (1, 2, 3, 4, 5, 7, 9, 10, 12, 13, 16, 17, 19, 23, 25)</msg>
<var>${novo}</var>
<arg>${log}</arg>
<status status="PASS" start="2024-05-18T23:32:52.502327" elapsed="0.000000"/>
</kw>
<kw name="Log" owner="BuiltIn">
<msg time="2024-05-18T23:32:52.502327" level="INFO">010203040507091012131617192325</msg>
<arg>${log}</arg>
<doc>Logs the given message with the given level.</doc>
<status status="PASS" start="2024-05-18T23:32:52.502327" elapsed="0.000000"/>
</kw>
<kw name="Log" owner="BuiltIn">
<msg time="2024-05-18T23:32:52.502327" level="INFO">(1, 2, 3, 4, 5, 7, 9, 10, 12, 13, 16, 17, 19, 23, 25)</msg>
<arg>${novo}</arg>
<doc>Logs the given message with the given level.</doc>
<status status="PASS" start="2024-05-18T23:32:52.502327" elapsed="0.000000"/>
</kw>
<status status="PASS" start="2024-05-18T23:32:43.311451" elapsed="9.196151"/>
</test>
<doc>Automação lotofacil</doc>
<status status="PASS" start="2024-05-18T23:32:40.358555" elapsed="12.287465"/>
</suite>
<status status="PASS" start="2024-05-18T23:32:40.353991" elapsed="12.303984"/>
</suite>
<status status="PASS" start="2024-05-18T23:32:40.338185" elapsed="12.323223"/>
</suite>
<status status="PASS" start="2024-05-18T23:32:40.322021" elapsed="12.341607"/>
</suite>
<statistics>
<total>
<stat pass="1" fail="0" skip="0">All Tests</stat>
</total>
<tag>
</tag>
<suite>
<stat pass="1" fail="0" skip="0" id="s1" name="QAX">QAX</stat>
<stat pass="1" fail="0" skip="0" id="s1-s1" name="Projects">QAX.Projects</stat>
<stat pass="1" fail="0" skip="0" id="s1-s1-s1" name="Python">QAX.Projects.Python</stat>
<stat pass="1" fail="0" skip="0" id="s1-s1-s1-s1" name="Teste">QAX.Projects.Python.Teste</stat>
</suite>
</statistics>
<errors>
</errors>
</robot>
