<?xml version="1.0" encoding="UTF-8"?>
<robot generator="Robot 7.0 (Python 3.12.3 on win32)" generated="2024-04-23T17:21:29.299434" rpa="false" schemaversion="5">
<suite id="s1" name="QAX" source="C:\QAX">
<suite id="s1-s1" name="Projects" source="C:\QAX\Projects">
<suite id="s1-s1-s1" name="RobotFramework" source="C:\QAX\Projects\RobotFramework">
<suite id="s1-s1-s1-s1" name="Teste" source="C:\QAX\Projects\RobotFramework\teste.robot">
<test id="s1-s1-s1-s1-t1" name="Test Case 1" line="7">
<kw name="Log" owner="BuiltIn">
<msg time="2024-04-23T17:21:29.362616" level="INFO">my_value</msg>
<arg>${my_var}</arg>
<doc>Logs the given message with the given level.</doc>
<status status="PASS" start="2024-04-23T17:21:29.362616" elapsed="0.000967"/>
</kw>
<kw name="Log" owner="BuiltIn">
<msg time="2024-04-23T17:21:29.364581" level="INFO">['Apple', 'Banana', 'Orange']</msg>
<arg>${my_list}</arg>
<doc>Logs the given message with the given level.</doc>
<status status="PASS" start="2024-04-23T17:21:29.363583" elapsed="0.000998"/>
</kw>
<kw name="Log" owner="BuiltIn">
<msg time="2024-04-23T17:21:29.365586" level="INFO">{'name': 'my_value1', 'password': 'my_value2'}</msg>
<arg>${my_dict}</arg>
<doc>Logs the given message with the given level.</doc>
<status status="PASS" start="2024-04-23T17:21:29.365586" elapsed="0.000000"/>
</kw>
<for flavor="IN">
<iter>
<kw name="Log" owner="BuiltIn">
<msg time="2024-04-23T17:21:29.366582" level="INFO">Apple</msg>
<arg>${item}</arg>
<doc>Logs the given message with the given level.</doc>
<status status="PASS" start="2024-04-23T17:21:29.366582" elapsed="0.001000"/>
</kw>
<var name="${item}">Apple</var>
<status status="PASS" start="2024-04-23T17:21:29.366582" elapsed="0.001000"/>
</iter>
<iter>
<kw name="Log" owner="BuiltIn">
<msg time="2024-04-23T17:21:29.367582" level="INFO">Banana</msg>
<arg>${item}</arg>
<doc>Logs the given message with the given level.</doc>
<status status="PASS" start="2024-04-23T17:21:29.367582" elapsed="0.000998"/>
</kw>
<var name="${item}">Banana</var>
<status status="PASS" start="2024-04-23T17:21:29.367582" elapsed="0.000998"/>
</iter>
<iter>
<kw name="Log" owner="BuiltIn">
<msg time="2024-04-23T17:21:29.368580" level="INFO">Orange</msg>
<arg>${item}</arg>
<doc>Logs the given message with the given level.</doc>
<status status="PASS" start="2024-04-23T17:21:29.368580" elapsed="0.000000"/>
</kw>
<var name="${item}">Orange</var>
<status status="PASS" start="2024-04-23T17:21:29.368580" elapsed="0.000000"/>
</iter>
<var>${item}</var>
<value>@{my_list}</value>
<status status="PASS" start="2024-04-23T17:21:29.366582" elapsed="0.001998"/>
</for>
<kw name="Log" owner="BuiltIn">
<msg time="2024-04-23T17:21:29.369538" level="INFO">my_value1</msg>
<arg>${my_dict}[name]</arg>
<doc>Logs the given message with the given level.</doc>
<status status="PASS" start="2024-04-23T17:21:29.369538" elapsed="0.000000"/>
</kw>
<kw name="Log" owner="BuiltIn">
<msg time="2024-04-23T17:21:29.370548" level="INFO">my_value2</msg>
<arg>${my_dict}[password]</arg>
<doc>Logs the given message with the given level.</doc>
<status status="PASS" start="2024-04-23T17:21:29.370548" elapsed="0.000000"/>
</kw>
<for flavor="IN">
<iter>
<kw name="Log Many" owner="BuiltIn">
<msg time="2024-04-23T17:21:29.371545" level="INFO">name</msg>
<msg time="2024-04-23T17:21:29.371545" level="INFO">my_value1</msg>
<arg>${key}</arg>
<arg>${value}</arg>
<doc>Logs the given messages as separate entries using the INFO level.</doc>
<status status="PASS" start="2024-04-23T17:21:29.371545" elapsed="0.001008"/>
</kw>
<var name="${key}">name</var>
<var name="${value}">my_value1</var>
<status status="PASS" start="2024-04-23T17:21:29.371545" elapsed="0.001008"/>
</iter>
<iter>
<kw name="Log Many" owner="BuiltIn">
<msg time="2024-04-23T17:21:29.372553" level="INFO">password</msg>
<msg time="2024-04-23T17:21:29.373566" level="INFO">my_value2</msg>
<arg>${key}</arg>
<arg>${value}</arg>
<doc>Logs the given messages as separate entries using the INFO level.</doc>
<status status="PASS" start="2024-04-23T17:21:29.372553" elapsed="0.001013"/>
</kw>
<var name="${key}">password</var>
<var name="${value}">my_value2</var>
<status status="PASS" start="2024-04-23T17:21:29.372553" elapsed="0.001013"/>
</iter>
<var>${key}</var>
<var>${value}</var>
<value>&amp;{my_dict}</value>
<status status="PASS" start="2024-04-23T17:21:29.370548" elapsed="0.003018"/>
</for>
<kw name="My Keyword">
<kw name="Log Many" owner="BuiltIn">
<msg time="2024-04-23T17:21:29.374546" level="INFO">my_value</msg>
<msg time="2024-04-23T17:21:29.374546" level="INFO">['Apple', 'Banana', 'Orange']</msg>
<msg time="2024-04-23T17:21:29.374546" level="INFO">{'name': 'my_value1', 'password': 'my_value2'}</msg>
<arg>${my_var}</arg>
<arg>${my_list}</arg>
<arg>${my_dict}</arg>
<doc>Logs the given messages as separate entries using the INFO level.</doc>
<status status="PASS" start="2024-04-23T17:21:29.374546" elapsed="0.000000"/>
</kw>
<status status="PASS" start="2024-04-23T17:21:29.373566" elapsed="0.000980"/>
</kw>
<status status="PASS" start="2024-04-23T17:21:29.361575" elapsed="0.013969"/>
</test>
<status status="PASS" start="2024-04-23T17:21:29.357477" elapsed="0.018067"/>
</suite>
<status status="PASS" start="2024-04-23T17:21:29.346941" elapsed="0.029606"/>
</suite>
<status status="PASS" start="2024-04-23T17:21:29.346941" elapsed="0.030735"/>
</suite>
<status status="PASS" start="2024-04-23T17:21:29.330261" elapsed="0.047415"/>
</suite>
<statistics>
<total>
<stat pass="1" fail="0" skip="0">All Tests</stat>
</total>
<tag>
</tag>
<suite>
<stat pass="1" fail="0" skip="0" id="s1" name="QAX">QAX</stat>
<stat pass="1" fail="0" skip="0" id="s1-s1" name="Projects">QAX.Projects</stat>
<stat pass="1" fail="0" skip="0" id="s1-s1-s1" name="RobotFramework">QAX.Projects.RobotFramework</stat>
<stat pass="1" fail="0" skip="0" id="s1-s1-s1-s1" name="Teste">QAX.Projects.RobotFramework.Teste</stat>
</suite>
</statistics>
<errors>
</errors>
</robot>
