<?xml version="1.0" encoding="UTF-8"?>
<robot generator="Robot 7.0 (Python 3.12.2 on win32)" generated="2024-08-27T22:22:57.928508" rpa="false" schemaversion="5">
<suite id="s1" name="QAX" source="C:\QAX">
<suite id="s1-s1" name="Projects" source="C:\QAX\Projects">
<suite id="s1-s1-s1" name="RobotFramework" source="C:\QAX\Projects\RobotFramework">
<suite id="s1-s1-s1-s1" name="Mainframe" source="C:\QAX\Projects\RobotFramework\Mainframe">
<suite id="s1-s1-s1-s1-s1" name="Mainframe" source="C:\QAX\Projects\RobotFramework\Mainframe\mainframe.robot">
<test id="s1-s1-s1-s1-s1-t1" name="Example" line="8">
<kw name="Open Connection" owner="Mainframe3270">
<arg>host=127.0.0.1</arg>
<arg>port=23</arg>
<doc>Create a connection to an IBM3270 mainframe with the default port 23.
To establish a connection, only the hostname is required.
Optional parameters include logical unit name (LU) and port.</doc>
<status status="PASS" start="2024-08-27T22:22:58.003643" elapsed="1.065704"/>
</kw>
<kw name="Change Wait Time" owner="Mainframe3270">
<arg>0.4 seconds</arg>
<doc>To give time for the mainframe screen to be "drawn" and receive the next commands, a "wait time" has been
created, which by default is set to 0.5 seconds. This is a sleep applied AFTER the following keywords:</doc>
<status status="PASS" start="2024-08-27T22:22:59.069347" elapsed="0.001002"/>
</kw>
<kw name="Change Wait Time After Write" owner="Mainframe3270">
<arg>0.4 seconds</arg>
<doc>To give the user time to see what is happening inside the mainframe, a "wait time after write" has
been created, which by default is set to 0 seconds. This is a sleep applied AFTER sending a string in these
keywords:</doc>
<status status="PASS" start="2024-08-27T22:22:59.070349" elapsed="0.000000"/>
</kw>
<kw name="Set Screenshot Folder" owner="Mainframe3270">
<arg>C:\\Temp\\IMG</arg>
<doc>Set a folder to keep the html files generated by the `Take Screenshot` keyword.</doc>
<status status="PASS" start="2024-08-27T22:22:59.070349" elapsed="0.000995"/>
</kw>
<kw name="Read" owner="Mainframe3270">
<kw name="Take Screenshot" owner="Mainframe3270">
<msg time="2024-08-27T22:24:05.839327" level="FAIL">ConnectionResetError: [WinError 10054] Foi forçado o cancelamento de uma conexão existente pelo host remoto</msg>
<doc>Generate a screenshot of the IBM 3270 Mainframe in a html format. The
default folder is the log folder of RobotFramework, if you want change see the `Set Screenshot Folder`.</doc>
<status status="FAIL" start="2024-08-27T22:24:05.839327" elapsed="0.003504">ConnectionResetError: [WinError 10054] Foi forçado o cancelamento de uma conexão existente pelo host remoto</status>
</kw>
<msg time="2024-08-27T22:24:05.842831" level="WARN">Keyword 'Take Screenshot' could not be run on failure: ConnectionResetError: [WinError 10054] Foi forçado o cancelamento de uma conexão existente pelo host remoto</msg>
<msg time="2024-08-27T22:24:05.845346" level="FAIL">ConnectionResetError: [WinError 10054] Foi forçado o cancelamento de uma conexão existente pelo host remoto</msg>
<var>${value}</var>
<arg>3</arg>
<arg>10</arg>
<arg>17</arg>
<doc>Get a string of ``length`` at screen coordinates ``ypos`` / ``xpos``.</doc>
<status status="FAIL" start="2024-08-27T22:22:59.071344" elapsed="66.774620">ConnectionResetError: [WinError 10054] Foi forçado o cancelamento de uma conexão existente pelo host remoto</status>
</kw>
<kw name="Page Should Contain String" owner="Mainframe3270">
<arg>ENTER APPLICATION</arg>
<doc>Assert that a given string exists on the mainframe screen.</doc>
<status status="NOT RUN" start="2024-08-27T22:24:05.846876" elapsed="0.000000"/>
</kw>
<kw name="Wait Field Detected" owner="Mainframe3270">
<doc>Wait until the screen is ready, the cursor has been positioned
on a modifiable field, and the keyboard is unlocked.</doc>
<status status="NOT RUN" start="2024-08-27T22:24:05.846876" elapsed="0.000000"/>
</kw>
<kw name="Write Bare" owner="Mainframe3270">
<arg>applicationname</arg>
<doc>Send only the string to the screen at the current cursor location.</doc>
<status status="NOT RUN" start="2024-08-27T22:24:05.846876" elapsed="0.000998"/>
</kw>
<kw name="Send Enter" owner="Mainframe3270">
<doc>Send an Enter to the screen.</doc>
<status status="NOT RUN" start="2024-08-27T22:24:05.847874" elapsed="0.000000"/>
</kw>
<kw name="Take Screenshot" owner="Mainframe3270">
<doc>Generate a screenshot of the IBM 3270 Mainframe in a html format. The
default folder is the log folder of RobotFramework, if you want change see the `Set Screenshot Folder`.</doc>
<status status="NOT RUN" start="2024-08-27T22:24:05.847874" elapsed="0.000000"/>
</kw>
<kw name="Close Connection" owner="Mainframe3270">
<doc>Close the current connection.</doc>
<status status="NOT RUN" start="2024-08-27T22:24:05.847874" elapsed="0.000000"/>
</kw>
<status status="FAIL" start="2024-08-27T22:22:58.002637" elapsed="67.846237">ConnectionResetError: [WinError 10054] Foi forçado o cancelamento de uma conexão existente pelo host remoto</status>
</test>
<status status="FAIL" start="2024-08-27T22:22:57.980602" elapsed="67.869783"/>
</suite>
<status status="FAIL" start="2024-08-27T22:22:57.978601" elapsed="67.872792"/>
</suite>
<status status="FAIL" start="2024-08-27T22:22:57.977601" elapsed="67.875793"/>
</suite>
<status status="FAIL" start="2024-08-27T22:22:57.974605" elapsed="67.879788"/>
</suite>
<status status="FAIL" start="2024-08-27T22:22:57.957025" elapsed="67.898369"/>
</suite>
<statistics>
<total>
<stat pass="0" fail="1" skip="0">All Tests</stat>
</total>
<tag>
</tag>
<suite>
<stat pass="0" fail="1" skip="0" id="s1" name="QAX">QAX</stat>
<stat pass="0" fail="1" skip="0" id="s1-s1" name="Projects">QAX.Projects</stat>
<stat pass="0" fail="1" skip="0" id="s1-s1-s1" name="RobotFramework">QAX.Projects.RobotFramework</stat>
<stat pass="0" fail="1" skip="0" id="s1-s1-s1-s1" name="Mainframe">QAX.Projects.RobotFramework.Mainframe</stat>
<stat pass="0" fail="1" skip="0" id="s1-s1-s1-s1-s1" name="Mainframe">QAX.Projects.RobotFramework.Mainframe.Mainframe</stat>
</suite>
</statistics>
<errors>
<msg time="2024-08-27T22:24:05.842831" level="WARN">Keyword 'Take Screenshot' could not be run on failure: ConnectionResetError: [WinError 10054] Foi forçado o cancelamento de uma conexão existente pelo host remoto</msg>
</errors>
</robot>
