<?xml version="1.0" encoding="UTF-8"?>
<robot generator="Robot 7.0 (Python 3.12.2 on win32)" generated="2024-09-09T21:18:10.862064" rpa="false" schemaversion="5">
<suite id="s1" name="QAX" source="C:\QAX">
<suite id="s1-s1" name="Projects" source="C:\QAX\Projects">
<suite id="s1-s1-s1" name="Python" source="C:\QAX\Projects\Python">
<suite id="s1-s1-s1-s1" name="Teste" source="C:\QAX\Projects\Python\teste.robot">
<test id="s1-s1-s1-s1-t1" name="teste" line="9">
<kw name="New Browser" owner="Browser">
<msg time="2024-09-09T21:18:12.284763" level="INFO">{"browser": "chromium", "headless": false, "chromiumSandbox": false, "devtools": false, "handleSIGHUP": true, "handleSIGINT": true, "handleSIGTERM": true, "slowMo": 0.0, "timeout": 30000.0, "tracesDir": "C:\\QAX\\results\\browser\\traces\\0e7904b2-48ca-4afc-ab32-54b9b18192ea"}</msg>
<msg time="2024-09-09T21:18:14.784235" level="INFO">Successfully created browser with options: {"browser":"chromium","headless":false,"chromiumSandbox":false,"devtools":false,"handleSIGHUP":true,"handleSIGINT":true,"handleSIGTERM":true,"slowMo":0,"timeout":30000,"tracesDir":"C:\\QAX\\results\\browser\\traces\\0e7904b2-48ca-4afc-ab32-54b9b18192ea"}</msg>
<arg>chromium</arg>
<arg>headless=false</arg>
<tag>BrowserControl</tag>
<tag>Setter</tag>
<doc>Create a new playwright Browser with specified options.</doc>
<status status="PASS" start="2024-09-09T21:18:12.283758" elapsed="2.501477"/>
</kw>
<kw name="New Context" owner="Browser">
<msg time="2024-09-09T21:18:14.787236" level="INFO">{
  "acceptDownloads": true,
  "bypassCSP": false,
  "forcedColors": "none",
  "ignoreHTTPSErrors": false,
  "javaScriptEnabled": true,
  "offline": false,
  "reducedMotion": "no-preference",
  "serviceWorkers": "allow",
  "viewport": {
    "height": 1080,
    "width": 1920
  }
}</msg>
<msg time="2024-09-09T21:18:14.807285" level="INFO">Successfully created context. </msg>
<msg time="2024-09-09T21:18:14.807285" level="INFO">{'acceptDownloads': True, 'bypassCSP': False, 'forcedColors': 'none', 'ignoreHTTPSErrors': False, 'javaScriptEnabled': True, 'offline': False, 'reducedMotion': 'no-preference', 'serviceWorkers': 'allow', 'viewport': {'height': 1080, 'width': 1920}}</msg>
<arg>viewport={'width': 1920, 'height': 1080}</arg>
<tag>BrowserControl</tag>
<tag>Setter</tag>
<doc>Create a new BrowserContext with specified options.</doc>
<status status="PASS" start="2024-09-09T21:18:14.786233" elapsed="0.022053"/>
</kw>
<kw name="New Page" owner="Browser">
<msg time="2024-09-09T21:18:17.846395" level="INFO">Successfully initialized new page object and opened url: https://loterias.caixa.gov.br/Paginas/Lotofacil.aspx</msg>
<arg>url=https://loterias.caixa.gov.br/Paginas/Lotofacil.aspx</arg>
<tag>BrowserControl</tag>
<tag>Setter</tag>
<doc>Open a new Page.</doc>
<status status="PASS" start="2024-09-09T21:18:14.809285" elapsed="3.038110"/>
</kw>
<kw name="Wait For Elements State" owner="Browser">
<msg time="2024-09-09T21:18:17.879023" level="INFO">Waited for Element with selector xpath=//*[@id="wp_resultados"]/div[1]/div/h2/span at state visible</msg>
<arg>xpath=//*[@id="wp_resultados"]/div[1]/div/h2/span</arg>
<arg>visible</arg>
<arg>timeout=60</arg>
<tag>PageContent</tag>
<tag>Wait</tag>
<doc>Waits for the element found by ``selector`` to satisfy state option.</doc>
<status status="PASS" start="2024-09-09T21:18:17.847395" elapsed="0.032628"/>
</kw>
<kw name="Sleep" owner="BuiltIn">
<msg time="2024-09-09T21:18:22.880344" level="INFO">Slept 5 seconds.</msg>
<arg>5</arg>
<doc>Pauses the test executed for the given time.</doc>
<status status="PASS" start="2024-09-09T21:18:17.880023" elapsed="5.000321"/>
</kw>
<kw name="Get Text" owner="Browser">
<msg time="2024-09-09T21:18:22.906438" level="INFO">Text: 'Concurso 3189 (23/08/2024)'</msg>
<msg time="2024-09-09T21:18:22.907435" level="INFO">${concurso} = Concurso 3189 (23/08/2024)</msg>
<var>${concurso}</var>
<arg>xpath=//*[@id="wp_resultados"]/div[1]/div/h2/span</arg>
<tag>Assertion</tag>
<tag>Getter</tag>
<tag>PageContent</tag>
<doc>Returns text attribute of the element found by ``selector``.</doc>
<status status="PASS" start="2024-09-09T21:18:22.880344" elapsed="0.027091"/>
</kw>
<kw name="Get Text" owner="Browser">
<msg time="2024-09-09T21:18:22.922047" level="INFO">Text: '020407091112131518192021232425'</msg>
<msg time="2024-09-09T21:18:22.922047" level="INFO">${log} = 020407091112131518192021232425</msg>
<var>${log}</var>
<arg>xpath=//*[@id="wp_resultados"]/div[2]/div/div/div[1]/ul</arg>
<tag>Assertion</tag>
<tag>Getter</tag>
<tag>PageContent</tag>
<doc>Returns text attribute of the element found by ``selector``.</doc>
<status status="PASS" start="2024-09-09T21:18:22.907435" elapsed="0.014612"/>
</kw>
<kw name="Transformar Valor" owner="converter">
<msg time="2024-09-09T21:18:22.923551" level="INFO">${novo} = [2, 4, 7, 9, 11, 12, 13, 15, 18, 19, 20, 21, 23, 24, 25]</msg>
<var>${novo}</var>
<arg>${log}</arg>
<status status="PASS" start="2024-09-09T21:18:22.922047" elapsed="0.001504"/>
</kw>
<kw name="Resultado 1" owner="converter">
<msg time="2024-09-09T21:18:22.924558" level="INFO">${jogo1_gus} = ('Jogo1 Gus', (2, 3, 4, 6, 7, 10, 11, 14, 15, 17, 18, 19, 21, 22, 25), 9)</msg>
<var>${jogo1_gus}</var>
<arg>${novo}</arg>
<status status="PASS" start="2024-09-09T21:18:22.923551" elapsed="0.001007"/>
</kw>
<kw name="Resultado 2" owner="converter">
<msg time="2024-09-09T21:18:22.925561" level="INFO">${jogo2_gus} = ('Jogo2 Gus', (1, 3, 5, 7, 8, 9, 11, 13, 15, 17, 19, 20, 21, 23, 25), 10)</msg>
<var>${jogo2_gus}</var>
<arg>${novo}</arg>
<status status="PASS" start="2024-09-09T21:18:22.925561" elapsed="0.000000"/>
</kw>
<kw name="Resultado 3" owner="converter">
<msg time="2024-09-09T21:18:22.926560" level="INFO">${jogo1_ana} = ('Jogo1 Ana', (1, 3, 5, 8, 9, 10, 12, 13, 15, 16, 18, 20, 21, 23, 24), 9)</msg>
<var>${jogo1_ana}</var>
<arg>${novo}</arg>
<status status="PASS" start="2024-09-09T21:18:22.926560" elapsed="0.000000"/>
</kw>
<kw name="Resultado 4" owner="converter">
<msg time="2024-09-09T21:18:22.927558" level="INFO">${jogo2_ana} = ('Jogo2 Ana', (2, 4, 5, 6, 8, 9, 11, 12, 15, 16, 18, 20, 22, 23, 25), 10)</msg>
<var>${jogo2_ana}</var>
<arg>${novo}</arg>
<status status="PASS" start="2024-09-09T21:18:22.927558" elapsed="0.000000"/>
</kw>
<kw name="Log To Console" owner="BuiltIn">
<arg>${concurso} \n "............."${novo}</arg>
<doc>Logs the given message to the console.</doc>
<status status="PASS" start="2024-09-09T21:18:22.928556" elapsed="0.000000"/>
</kw>
<kw name="Log To Console" owner="BuiltIn">
<arg>${jogo1_gus}</arg>
<arg>no_newline=false</arg>
<doc>Logs the given message to the console.</doc>
<status status="PASS" start="2024-09-09T21:18:22.929558" elapsed="0.000000"/>
</kw>
<kw name="Log To Console" owner="BuiltIn">
<arg>${jogo2_gus}</arg>
<doc>Logs the given message to the console.</doc>
<status status="PASS" start="2024-09-09T21:18:22.929558" elapsed="0.001000"/>
</kw>
<kw name="Log To Console" owner="BuiltIn">
<arg>${jogo1_ana}</arg>
<doc>Logs the given message to the console.</doc>
<status status="PASS" start="2024-09-09T21:18:22.930558" elapsed="0.001001"/>
</kw>
<kw name="Log To Console" owner="BuiltIn">
<arg>${jogo2_ana}</arg>
<doc>Logs the given message to the console.</doc>
<status status="PASS" start="2024-09-09T21:18:22.931559" elapsed="0.000000"/>
</kw>
<status status="PASS" start="2024-09-09T21:18:12.280250" elapsed="10.651309"/>
</test>
<doc>Automação lotofacil</doc>
<status status="PASS" start="2024-09-09T21:18:10.913080" elapsed="12.106221"/>
</suite>
<status status="PASS" start="2024-09-09T21:18:10.910565" elapsed="12.116690"/>
</suite>
<status status="PASS" start="2024-09-09T21:18:10.909564" elapsed="12.118688"/>
</suite>
<status status="PASS" start="2024-09-09T21:18:10.891159" elapsed="12.139097"/>
</suite>
<statistics>
<total>
<stat pass="1" fail="0" skip="0">All Tests</stat>
</total>
<tag>
</tag>
<suite>
<stat pass="1" fail="0" skip="0" id="s1" name="QAX">QAX</stat>
<stat pass="1" fail="0" skip="0" id="s1-s1" name="Projects">QAX.Projects</stat>
<stat pass="1" fail="0" skip="0" id="s1-s1-s1" name="Python">QAX.Projects.Python</stat>
<stat pass="1" fail="0" skip="0" id="s1-s1-s1-s1" name="Teste">QAX.Projects.Python.Teste</stat>
</suite>
</statistics>
<errors>
</errors>
</robot>
