<?xml version="1.0" encoding="UTF-8"?>
<robot generator="Robot 7.0 (Python 3.12.3 on win32)" generated="2024-05-26T19:58:30.132697" rpa="false" schemaversion="5">
<suite id="s1" name="QAX" source="C:\QAX">
<suite id="s1-s1" name="Projects" source="C:\QAX\Projects">
<suite id="s1-s1-s1" name="Python" source="C:\QAX\Projects\Python">
<suite id="s1-s1-s1-s1" name="Teste" source="C:\QAX\Projects\Python\teste.robot">
<test id="s1-s1-s1-s1-t1" name="teste" line="9">
<kw name="New Browser" owner="Browser">
<msg time="2024-05-26T19:58:33.739108" level="INFO">{"browser": "chromium", "headless": false, "chromiumSandbox": false, "devtools": false, "handleSIGHUP": true, "handleSIGINT": true, "handleSIGTERM": true, "slowMo": 0.0, "timeout": 30000.0, "tracesDir": "C:\\QAX\\results\\browser\\traces\\430b9490-c819-4153-ba03-c94ca2de41d0"}</msg>
<msg time="2024-05-26T19:58:36.863906" level="INFO">Successfully created browser with options: {"browser":"chromium","headless":false,"chromiumSandbox":false,"devtools":false,"handleSIGHUP":true,"handleSIGINT":true,"handleSIGTERM":true,"slowMo":0,"timeout":30000,"tracesDir":"C:\\QAX\\results\\browser\\traces\\430b9490-c819-4153-ba03-c94ca2de41d0"}</msg>
<arg>chromium</arg>
<arg>headless=false</arg>
<tag>BrowserControl</tag>
<tag>Setter</tag>
<doc>Create a new playwright Browser with specified options.</doc>
<status status="PASS" start="2024-05-26T19:58:33.739108" elapsed="3.124798"/>
</kw>
<kw name="New Context" owner="Browser">
<msg time="2024-05-26T19:58:36.928704" level="INFO">{
  "acceptDownloads": true,
  "bypassCSP": false,
  "forcedColors": "none",
  "ignoreHTTPSErrors": false,
  "javaScriptEnabled": true,
  "offline": false,
  "reducedMotion": "no-preference",
  "serviceWorkers": "allow",
  "viewport": {
    "height": 1080,
    "width": 1920
  }
}</msg>
<msg time="2024-05-26T19:58:36.954266" level="INFO">Successfully created context. </msg>
<msg time="2024-05-26T19:58:36.954266" level="INFO">{'acceptDownloads': True, 'bypassCSP': False, 'forcedColors': 'none', 'ignoreHTTPSErrors': False, 'javaScriptEnabled': True, 'offline': False, 'reducedMotion': 'no-preference', 'serviceWorkers': 'allow', 'viewport': {'height': 1080, 'width': 1920}}</msg>
<arg>viewport={'width': 1920, 'height': 1080}</arg>
<tag>BrowserControl</tag>
<tag>Setter</tag>
<doc>Create a new BrowserContext with specified options.</doc>
<status status="PASS" start="2024-05-26T19:58:36.928704" elapsed="0.025562"/>
</kw>
<kw name="New Page" owner="Browser">
<msg time="2024-05-26T19:58:45.802283" level="INFO">Successfully initialized new page object and opened url: https://loterias.caixa.gov.br/Paginas/Lotofacil.aspx</msg>
<arg>url=https://loterias.caixa.gov.br/Paginas/Lotofacil.aspx</arg>
<tag>BrowserControl</tag>
<tag>Setter</tag>
<doc>Open a new Page.</doc>
<status status="PASS" start="2024-05-26T19:58:36.954266" elapsed="8.848552"/>
</kw>
<kw name="Wait For Elements State" owner="Browser">
<msg time="2024-05-26T19:58:45.840649" level="INFO">Waited for Element with selector xpath=//*[@id="wp_resultados"]/div[1]/div/h2/span at state visible</msg>
<arg>xpath=//*[@id="wp_resultados"]/div[1]/div/h2/span</arg>
<arg>visible</arg>
<arg>timeout=60</arg>
<tag>PageContent</tag>
<tag>Wait</tag>
<doc>Waits for the element found by ``selector`` to satisfy state option.</doc>
<status status="PASS" start="2024-05-26T19:58:45.803461" elapsed="0.037188"/>
</kw>
<kw name="Sleep" owner="BuiltIn">
<msg time="2024-05-26T19:58:50.840870" level="INFO">Slept 5 seconds.</msg>
<arg>5</arg>
<doc>Pauses the test executed for the given time.</doc>
<status status="PASS" start="2024-05-26T19:58:45.840649" elapsed="5.000221"/>
</kw>
<kw name="Get Text" owner="Browser">
<msg time="2024-05-26T19:58:50.873698" level="INFO">Text: 'Concurso 3113 (25/05/2024)'</msg>
<msg time="2024-05-26T19:58:50.873698" level="INFO">${concurso} = Concurso 3113 (25/05/2024)</msg>
<var>${concurso}</var>
<arg>xpath=//*[@id="wp_resultados"]/div[1]/div/h2/span</arg>
<tag>Assertion</tag>
<tag>Getter</tag>
<tag>PageContent</tag>
<doc>Returns text attribute of the element found by ``selector``.</doc>
<status status="PASS" start="2024-05-26T19:58:50.840870" elapsed="0.032828"/>
</kw>
<kw name="Get Text" owner="Browser">
<msg time="2024-05-26T19:58:50.898473" level="INFO">Text: '010305060809111416182122232425'</msg>
<msg time="2024-05-26T19:58:50.898473" level="INFO">${log} = 010305060809111416182122232425</msg>
<var>${log}</var>
<arg>xpath=//*[@id="wp_resultados"]/div[2]/div/div/div[1]/ul</arg>
<tag>Assertion</tag>
<tag>Getter</tag>
<tag>PageContent</tag>
<doc>Returns text attribute of the element found by ``selector``.</doc>
<status status="PASS" start="2024-05-26T19:58:50.873698" elapsed="0.025801"/>
</kw>
<kw name="Transformar Valor" owner="converter">
<msg time="2024-05-26T19:58:50.900498" level="INFO">${novo} = [1, 3, 5, 6, 8, 9, 11, 14, 16, 18, 21, 22, 23, 24, 25]</msg>
<var>${novo}</var>
<arg>${log}</arg>
<status status="PASS" start="2024-05-26T19:58:50.899499" elapsed="0.000999"/>
</kw>
<kw name="Resultado 1" owner="converter">
<msg time="2024-05-26T19:58:50.901498" level="INFO">${jogo1_gus} = ('Jogo1 Gus', [1, 3, 5, 6, 8, 9, 11, 14, 16, 18, 21, 22, 23, 24, 25], 8)</msg>
<var>${jogo1_gus}</var>
<arg>${novo}</arg>
<status status="PASS" start="2024-05-26T19:58:50.900498" elapsed="0.001000"/>
</kw>
<kw name="Resultado 2" owner="converter">
<msg time="2024-05-26T19:58:50.902513" level="INFO">${jogo2_gus} = ('Jogo2 Gus', [1, 3, 5, 6, 8, 9, 11, 14, 16, 18, 21, 22, 23, 24, 25], 9)</msg>
<var>${jogo2_gus}</var>
<arg>${novo}</arg>
<status status="PASS" start="2024-05-26T19:58:50.901498" elapsed="0.001015"/>
</kw>
<kw name="Resultado 3" owner="converter">
<msg time="2024-05-26T19:58:50.902513" level="INFO">${jogo1_ana} = ('Jogo1 Ana', [1, 3, 5, 6, 8, 9, 11, 14, 16, 18, 21, 22, 23, 24, 25], 10)</msg>
<var>${jogo1_ana}</var>
<arg>${novo}</arg>
<status status="PASS" start="2024-05-26T19:58:50.902513" elapsed="0.000981"/>
</kw>
<kw name="Resultado 4" owner="converter">
<msg time="2024-05-26T19:58:50.903494" level="INFO">${jogo2_ana} = ('Jogo2 Ana', [1, 3, 5, 6, 8, 9, 11, 14, 16, 18, 21, 22, 23, 24, 25], 10)</msg>
<var>${jogo2_ana}</var>
<arg>${novo}</arg>
<status status="PASS" start="2024-05-26T19:58:50.903494" elapsed="0.001000"/>
</kw>
<kw name="Log To Console" owner="BuiltIn">
<arg>${concurso}</arg>
<doc>Logs the given message to the console.</doc>
<status status="PASS" start="2024-05-26T19:58:50.904494" elapsed="0.001011"/>
</kw>
<kw name="Log To Console" owner="BuiltIn">
<arg>${jogo1_gus}</arg>
<arg>no_newline=false</arg>
<doc>Logs the given message to the console.</doc>
<status status="PASS" start="2024-05-26T19:58:50.905505" elapsed="0.000991"/>
</kw>
<kw name="Log To Console" owner="BuiltIn">
<arg>${jogo2_gus}</arg>
<doc>Logs the given message to the console.</doc>
<status status="PASS" start="2024-05-26T19:58:50.906496" elapsed="0.001002"/>
</kw>
<kw name="Log To Console" owner="BuiltIn">
<arg>${jogo1_ana}</arg>
<doc>Logs the given message to the console.</doc>
<status status="PASS" start="2024-05-26T19:58:50.907498" elapsed="0.000000"/>
</kw>
<kw name="Log To Console" owner="BuiltIn">
<arg>${jogo2_ana}</arg>
<doc>Logs the given message to the console.</doc>
<status status="PASS" start="2024-05-26T19:58:50.908495" elapsed="0.000000"/>
</kw>
<status status="PASS" start="2024-05-26T19:58:33.735087" elapsed="17.174903"/>
</test>
<doc>Automação lotofacil</doc>
<status status="PASS" start="2024-05-26T19:58:30.204346" elapsed="20.805830"/>
</suite>
<status status="PASS" start="2024-05-26T19:58:30.200669" elapsed="20.819237"/>
</suite>
<status status="PASS" start="2024-05-26T19:58:30.187681" elapsed="20.834024"/>
</suite>
<status status="PASS" start="2024-05-26T19:58:30.171990" elapsed="20.850596"/>
</suite>
<statistics>
<total>
<stat pass="1" fail="0" skip="0">All Tests</stat>
</total>
<tag>
</tag>
<suite>
<stat pass="1" fail="0" skip="0" id="s1" name="QAX">QAX</stat>
<stat pass="1" fail="0" skip="0" id="s1-s1" name="Projects">QAX.Projects</stat>
<stat pass="1" fail="0" skip="0" id="s1-s1-s1" name="Python">QAX.Projects.Python</stat>
<stat pass="1" fail="0" skip="0" id="s1-s1-s1-s1" name="Teste">QAX.Projects.Python.Teste</stat>
</suite>
</statistics>
<errors>
</errors>
</robot>
