<?xml version="1.0" encoding="UTF-8"?>
<robot generator="Robot 7.0 (Python 3.12.3 on win32)" generated="2024-09-19T13:47:52.430461" rpa="false" schemaversion="5">
<suite id="s1" name="QAX" source="C:\QAX">
<suite id="s1-s1" name="Projects" source="C:\QAX\Projects">
<suite id="s1-s1-s1" name="Python" source="C:\QAX\Projects\Python">
<suite id="s1-s1-s1-s1" name="Teste" source="C:\QAX\Projects\Python\teste.robot">
<test id="s1-s1-s1-s1-t1" name="teste" line="9">
<kw name="New Browser" owner="Browser">
<msg time="2024-09-19T13:47:56.293673" level="INFO">{"browser": "chromium", "headless": false, "chromiumSandbox": false, "devtools": false, "handleSIGHUP": true, "handleSIGINT": true, "handleSIGTERM": true, "slowMo": 0.0, "timeout": 30000.0, "tracesDir": "C:\\QAX\\results\\browser\\traces\\82235a46-f5f4-4fcd-b5cf-0a81eaf73aac"}</msg>
<msg time="2024-09-19T13:47:58.861994" level="INFO">Successfully created browser with options: {"browser":"chromium","headless":false,"chromiumSandbox":false,"devtools":false,"handleSIGHUP":true,"handleSIGINT":true,"handleSIGTERM":true,"slowMo":0,"timeout":30000,"tracesDir":"C:\\QAX\\results\\browser\\traces\\82235a46-f5f4-4fcd-b5cf-0a81eaf73aac"}</msg>
<arg>chromium</arg>
<arg>headless=false</arg>
<tag>BrowserControl</tag>
<tag>Setter</tag>
<doc>Create a new playwright Browser with specified options.</doc>
<status status="PASS" start="2024-09-19T13:47:56.293673" elapsed="2.568826"/>
</kw>
<kw name="New Context" owner="Browser">
<msg time="2024-09-19T13:47:58.871781" level="INFO">{
  "acceptDownloads": true,
  "bypassCSP": false,
  "forcedColors": "none",
  "ignoreHTTPSErrors": false,
  "javaScriptEnabled": true,
  "offline": false,
  "reducedMotion": "no-preference",
  "serviceWorkers": "allow",
  "viewport": {
    "height": 1080,
    "width": 1920
  }
}</msg>
<msg time="2024-09-19T13:47:58.914212" level="INFO">Successfully created context. </msg>
<msg time="2024-09-19T13:47:58.914212" level="INFO">{'acceptDownloads': True, 'bypassCSP': False, 'forcedColors': 'none', 'ignoreHTTPSErrors': False, 'javaScriptEnabled': True, 'offline': False, 'reducedMotion': 'no-preference', 'serviceWorkers': 'allow', 'viewport': {'height': 1080, 'width': 1920}}</msg>
<arg>viewport={'width': 1920, 'height': 1080}</arg>
<tag>BrowserControl</tag>
<tag>Setter</tag>
<doc>Create a new BrowserContext with specified options.</doc>
<status status="PASS" start="2024-09-19T13:47:58.870405" elapsed="0.043807"/>
</kw>
<kw name="New Page" owner="Browser">
<msg time="2024-09-19T13:48:07.925390" level="INFO">Successfully initialized new page object and opened url: https://loterias.caixa.gov.br/Paginas/Lotofacil.aspx</msg>
<arg>url=https://loterias.caixa.gov.br/Paginas/Lotofacil.aspx</arg>
<tag>BrowserControl</tag>
<tag>Setter</tag>
<doc>Open a new Page.</doc>
<status status="PASS" start="2024-09-19T13:47:58.921950" elapsed="9.010388"/>
</kw>
<kw name="Wait For Elements State" owner="Browser">
<msg time="2024-09-19T13:48:07.959534" level="INFO">Waited for Element with selector xpath=//*[@id="wp_resultados"]/div[1]/div/h2/span at state visible</msg>
<arg>xpath=//*[@id="wp_resultados"]/div[1]/div/h2/span</arg>
<arg>visible</arg>
<arg>timeout=60</arg>
<tag>PageContent</tag>
<tag>Wait</tag>
<doc>Waits for the element found by ``selector`` to satisfy state option.</doc>
<status status="PASS" start="2024-09-19T13:48:07.933089" elapsed="0.026445"/>
</kw>
<kw name="Sleep" owner="BuiltIn">
<msg time="2024-09-19T13:48:12.959695" level="INFO">Slept 5 seconds.</msg>
<arg>5</arg>
<doc>Pauses the test executed for the given time.</doc>
<status status="PASS" start="2024-09-19T13:48:07.959534" elapsed="5.000161"/>
</kw>
<kw name="Get Text" owner="Browser">
<msg time="2024-09-19T13:48:12.984645" level="INFO">Text: 'Concurso 3198 (18/09/2024)'</msg>
<msg time="2024-09-19T13:48:12.984645" level="INFO">${concurso} = Concurso 3198 (18/09/2024)</msg>
<var>${concurso}</var>
<arg>xpath=//*[@id="wp_resultados"]/div[1]/div/h2/span</arg>
<tag>Assertion</tag>
<tag>Getter</tag>
<tag>PageContent</tag>
<doc>Returns text attribute of the element found by ``selector``.</doc>
<status status="PASS" start="2024-09-19T13:48:12.959695" elapsed="0.024950"/>
</kw>
<kw name="Get Text" owner="Browser">
<msg time="2024-09-19T13:48:13.014652" level="INFO">Text: '020305060708091012141620222425'</msg>
<msg time="2024-09-19T13:48:13.014652" level="INFO">${log} = 020305060708091012141620222425</msg>
<var>${log}</var>
<arg>xpath=//*[@id="wp_resultados"]/div[2]/div/div/div[1]/ul</arg>
<tag>Assertion</tag>
<tag>Getter</tag>
<tag>PageContent</tag>
<doc>Returns text attribute of the element found by ``selector``.</doc>
<status status="PASS" start="2024-09-19T13:48:12.984645" elapsed="0.030007"/>
</kw>
<kw name="Transformar Valor" owner="converter">
<msg time="2024-09-19T13:48:13.014652" level="INFO">${novo} = [2, 3, 5, 6, 7, 8, 9, 10, 12, 14, 16, 20, 22, 24, 25]</msg>
<var>${novo}</var>
<arg>${log}</arg>
<status status="PASS" start="2024-09-19T13:48:13.014652" elapsed="0.000000"/>
</kw>
<kw name="Jogo 1" owner="converter">
<msg time="2024-09-19T13:48:13.014652" level="INFO">${jogo1} = ('jogo1', (2, 3, 5, 6, 8, 9, 11, 13, 15, 16, 17, 21, 22, 23, 25), 9)</msg>
<var>${jogo1}</var>
<arg>${novo}</arg>
<status status="PASS" start="2024-09-19T13:48:13.014652" elapsed="0.000000"/>
</kw>
<kw name="Jogo 2" owner="converter">
<msg time="2024-09-19T13:48:13.014652" level="INFO">${jogo2} = ('Jogo2', (2, 3, 5, 6, 9, 10, 11, 12, 16, 17, 19, 20, 21, 22, 24), 11)</msg>
<var>${jogo2}</var>
<arg>${novo}</arg>
<status status="PASS" start="2024-09-19T13:48:13.014652" elapsed="0.000000"/>
</kw>
<kw name="Jogo 3" owner="converter">
<msg time="2024-09-19T13:48:13.014652" level="INFO">${jogo3} = ('Jogo3', (5, 6, 8, 9, 10, 11, 12, 14, 15, 18, 20, 21, 22, 24, 25), 11)</msg>
<var>${jogo3}</var>
<arg>${novo}</arg>
<status status="PASS" start="2024-09-19T13:48:13.014652" elapsed="0.000000"/>
</kw>
<kw name="Log To Console" owner="BuiltIn">
<arg>\n</arg>
<doc>Logs the given message to the console.</doc>
<status status="PASS" start="2024-09-19T13:48:13.014652" elapsed="0.000000"/>
</kw>
<kw name="Log To Console" owner="BuiltIn">
<arg>${concurso}</arg>
<arg>no_newline=false</arg>
<doc>Logs the given message to the console.</doc>
<status status="PASS" start="2024-09-19T13:48:13.023739" elapsed="0.001028"/>
</kw>
<kw name="Log To Console" owner="BuiltIn">
<arg>'Resultado,'${novo}</arg>
<arg>no_newline=false</arg>
<doc>Logs the given message to the console.</doc>
<status status="PASS" start="2024-09-19T13:48:13.024767" elapsed="0.001011"/>
</kw>
<kw name="Log To Console" owner="BuiltIn">
<arg>${jogo1}</arg>
<arg>no_newline=false</arg>
<doc>Logs the given message to the console.</doc>
<status status="PASS" start="2024-09-19T13:48:13.025778" elapsed="0.000833"/>
</kw>
<kw name="Log To Console" owner="BuiltIn">
<arg>${jogo2}</arg>
<arg>no_newline=false</arg>
<doc>Logs the given message to the console.</doc>
<status status="PASS" start="2024-09-19T13:48:13.026611" elapsed="0.000000"/>
</kw>
<kw name="Log To Console" owner="BuiltIn">
<arg>${jogo3}</arg>
<arg>no_newline=false</arg>
<doc>Logs the given message to the console.</doc>
<status status="PASS" start="2024-09-19T13:48:13.026611" elapsed="0.002504"/>
</kw>
<status status="PASS" start="2024-09-19T13:47:56.286665" elapsed="16.743482"/>
</test>
<doc>Automação lotofacil</doc>
<status status="PASS" start="2024-09-19T13:47:52.533965" elapsed="20.590266"/>
</suite>
<status status="PASS" start="2024-09-19T13:47:52.525445" elapsed="20.606117"/>
</suite>
<status status="PASS" start="2024-09-19T13:47:52.525445" elapsed="20.608104"/>
</suite>
<status status="PASS" start="2024-09-19T13:47:52.487078" elapsed="20.647499"/>
</suite>
<statistics>
<total>
<stat pass="1" fail="0" skip="0">All Tests</stat>
</total>
<tag>
</tag>
<suite>
<stat pass="1" fail="0" skip="0" id="s1" name="QAX">QAX</stat>
<stat pass="1" fail="0" skip="0" id="s1-s1" name="Projects">QAX.Projects</stat>
<stat pass="1" fail="0" skip="0" id="s1-s1-s1" name="Python">QAX.Projects.Python</stat>
<stat pass="1" fail="0" skip="0" id="s1-s1-s1-s1" name="Teste">QAX.Projects.Python.Teste</stat>
</suite>
</statistics>
<errors>
</errors>
</robot>
