<?xml version="1.0" encoding="UTF-8"?>
<robot generator="Robot 7.0 (Python 3.12.3 on win32)" generated="2024-06-09T22:00:30.323143" rpa="false" schemaversion="5">
<suite id="s1" name="QAX" source="C:\QAX">
<suite id="s1-s1" name="Projects" source="C:\QAX\Projects">
<suite id="s1-s1-s1" name="RobotFramework" source="C:\QAX\Projects\RobotFramework">
<suite id="s1-s1-s1-s1" name="Desafio Robot Framework" source="C:\QAX\Projects\RobotFramework\Desafio_Robot_Framework">
<suite id="s1-s1-s1-s1-s1" name="Tests" source="C:\QAX\Projects\RobotFramework\Desafio_Robot_Framework\tests">
<suite id="s1-s1-s1-s1-s1-s1" name="Ecommerce" source="C:\QAX\Projects\RobotFramework\Desafio_Robot_Framework\tests\ecommerce.robot">
<test id="s1-s1-s1-s1-s1-s1-t1" name="realizar uma compra com sucesso" line="12">
<kw name="Start execution" owner="base" type="SETUP">
<kw name="Create Dictionary" owner="BuiltIn">
<msg time="2024-06-09T22:00:31.007446" level="INFO">${prefs} = {'credentials_enable_service': False}</msg>
<var>${prefs}</var>
<arg>credentials_enable_service=${false}</arg>
<doc>Creates and returns a dictionary based on the given ``items``.</doc>
<status status="PASS" start="2024-06-09T22:00:31.007446" elapsed="0.000000"/>
</kw>
<kw name="Open Browser" owner="SeleniumLibrary">
<msg time="2024-06-09T22:00:31.007446" level="INFO">Opening browser 'chrome' to base url 'https://www.advantageonlineshopping.com/#/'.</msg>
<arg>url=${page}</arg>
<arg>browser=chrome</arg>
<arg>options=add_argument("--disable-notifications")</arg>
<doc>Opens a new browser instance to the optional ``url``.</doc>
<status status="PASS" start="2024-06-09T22:00:31.007446" elapsed="13.336580"/>
</kw>
<kw name="Maximize Browser Window" owner="SeleniumLibrary">
<doc>Maximizes current browser window.</doc>
<status status="PASS" start="2024-06-09T22:00:44.344541" elapsed="0.029012"/>
</kw>
<status status="PASS" start="2024-06-09T22:00:30.999545" elapsed="13.374008"/>
</kw>
<kw name="Selecinar um produto" owner="ecommerce">
<kw name="Wait Until Element Is Visible" owner="SeleniumLibrary">
<arg>${id_layer}</arg>
<arg>${delay}</arg>
<doc>Waits until the element ``locator`` is visible.</doc>
<status status="PASS" start="2024-06-09T22:00:44.377278" elapsed="0.096244"/>
</kw>
<kw name="Page Should Contain Element" owner="SeleniumLibrary">
<msg time="2024-06-09T22:00:44.481995" level="INFO">Current page contains element 'css=[id="Layer_1"]'.</msg>
<arg>${id_layer}</arg>
<doc>Verifies that element ``locator`` is found on the current page.</doc>
<status status="PASS" start="2024-06-09T22:00:44.473522" elapsed="0.008473"/>
</kw>
<kw name="Wait Until Element Is Enabled" owner="SeleniumLibrary">
<arg>${id_speakersImg}</arg>
<arg>${delay}</arg>
<doc>Waits until the element ``locator`` is enabled.</doc>
<status status="PASS" start="2024-06-09T22:00:44.483165" elapsed="2.551044"/>
</kw>
<kw name="Sleep" owner="BuiltIn">
<msg time="2024-06-09T22:00:48.035786" level="INFO">Slept 1 second.</msg>
<arg>1</arg>
<doc>Pauses the test executed for the given time.</doc>
<status status="PASS" start="2024-06-09T22:00:47.035184" elapsed="1.001140"/>
</kw>
<kw name="Capture Page Screenshot" owner="SeleniumLibrary">
<msg time="2024-06-09T22:00:48.437891" level="INFO" html="true">&lt;/td&gt;&lt;/tr&gt;&lt;tr&gt;&lt;td colspan="3"&gt;&lt;a href="Screenshot/Evidencia0000000001.png"&gt;&lt;img src="Screenshot/Evidencia0000000001.png" width="800px"&gt;&lt;/a&gt;</msg>
<arg>${evidencia_eccomerce}</arg>
<doc>Takes a screenshot of the current page and embeds it into a log file.</doc>
<status status="PASS" start="2024-06-09T22:00:48.036324" elapsed="0.403556"/>
</kw>
<kw name="Click Element" owner="SeleniumLibrary">
<msg time="2024-06-09T22:00:48.441360" level="INFO">Clicking element 'xpath=//*[@id="speakersImg"]'.</msg>
<arg>${id_speakersImg}</arg>
<doc>Click the element identified by ``locator``.</doc>
<status status="PASS" start="2024-06-09T22:00:48.440445" elapsed="0.050462"/>
</kw>
<status status="PASS" start="2024-06-09T22:00:44.374959" elapsed="4.115948"/>
</kw>
<kw name="Escolher produto" owner="ecommerce">
<kw name="Wait Until Element Is Visible" owner="SeleniumLibrary">
<arg>${id_produto}</arg>
<arg>${delay}</arg>
<doc>Waits until the element ``locator`` is visible.</doc>
<status status="PASS" start="2024-06-09T22:00:48.492581" elapsed="1.096106"/>
</kw>
<kw name="Click Image" owner="SeleniumLibrary">
<msg time="2024-06-09T22:00:49.589700" level="INFO">Clicking image 'css=[id="23"]'.</msg>
<arg>${id_produto}</arg>
<doc>Clicks an image identified by ``locator``.</doc>
<status status="PASS" start="2024-06-09T22:00:49.588687" elapsed="0.399262"/>
</kw>
<kw name="Sleep" owner="BuiltIn">
<msg time="2024-06-09T22:00:52.989201" level="INFO">Slept 3 seconds.</msg>
<arg>3</arg>
<doc>Pauses the test executed for the given time.</doc>
<status status="PASS" start="2024-06-09T22:00:49.988956" elapsed="3.000245"/>
</kw>
<kw name="Capture Page Screenshot" owner="SeleniumLibrary">
<msg time="2024-06-09T22:00:53.165650" level="INFO" html="true">&lt;/td&gt;&lt;/tr&gt;&lt;tr&gt;&lt;td colspan="3"&gt;&lt;a href="Screenshot/Evidencia0000000002.png"&gt;&lt;img src="Screenshot/Evidencia0000000002.png" width="800px"&gt;&lt;/a&gt;</msg>
<arg>${evidencia_eccomerce}</arg>
<doc>Takes a screenshot of the current page and embeds it into a log file.</doc>
<status status="PASS" start="2024-06-09T22:00:52.990128" elapsed="0.176107"/>
</kw>
<for flavor="IN RANGE">
<iter>
<kw name="Wait Until Element Is Visible" owner="SeleniumLibrary">
<arg>${class_plus}</arg>
<arg>${delay}</arg>
<doc>Waits until the element ``locator`` is visible.</doc>
<status status="PASS" start="2024-06-09T22:00:53.167698" elapsed="0.025196"/>
</kw>
<kw name="Click Element" owner="SeleniumLibrary">
<msg time="2024-06-09T22:00:53.193400" level="INFO">Clicking element 'css=.plus'.</msg>
<arg>${class_plus}</arg>
<doc>Click the element identified by ``locator``.</doc>
<status status="PASS" start="2024-06-09T22:00:53.193400" elapsed="0.061004"/>
</kw>
<var name="${index}">1</var>
<status status="PASS" start="2024-06-09T22:00:53.166742" elapsed="0.087662"/>
</iter>
<iter>
<kw name="Wait Until Element Is Visible" owner="SeleniumLibrary">
<arg>${class_plus}</arg>
<arg>${delay}</arg>
<doc>Waits until the element ``locator`` is visible.</doc>
<status status="PASS" start="2024-06-09T22:00:53.255751" elapsed="0.026728"/>
</kw>
<kw name="Click Element" owner="SeleniumLibrary">
<msg time="2024-06-09T22:00:53.283489" level="INFO">Clicking element 'css=.plus'.</msg>
<arg>${class_plus}</arg>
<doc>Click the element identified by ``locator``.</doc>
<status status="PASS" start="2024-06-09T22:00:53.282984" elapsed="0.052350"/>
</kw>
<var name="${index}">2</var>
<status status="PASS" start="2024-06-09T22:00:53.255049" elapsed="0.080815"/>
</iter>
<iter>
<kw name="Wait Until Element Is Visible" owner="SeleniumLibrary">
<arg>${class_plus}</arg>
<arg>${delay}</arg>
<doc>Waits until the element ``locator`` is visible.</doc>
<status status="PASS" start="2024-06-09T22:00:53.336389" elapsed="0.027783"/>
</kw>
<kw name="Click Element" owner="SeleniumLibrary">
<msg time="2024-06-09T22:00:53.366457" level="INFO">Clicking element 'css=.plus'.</msg>
<arg>${class_plus}</arg>
<doc>Click the element identified by ``locator``.</doc>
<status status="PASS" start="2024-06-09T22:00:53.365441" elapsed="0.060127"/>
</kw>
<var name="${index}">3</var>
<status status="PASS" start="2024-06-09T22:00:53.335864" elapsed="0.089704"/>
</iter>
<iter>
<kw name="Wait Until Element Is Visible" owner="SeleniumLibrary">
<arg>${class_plus}</arg>
<arg>${delay}</arg>
<doc>Waits until the element ``locator`` is visible.</doc>
<status status="PASS" start="2024-06-09T22:00:53.425568" elapsed="0.022973"/>
</kw>
<kw name="Click Element" owner="SeleniumLibrary">
<msg time="2024-06-09T22:00:53.449536" level="INFO">Clicking element 'css=.plus'.</msg>
<arg>${class_plus}</arg>
<doc>Click the element identified by ``locator``.</doc>
<status status="PASS" start="2024-06-09T22:00:53.449536" elapsed="0.046972"/>
</kw>
<var name="${index}">4</var>
<status status="PASS" start="2024-06-09T22:00:53.425568" elapsed="0.070940"/>
</iter>
<var>${index}</var>
<value>1</value>
<value>5</value>
<value>1</value>
<status status="PASS" start="2024-06-09T22:00:53.166742" elapsed="0.330766"/>
</for>
<kw name="Sleep" owner="BuiltIn">
<msg time="2024-06-09T22:00:54.497806" level="INFO">Slept 1 second.</msg>
<arg>1</arg>
<doc>Pauses the test executed for the given time.</doc>
<status status="PASS" start="2024-06-09T22:00:53.497508" elapsed="1.000298"/>
</kw>
<kw name="Capture Page Screenshot" owner="SeleniumLibrary">
<msg time="2024-06-09T22:00:54.650261" level="INFO" html="true">&lt;/td&gt;&lt;/tr&gt;&lt;tr&gt;&lt;td colspan="3"&gt;&lt;a href="Screenshot/Evidencia0000000003.png"&gt;&lt;img src="Screenshot/Evidencia0000000003.png" width="800px"&gt;&lt;/a&gt;</msg>
<arg>${evidencia_eccomerce}</arg>
<doc>Takes a screenshot of the current page and embeds it into a log file.</doc>
<status status="PASS" start="2024-06-09T22:00:54.498812" elapsed="0.157836"/>
</kw>
<kw name="Click Button" owner="SeleniumLibrary">
<msg time="2024-06-09T22:00:54.658390" level="INFO">Clicking button 'ADD TO CART'.</msg>
<arg>${button_add}</arg>
<doc>Clicks the button identified by ``locator``.</doc>
<status status="PASS" start="2024-06-09T22:00:54.657658" elapsed="0.070736"/>
</kw>
<status status="PASS" start="2024-06-09T22:00:48.492049" elapsed="6.236345"/>
</kw>
<kw name="Realizar checkout" owner="ecommerce">
<kw name="Mouse Over" owner="SeleniumLibrary">
<msg time="2024-06-09T22:00:54.728394" level="INFO">Simulating Mouse Over on element 'css=[id="menuCart"]'.</msg>
<arg>${id_menuCart}</arg>
<doc>Simulates hovering the mouse over the element ``locator``.</doc>
<status status="PASS" start="2024-06-09T22:00:54.728394" elapsed="0.280272"/>
</kw>
<kw name="Sleep" owner="BuiltIn">
<msg time="2024-06-09T22:00:56.010019" level="INFO">Slept 1 second.</msg>
<arg>1</arg>
<doc>Pauses the test executed for the given time.</doc>
<status status="PASS" start="2024-06-09T22:00:55.008666" elapsed="1.001353"/>
</kw>
<kw name="Capture Page Screenshot" owner="SeleniumLibrary">
<msg time="2024-06-09T22:00:56.191675" level="INFO" html="true">&lt;/td&gt;&lt;/tr&gt;&lt;tr&gt;&lt;td colspan="3"&gt;&lt;a href="Screenshot/Evidencia0000000004.png"&gt;&lt;img src="Screenshot/Evidencia0000000004.png" width="800px"&gt;&lt;/a&gt;</msg>
<arg>${evidencia_eccomerce}</arg>
<doc>Takes a screenshot of the current page and embeds it into a log file.</doc>
<status status="PASS" start="2024-06-09T22:00:56.010019" elapsed="0.191177"/>
</kw>
<kw name="Wait Until Element Is Visible" owner="SeleniumLibrary">
<arg>${id_checkOutPopUp}</arg>
<arg>${delay}</arg>
<doc>Waits until the element ``locator`` is visible.</doc>
<status status="PASS" start="2024-06-09T22:00:56.201196" elapsed="0.041100"/>
</kw>
<kw name="Click Button" owner="SeleniumLibrary">
<msg time="2024-06-09T22:00:56.243295" level="INFO">Clicking button 'xpath=//*[@id="checkOutPopUp"]'.</msg>
<arg>${id_checkOutPopUp}</arg>
<doc>Clicks the button identified by ``locator``.</doc>
<status status="PASS" start="2024-06-09T22:00:56.243295" elapsed="0.104886"/>
</kw>
<kw name="Wait Until Element Is Visible" owner="SeleniumLibrary">
<arg>${id_qtd_item}</arg>
<arg>${delay}</arg>
<doc>Waits until the element ``locator`` is visible.</doc>
<status status="PASS" start="2024-06-09T22:00:56.348181" elapsed="0.238905"/>
</kw>
<kw name="Element Text Should Be" owner="SeleniumLibrary">
<msg time="2024-06-09T22:00:56.590683" level="INFO">Verifying element '//*[@id="userCart"]/span' contains exact text '5 ITEMS'.</msg>
<arg>${id_qtd_item}</arg>
<arg>${qtd_itens}</arg>
<doc>Verifies that element ``locator`` contains exact the text ``expected``.</doc>
<status status="PASS" start="2024-06-09T22:00:56.589643" elapsed="0.029373"/>
</kw>
<kw name="Wait Until Element Is Not Visible" owner="SeleniumLibrary">
<arg>${id_checkOutPopUp}</arg>
<arg>${delay}</arg>
<doc>Waits until the element ``locator`` is not visible.</doc>
<status status="PASS" start="2024-06-09T22:00:56.619016" elapsed="3.430417"/>
</kw>
<kw name="Sleep" owner="BuiltIn">
<msg time="2024-06-09T22:01:01.049691" level="INFO">Slept 1 second.</msg>
<arg>1</arg>
<doc>Pauses the test executed for the given time.</doc>
<status status="PASS" start="2024-06-09T22:01:00.049433" elapsed="1.000258"/>
</kw>
<kw name="Capture Page Screenshot" owner="SeleniumLibrary">
<msg time="2024-06-09T22:01:01.169373" level="INFO" html="true">&lt;/td&gt;&lt;/tr&gt;&lt;tr&gt;&lt;td colspan="3"&gt;&lt;a href="Screenshot/Evidencia0000000005.png"&gt;&lt;img src="Screenshot/Evidencia0000000005.png" width="800px"&gt;&lt;/a&gt;</msg>
<arg>${evidencia_eccomerce}</arg>
<doc>Takes a screenshot of the current page and embeds it into a log file.</doc>
<status status="PASS" start="2024-06-09T22:01:01.049691" elapsed="0.119682"/>
</kw>
<status status="PASS" start="2024-06-09T22:00:54.728394" elapsed="6.440979"/>
</kw>
<kw name="verificar usuario" owner="ecommerce">
<if>
<branch type="IF" condition="$new_account == &quot;SIM&quot;">
<kw name="Click Button" owner="SeleniumLibrary">
<msg time="2024-06-09T22:01:01.169373" level="INFO">Clicking button 'xpath=//*[@id="registration_btn"]'.</msg>
<arg>${button_registration}</arg>
<doc>Clicks the button identified by ``locator``.</doc>
<status status="PASS" start="2024-06-09T22:01:01.169373" elapsed="0.074632"/>
</kw>
<kw name="Account details" owner="ecommerce">
<kw name="Wait Until Element Is Visible" owner="SeleniumLibrary">
<arg>${id_usernameRegisterPage}</arg>
<arg>${delay}</arg>
<doc>Waits until the element ``locator`` is visible.</doc>
<status status="PASS" start="2024-06-09T22:01:01.245004" elapsed="0.236929"/>
</kw>
<kw name="Input Text" owner="SeleniumLibrary">
<msg time="2024-06-09T22:01:01.483013" level="INFO">Typing text 'Usuarioteste1' into text field 'usernameRegisterPage'.</msg>
<arg>${id_usernameRegisterPage}</arg>
<arg>${new_user}[name]</arg>
<doc>Types the given ``text`` into the text field identified by ``locator``.</doc>
<status status="PASS" start="2024-06-09T22:01:01.483013" elapsed="0.093441"/>
</kw>
<kw name="Input Text" owner="SeleniumLibrary">
<msg time="2024-06-09T22:01:01.578960" level="INFO">Typing text 'Usuarioteste1@teste.com' into text field 'emailRegisterPage'.</msg>
<arg>${id_emailRegisterPage}</arg>
<arg>${new_user}[name]@teste.com</arg>
<doc>Types the given ``text`` into the text field identified by ``locator``.</doc>
<status status="PASS" start="2024-06-09T22:01:01.577899" elapsed="0.145411"/>
</kw>
<kw name="Input Text" owner="SeleniumLibrary">
<msg time="2024-06-09T22:01:01.725979" level="INFO">Typing text '12Qazxsw' into text field 'passwordRegisterPage'.</msg>
<arg>${id_passwordRegisterPage}</arg>
<arg>${new_user}[password]</arg>
<doc>Types the given ``text`` into the text field identified by ``locator``.</doc>
<status status="PASS" start="2024-06-09T22:01:01.725979" elapsed="0.091415"/>
</kw>
<kw name="Input Text" owner="SeleniumLibrary">
<msg time="2024-06-09T22:01:01.817394" level="INFO">Typing text '12Qazxsw' into text field 'css=input[name="confirm_passwordRegisterPage"]'.</msg>
<arg>${confirm_passwordRegisterPage}</arg>
<arg>${new_user}[password]</arg>
<doc>Types the given ``text`` into the text field identified by ``locator``.</doc>
<status status="PASS" start="2024-06-09T22:01:01.817394" elapsed="0.103149"/>
</kw>
<status status="PASS" start="2024-06-09T22:01:01.244005" elapsed="0.676538"/>
</kw>
<kw name="Personal details" owner="ecommerce">
<kw name="Input Text" owner="SeleniumLibrary">
<msg time="2024-06-09T22:01:01.925360" level="INFO">Typing text 'Usuario' into text field 'css=[name="first_nameRegisterPage"]'.</msg>
<arg>${first_nameRegisterPage}</arg>
<arg>${new_user}[first_name]</arg>
<doc>Types the given ``text`` into the text field identified by ``locator``.</doc>
<status status="PASS" start="2024-06-09T22:01:01.924356" elapsed="0.112343"/>
</kw>
<kw name="Input Text" owner="SeleniumLibrary">
<msg time="2024-06-09T22:01:02.038115" level="INFO">Typing text 'teste' into text field 'css=[name="last_nameRegisterPage"]'.</msg>
<arg>${nameRegisterPage}</arg>
<arg>${new_user}[last_name]</arg>
<doc>Types the given ``text`` into the text field identified by ``locator``.</doc>
<status status="PASS" start="2024-06-09T22:01:02.038115" elapsed="0.106970"/>
</kw>
<kw name="Input Text" owner="SeleniumLibrary">
<msg time="2024-06-09T22:01:02.146112" level="INFO">Typing text '(81)999999999' into text field 'css=[name="phone_numberRegisterPage"]'.</msg>
<arg>${numberRegisterPage}</arg>
<arg>${new_user}[phone]</arg>
<doc>Types the given ``text`` into the text field identified by ``locator``.</doc>
<status status="PASS" start="2024-06-09T22:01:02.145085" elapsed="0.099295"/>
</kw>
<kw name="Sleep" owner="BuiltIn">
<msg time="2024-06-09T22:01:03.248757" level="INFO">Slept 1 second.</msg>
<arg>1</arg>
<doc>Pauses the test executed for the given time.</doc>
<status status="PASS" start="2024-06-09T22:01:02.244380" elapsed="1.004377"/>
</kw>
<kw name="Capture Page Screenshot" owner="SeleniumLibrary">
<msg time="2024-06-09T22:01:03.355231" level="INFO" html="true">&lt;/td&gt;&lt;/tr&gt;&lt;tr&gt;&lt;td colspan="3"&gt;&lt;a href="Screenshot/Evidencia0000000006.png"&gt;&lt;img src="Screenshot/Evidencia0000000006.png" width="800px"&gt;&lt;/a&gt;</msg>
<arg>${evidencia_eccomerce}</arg>
<doc>Takes a screenshot of the current page and embeds it into a log file.</doc>
<status status="PASS" start="2024-06-09T22:01:03.249790" elapsed="0.105441"/>
</kw>
<status status="PASS" start="2024-06-09T22:01:01.924141" elapsed="1.432096"/>
</kw>
<kw name="Consultar cep" owner="ecommerce">
<kw name="Create Session" owner="RequestsLibrary">
<msg time="2024-06-09T22:01:03.358446" level="INFO">Creating Session using : alias=Teste1, url=https://brasilapi.com.br/api/, headers={'accept': 'application/json'},                     cookies={}, auth=None, timeout=None, proxies=None, verify=False,                     debug=0 </msg>
<arg>alias=Teste1</arg>
<arg>url=${api_correios}</arg>
<arg>headers=&amp;{headers}</arg>
<arg>disable_warnings=true</arg>
<doc>Create Session: create a HTTP session to a server</doc>
<status status="PASS" start="2024-06-09T22:01:03.356412" elapsed="0.003003"/>
</kw>
<kw name="GET On Session" owner="RequestsLibrary">
<msg time="2024-06-09T22:01:04.938306" level="INFO">GET Request : url=https://brasilapi.com.br/api/cep/v1/50030150 
 path_url=/api/cep/v1/50030150 
 headers={'User-Agent': 'python-requests/2.31.0', 'Accept-Encoding': 'gzip, deflate', 'accept': 'application/json', 'Connection': 'keep-alive'} 
 body=None 
 </msg>
<msg time="2024-06-09T22:01:04.938306" level="INFO">GET Response : url=https://brasilapi.com.br/api/cep/v1/50030150 
 status=200, reason=OK 
 headers={'Date': 'Mon, 10 Jun 2024 01:01:04 GMT', 'Content-Type': 'application/json; charset=utf-8', 'Transfer-Encoding': 'chunked', 'Connection': 'keep-alive', 'access-control-allow-origin': '*', 'Age': '0', 'Cache-Control': 'max-age=0, public', 'etag': 'W/"7e-aWavpfCFIMNTB1iH6TpI3Z4tYG4"', 'strict-transport-security': 'max-age=63072000', 'x-matched-path': '/api/cep/v1/[cep]', 'x-vercel-cache': 'MISS', 'x-vercel-id': 'gru1::sfo1::zj8wq-1717981264101-d1247ea37ddb', 'CF-Cache-Status': 'DYNAMIC', 'Report-To': '{"endpoints":[{"url":"https:\\/\\/a.nel.cloudflare.com\\/report\\/v4?s=SzhWClPZAygtC8STi3QNLh%2Fj%2BGVNQjf8dzyYAqrDazLRjHrwqtoTN%2Bmw7nhadZlL8FCAiNw34%2Fn%2Fqp%2FohRrYRqu%2FJJhILAkess9FJTm1GouN9eJ4p6cLU%2BUab5Takeq8LzoZ"}],"group":"cf-nel","max_age":604800}', 'NEL': '{"success_fraction":0,"report_to":"cf-nel","max_age":604800}', 'Server': 'cloudflare', 'CF-RAY': '89156d947ea62552-GIG', 'Content-Encoding': 'gzip', 'alt-svc': 'h3=":443"; ma=86400'} 
 body={"cep":"50030150","state":"PE","city":"Recife","neighborhood":"Recife","street":"Avenida Alfredo Lisboa","service":"open-cep"} 
 </msg>
<msg time="2024-06-09T22:01:04.938306" level="INFO">${response} = &lt;Response [200]&gt;</msg>
<var>${response}</var>
<arg>alias=Teste1</arg>
<arg>url=cep/v1/${address}[zip_code]</arg>
<arg>expected_status=any</arg>
<doc>Sends a GET request on a previously created HTTP Session.</doc>
<status status="PASS" start="2024-06-09T22:01:03.359415" elapsed="1.578891"/>
</kw>
<kw name="Get From Dictionary" owner="Collections">
<msg time="2024-06-09T22:01:04.938306" level="INFO">${city} = Recife</msg>
<var>${city}</var>
<arg>${response.json()}</arg>
<arg>city</arg>
<doc>Returns a value from the given ``dictionary`` based on the given ``key``.</doc>
<status status="PASS" start="2024-06-09T22:01:04.938306" elapsed="0.000000"/>
</kw>
<kw name="Set Global Variable" owner="BuiltIn">
<msg time="2024-06-09T22:01:04.938306" level="INFO">${city_api} = Recife</msg>
<arg>${city_api}</arg>
<arg>${city}</arg>
<doc>Makes a variable available globally in all tests and suites.</doc>
<status status="PASS" start="2024-06-09T22:01:04.938306" elapsed="0.014519"/>
</kw>
<kw name="Get From Dictionary" owner="Collections">
<msg time="2024-06-09T22:01:04.953887" level="INFO">${street} = Avenida Alfredo Lisboa</msg>
<var>${street}</var>
<arg>${response.json()}</arg>
<arg>street</arg>
<doc>Returns a value from the given ``dictionary`` based on the given ``key``.</doc>
<status status="PASS" start="2024-06-09T22:01:04.953379" elapsed="0.000508"/>
</kw>
<kw name="Set Global Variable" owner="BuiltIn">
<msg time="2024-06-09T22:01:04.953887" level="INFO">${street_api} = Avenida Alfredo Lisboa</msg>
<arg>${street_api}</arg>
<arg>${street}</arg>
<doc>Makes a variable available globally in all tests and suites.</doc>
<status status="PASS" start="2024-06-09T22:01:04.953887" elapsed="0.000000"/>
</kw>
<kw name="Get From Dictionary" owner="Collections">
<msg time="2024-06-09T22:01:04.963483" level="INFO">${state} = PE</msg>
<var>${state}</var>
<arg>${response.json()}</arg>
<arg>state</arg>
<doc>Returns a value from the given ``dictionary`` based on the given ``key``.</doc>
<status status="PASS" start="2024-06-09T22:01:04.953887" elapsed="0.009596"/>
</kw>
<kw name="Set Global Variable" owner="BuiltIn">
<msg time="2024-06-09T22:01:04.968713" level="INFO">${state_api} = PE</msg>
<arg>${state_api}</arg>
<arg>${state}</arg>
<doc>Makes a variable available globally in all tests and suites.</doc>
<status status="PASS" start="2024-06-09T22:01:04.963483" elapsed="0.005736"/>
</kw>
<status status="PASS" start="2024-06-09T22:01:03.356412" elapsed="1.612807"/>
</kw>
<kw name="Endereço" owner="ecommerce">
<kw name="Select From List By Label" owner="SeleniumLibrary">
<msg time="2024-06-09T22:01:04.969899" level="INFO">Selecting options from selection list '//select' by label Brazil.</msg>
<arg>${select_country}</arg>
<arg>${address}[country]</arg>
<doc>Selects options from selection list ``locator`` by ``labels``.</doc>
<status status="PASS" start="2024-06-09T22:01:04.969899" elapsed="0.091994"/>
</kw>
<kw name="Input Text" owner="SeleniumLibrary">
<msg time="2024-06-09T22:01:05.063001" level="INFO">Typing text 'Recife' into text field 'css=[name="cityRegisterPage"]'.</msg>
<arg>${input_city}</arg>
<arg>${city_api}</arg>
<doc>Types the given ``text`` into the text field identified by ``locator``.</doc>
<status status="PASS" start="2024-06-09T22:01:05.061893" elapsed="0.075099"/>
</kw>
<kw name="Input Text" owner="SeleniumLibrary">
<msg time="2024-06-09T22:01:05.136992" level="INFO">Typing text 'Avenida Alfredo Lisboa' into text field 'addressRegisterPage'.</msg>
<arg>${id_addressRegisterPage}</arg>
<arg>${street_api}</arg>
<doc>Types the given ``text`` into the text field identified by ``locator``.</doc>
<status status="PASS" start="2024-06-09T22:01:05.136992" elapsed="0.118124"/>
</kw>
<kw name="Input Text" owner="SeleniumLibrary">
<msg time="2024-06-09T22:01:05.258518" level="INFO">Typing text 'PE' into text field 'xpath=//*[@id="formCover"]/div[3]/div[2]/sec-view[2]/div/input'.</msg>
<arg>${id_state}</arg>
<arg>${state_api}</arg>
<doc>Types the given ``text`` into the text field identified by ``locator``.</doc>
<status status="PASS" start="2024-06-09T22:01:05.255116" elapsed="0.087063"/>
</kw>
<kw name="Input Text" owner="SeleniumLibrary">
<msg time="2024-06-09T22:01:05.343206" level="INFO">Typing text '50030150' into text field 'css=[name="postal_codeRegisterPage"]'.</msg>
<arg>${name_postal_codeRegisterPage}</arg>
<arg>${address}[zip_code]</arg>
<doc>Types the given ``text`` into the text field identified by ``locator``.</doc>
<status status="PASS" start="2024-06-09T22:01:05.343206" elapsed="0.090176"/>
</kw>
<kw name="Sleep" owner="BuiltIn">
<msg time="2024-06-09T22:01:06.434864" level="INFO">Slept 1 second.</msg>
<arg>1</arg>
<doc>Pauses the test executed for the given time.</doc>
<status status="PASS" start="2024-06-09T22:01:05.434391" elapsed="1.000473"/>
</kw>
<kw name="Capture Page Screenshot" owner="SeleniumLibrary">
<msg time="2024-06-09T22:01:06.551291" level="INFO" html="true">&lt;/td&gt;&lt;/tr&gt;&lt;tr&gt;&lt;td colspan="3"&gt;&lt;a href="Screenshot/Evidencia0000000007.png"&gt;&lt;img src="Screenshot/Evidencia0000000007.png" width="800px"&gt;&lt;/a&gt;</msg>
<arg>${evidencia_eccomerce}</arg>
<doc>Takes a screenshot of the current page and embeds it into a log file.</doc>
<status status="PASS" start="2024-06-09T22:01:06.434864" elapsed="0.132222"/>
</kw>
<status status="PASS" start="2024-06-09T22:01:04.969899" elapsed="1.597692"/>
</kw>
<kw name="Confirmar cadastro" owner="ecommerce">
<kw name="Click Element" owner="SeleniumLibrary">
<msg time="2024-06-09T22:01:06.567591" level="INFO">Clicking element 'css=.checkboxText'.</msg>
<arg>${class_checkboxText}</arg>
<doc>Click the element identified by ``locator``.</doc>
<status status="PASS" start="2024-06-09T22:01:06.567591" elapsed="0.045174"/>
</kw>
<kw name="Sleep" owner="BuiltIn">
<msg time="2024-06-09T22:01:07.613454" level="INFO">Slept 1 second.</msg>
<arg>1</arg>
<doc>Pauses the test executed for the given time.</doc>
<status status="PASS" start="2024-06-09T22:01:06.612765" elapsed="1.000689"/>
</kw>
<kw name="Capture Page Screenshot" owner="SeleniumLibrary">
<msg time="2024-06-09T22:01:07.730268" level="INFO" html="true">&lt;/td&gt;&lt;/tr&gt;&lt;tr&gt;&lt;td colspan="3"&gt;&lt;a href="Screenshot/Evidencia0000000008.png"&gt;&lt;img src="Screenshot/Evidencia0000000008.png" width="800px"&gt;&lt;/a&gt;</msg>
<arg>${evidencia_eccomerce}</arg>
<doc>Takes a screenshot of the current page and embeds it into a log file.</doc>
<status status="PASS" start="2024-06-09T22:01:07.613454" elapsed="0.116814"/>
</kw>
<kw name="Click Button" owner="SeleniumLibrary">
<msg time="2024-06-09T22:01:07.732385" level="INFO">Clicking button 'register_btn'.</msg>
<arg>${button_register}</arg>
<doc>Clicks the button identified by ``locator``.</doc>
<status status="PASS" start="2024-06-09T22:01:07.731360" elapsed="0.054296"/>
</kw>
<kw name="Wait Until Element Is Visible" owner="SeleniumLibrary">
<arg>${id_userCart}</arg>
<arg>${delay}</arg>
<doc>Waits until the element ``locator`` is visible.</doc>
<status status="PASS" start="2024-06-09T22:01:07.785656" elapsed="0.444818"/>
</kw>
<kw name="Element Text Should Be" owner="SeleniumLibrary">
<msg time="2024-06-09T22:01:08.231535" level="INFO">Verifying element 'xpath=//*[@id="userCart"]/span' contains exact text '5 ITEMS'.</msg>
<arg>${id_userCart}</arg>
<arg>${qtd_itens}</arg>
<doc>Verifies that element ``locator`` contains exact the text ``expected``.</doc>
<status status="PASS" start="2024-06-09T22:01:08.230474" elapsed="0.012101"/>
</kw>
<kw name="Wait Until Element Is Visible" owner="SeleniumLibrary">
<arg>${btn_next}</arg>
<arg>${delay}</arg>
<doc>Waits until the element ``locator`` is visible.</doc>
<status status="PASS" start="2024-06-09T22:01:08.242575" elapsed="1.776754"/>
</kw>
<kw name="Sleep" owner="BuiltIn">
<msg time="2024-06-09T22:01:11.020841" level="INFO">Slept 1 second.</msg>
<arg>1</arg>
<doc>Pauses the test executed for the given time.</doc>
<status status="PASS" start="2024-06-09T22:01:10.019329" elapsed="1.001512"/>
</kw>
<kw name="Capture Page Screenshot" owner="SeleniumLibrary">
<msg time="2024-06-09T22:01:11.149100" level="INFO" html="true">&lt;/td&gt;&lt;/tr&gt;&lt;tr&gt;&lt;td colspan="3"&gt;&lt;a href="Screenshot/Evidencia0000000009.png"&gt;&lt;img src="Screenshot/Evidencia0000000009.png" width="800px"&gt;&lt;/a&gt;</msg>
<arg>${evidencia_eccomerce}</arg>
<doc>Takes a screenshot of the current page and embeds it into a log file.</doc>
<status status="PASS" start="2024-06-09T22:01:11.020841" elapsed="0.128259"/>
</kw>
<kw name="Click Button" owner="SeleniumLibrary">
<msg time="2024-06-09T22:01:11.149100" level="INFO">Clicking button 'css=#next_btn'.</msg>
<arg>${btn_next}</arg>
<doc>Clicks the button identified by ``locator``.</doc>
<status status="PASS" start="2024-06-09T22:01:11.149100" elapsed="0.062146"/>
</kw>
<status status="PASS" start="2024-06-09T22:01:06.567591" elapsed="4.644126"/>
</kw>
<status status="PASS" start="2024-06-09T22:01:01.169373" elapsed="10.042344"/>
</branch>
<branch type="ELSE">
<kw name="logar usuario" owner="ecommerce">
<status status="NOT RUN" start="2024-06-09T22:01:11.211717" elapsed="0.000000"/>
</kw>
<status status="NOT RUN" start="2024-06-09T22:01:11.211717" elapsed="0.000000"/>
</branch>
<status status="PASS" start="2024-06-09T22:01:01.169373" elapsed="10.042344"/>
</if>
<status status="PASS" start="2024-06-09T22:01:01.169373" elapsed="10.042344"/>
</kw>
<kw name="Pagamento" owner="ecommerce">
<if>
<branch type="IF" condition="$tipo_pagamento == &quot;safepay&quot;">
<kw name="Click Element" owner="SeleniumLibrary">
<arg>${id_safepay}</arg>
<doc>Click the element identified by ``locator``.</doc>
<status status="NOT RUN" start="2024-06-09T22:01:11.211717" elapsed="0.000000"/>
</kw>
<kw name="Input Text" owner="SeleniumLibrary">
<arg>${safepay_username}</arg>
<arg>${new_user}[name]</arg>
<doc>Types the given ``text`` into the text field identified by ``locator``.</doc>
<status status="NOT RUN" start="2024-06-09T22:01:11.211717" elapsed="0.000000"/>
</kw>
<kw name="Input Text" owner="SeleniumLibrary">
<arg>${safepay_password}</arg>
<arg>${new_user}[password]</arg>
<doc>Types the given ``text`` into the text field identified by ``locator``.</doc>
<status status="NOT RUN" start="2024-06-09T22:01:11.211717" elapsed="0.000000"/>
</kw>
<kw name="Sleep" owner="BuiltIn">
<arg>1</arg>
<doc>Pauses the test executed for the given time.</doc>
<status status="NOT RUN" start="2024-06-09T22:01:11.211717" elapsed="0.000000"/>
</kw>
<kw name="Capture Page Screenshot" owner="SeleniumLibrary">
<arg>${evidencia_eccomerce}</arg>
<doc>Takes a screenshot of the current page and embeds it into a log file.</doc>
<status status="NOT RUN" start="2024-06-09T22:01:11.211717" elapsed="0.000000"/>
</kw>
<kw name="Click Button" owner="SeleniumLibrary">
<arg>${button_pay_now}</arg>
<doc>Clicks the button identified by ``locator``.</doc>
<status status="NOT RUN" start="2024-06-09T22:01:11.211717" elapsed="0.000000"/>
</kw>
<status status="NOT RUN" start="2024-06-09T22:01:11.211717" elapsed="0.000000"/>
</branch>
<branch type="ELSE">
<kw name="Click Element" owner="SeleniumLibrary">
<msg time="2024-06-09T22:01:11.211717" level="INFO">Clicking element 'css=[name="masterCredit"]'.</msg>
<arg>${btn_masterCredit}</arg>
<doc>Click the element identified by ``locator``.</doc>
<status status="PASS" start="2024-06-09T22:01:11.211717" elapsed="0.039676"/>
</kw>
<kw name="Wait Until Element Is Visible" owner="SeleniumLibrary">
<arg>${id=creditCard}</arg>
<arg>${delay}</arg>
<doc>Waits until the element ``locator`` is visible.</doc>
<status status="PASS" start="2024-06-09T22:01:11.251393" elapsed="0.018566"/>
</kw>
<kw name="Input Text" owner="SeleniumLibrary">
<msg time="2024-06-09T22:01:11.269959" level="INFO">Typing text '4886 4886 4886' into text field 'css=[id="creditCard"]'.</msg>
<arg>${id=creditCard}</arg>
<arg>${credit_card}[number]</arg>
<doc>Types the given ``text`` into the text field identified by ``locator``.</doc>
<status status="PASS" start="2024-06-09T22:01:11.269959" elapsed="0.094788"/>
</kw>
<kw name="Input Text" owner="SeleniumLibrary">
<msg time="2024-06-09T22:01:11.369430" level="INFO">Typing text '1111' into text field 'css=[name="cvv_number"]'.</msg>
<arg>${name_cvv_number}</arg>
<arg>${credit_card}[cvv]</arg>
<doc>Types the given ``text`` into the text field identified by ``locator``.</doc>
<status status="PASS" start="2024-06-09T22:01:11.364747" elapsed="0.085064"/>
</kw>
<kw name="Select From List By Label" owner="SeleniumLibrary">
<msg time="2024-06-09T22:01:11.450980" level="INFO">Selecting options from selection list 'css=select[name="mmListbox"]' by label 01.</msg>
<arg>${name_mmListbox}</arg>
<arg>${credit_card}[month]</arg>
<doc>Selects options from selection list ``locator`` by ``labels``.</doc>
<status status="PASS" start="2024-06-09T22:01:11.449811" elapsed="0.085500"/>
</kw>
<kw name="Select From List By Label" owner="SeleniumLibrary">
<msg time="2024-06-09T22:01:11.535311" level="INFO">Selecting options from selection list 'css=select[name="yyyyListbox"]' by label 2033.</msg>
<arg>${name_yyyyListbox}</arg>
<arg>${credit_card}[year]</arg>
<doc>Selects options from selection list ``locator`` by ``labels``.</doc>
<status status="PASS" start="2024-06-09T22:01:11.535311" elapsed="0.078152"/>
</kw>
<kw name="Input Text" owner="SeleniumLibrary">
<msg time="2024-06-09T22:01:11.614476" level="INFO">Typing text 'Usuarioteste28' into text field 'css=[name="cardholder_name"]'.</msg>
<arg>${name_cardholder_name}</arg>
<arg>${usuario_cadastrado}</arg>
<doc>Types the given ``text`` into the text field identified by ``locator``.</doc>
<status status="PASS" start="2024-06-09T22:01:11.613463" elapsed="0.099147"/>
</kw>
<kw name="Sleep" owner="BuiltIn">
<msg time="2024-06-09T22:01:12.712976" level="INFO">Slept 1 second.</msg>
<arg>1</arg>
<doc>Pauses the test executed for the given time.</doc>
<status status="PASS" start="2024-06-09T22:01:11.712610" elapsed="1.000366"/>
</kw>
<kw name="Capture Page Screenshot" owner="SeleniumLibrary">
<msg time="2024-06-09T22:01:12.817471" level="INFO" html="true">&lt;/td&gt;&lt;/tr&gt;&lt;tr&gt;&lt;td colspan="3"&gt;&lt;a href="Screenshot/Evidencia0000000010.png"&gt;&lt;img src="Screenshot/Evidencia0000000010.png" width="800px"&gt;&lt;/a&gt;</msg>
<arg>${evidencia_eccomerce}</arg>
<doc>Takes a screenshot of the current page and embeds it into a log file.</doc>
<status status="PASS" start="2024-06-09T22:01:12.712976" elapsed="0.104495"/>
</kw>
<kw name="Click Button" owner="SeleniumLibrary">
<msg time="2024-06-09T22:01:12.817471" level="INFO">Clicking button 'css=[id="pay_now_btn_ManualPayment"]'.</msg>
<arg>${id_pay_now_btn_ManualPayment}</arg>
<doc>Clicks the button identified by ``locator``.</doc>
<status status="PASS" start="2024-06-09T22:01:12.817471" elapsed="0.063134"/>
</kw>
<status status="PASS" start="2024-06-09T22:01:11.211717" elapsed="1.668888"/>
</branch>
<status status="PASS" start="2024-06-09T22:01:11.211717" elapsed="1.668888"/>
</if>
<status status="PASS" start="2024-06-09T22:01:11.211717" elapsed="1.668888"/>
</kw>
<kw name="Validar pedido" owner="ecommerce">
<kw name="Wait Until Element Is Visible" owner="SeleniumLibrary">
<arg>${message_finish}</arg>
<arg>${delay}</arg>
<doc>Waits until the element ``locator`` is visible.</doc>
<status status="PASS" start="2024-06-09T22:01:12.880605" elapsed="0.950285"/>
</kw>
<kw name="Sleep" owner="BuiltIn">
<msg time="2024-06-09T22:01:14.831466" level="INFO">Slept 1 second.</msg>
<arg>1</arg>
<doc>Pauses the test executed for the given time.</doc>
<status status="PASS" start="2024-06-09T22:01:13.830890" elapsed="1.000576"/>
</kw>
<kw name="Capture Page Screenshot" owner="SeleniumLibrary">
<msg time="2024-06-09T22:01:14.947911" level="INFO" html="true">&lt;/td&gt;&lt;/tr&gt;&lt;tr&gt;&lt;td colspan="3"&gt;&lt;a href="Screenshot/Evidencia0000000011.png"&gt;&lt;img src="Screenshot/Evidencia0000000011.png" width="800px"&gt;&lt;/a&gt;</msg>
<arg>${evidencia_eccomerce}</arg>
<doc>Takes a screenshot of the current page and embeds it into a log file.</doc>
<status status="PASS" start="2024-06-09T22:01:14.831466" elapsed="0.116445"/>
</kw>
<kw name="Element Text Should Be" owner="SeleniumLibrary">
<msg time="2024-06-09T22:01:14.949952" level="INFO">Verifying element 'css=[class="roboto-regular ng-scope"]' contains exact text 'Thank you for buying with Advantage'.</msg>
<arg>${message_finish}</arg>
<arg>${expected_message}</arg>
<doc>Verifies that element ``locator`` contains exact the text ``expected``.</doc>
<status status="PASS" start="2024-06-09T22:01:14.947911" elapsed="0.024596"/>
</kw>
<kw name="Get Text" owner="SeleniumLibrary">
<msg time="2024-06-09T22:01:14.982876" level="INFO">${tracking_number} = 7393075233</msg>
<var>${tracking_number}</var>
<arg>${id_trackingNumberLabel}</arg>
<doc>Returns the text value of the element identified by ``locator``.</doc>
<status status="PASS" start="2024-06-09T22:01:14.973579" elapsed="0.009297"/>
</kw>
<kw name="Get Text" owner="SeleniumLibrary">
<msg time="2024-06-09T22:01:14.998554" level="INFO">${order_number} = 7393095590</msg>
<var>${order_number}</var>
<arg>${id_orderNumberLabel}</arg>
<doc>Returns the text value of the element identified by ``locator``.</doc>
<status status="PASS" start="2024-06-09T22:01:14.982876" elapsed="0.015678"/>
</kw>
<kw name="Create List" owner="BuiltIn">
<msg time="2024-06-09T22:01:14.998554" level="INFO">${list} = ['7393075233', '7393095590']</msg>
<var>${list}</var>
<arg>${tracking_number}</arg>
<arg>${order_number}</arg>
<doc>Returns a list containing given items.</doc>
<status status="PASS" start="2024-06-09T22:01:14.998554" elapsed="0.000000"/>
</kw>
<kw name="Log" owner="BuiltIn">
<msg time="2024-06-09T22:01:14.998554" level="INFO">['7393075233', '7393095590']</msg>
<arg>${list}</arg>
<doc>Logs the given message with the given level.</doc>
<status status="PASS" start="2024-06-09T22:01:14.998554" elapsed="0.000000"/>
</kw>
<status status="PASS" start="2024-06-09T22:01:12.880605" elapsed="2.117949"/>
</kw>
<kw name="Finish execution" owner="base" type="TEARDOWN">
<kw name="Close Browser" owner="SeleniumLibrary">
<doc>Closes the current browser.</doc>
<status status="PASS" start="2024-06-09T22:01:14.998554" elapsed="2.270459"/>
</kw>
<status status="PASS" start="2024-06-09T22:01:14.998554" elapsed="2.270459"/>
</kw>
<status status="PASS" start="2024-06-09T22:00:30.999545" elapsed="46.269468"/>
</test>
<doc>Realizar compra em um site de ecomerce</doc>
<status status="PASS" start="2024-06-09T22:00:30.387706" elapsed="46.881307"/>
</suite>
<status status="PASS" start="2024-06-09T22:00:30.371439" elapsed="46.897574"/>
</suite>
<status status="PASS" start="2024-06-09T22:00:30.371439" elapsed="46.897574"/>
</suite>
<status status="PASS" start="2024-06-09T22:00:30.371439" elapsed="46.913844"/>
</suite>
<status status="PASS" start="2024-06-09T22:00:30.371439" elapsed="46.913844"/>
</suite>
<status status="PASS" start="2024-06-09T22:00:30.338892" elapsed="46.949925"/>
</suite>
<statistics>
<total>
<stat pass="1" fail="0" skip="0">All Tests</stat>
</total>
<tag>
</tag>
<suite>
<stat pass="1" fail="0" skip="0" id="s1" name="QAX">QAX</stat>
<stat pass="1" fail="0" skip="0" id="s1-s1" name="Projects">QAX.Projects</stat>
<stat pass="1" fail="0" skip="0" id="s1-s1-s1" name="RobotFramework">QAX.Projects.RobotFramework</stat>
<stat pass="1" fail="0" skip="0" id="s1-s1-s1-s1" name="Desafio Robot Framework">QAX.Projects.RobotFramework.Desafio Robot Framework</stat>
<stat pass="1" fail="0" skip="0" id="s1-s1-s1-s1-s1" name="Tests">QAX.Projects.RobotFramework.Desafio Robot Framework.Tests</stat>
<stat pass="1" fail="0" skip="0" id="s1-s1-s1-s1-s1-s1" name="Ecommerce">QAX.Projects.RobotFramework.Desafio Robot Framework.Tests.Ecommerce</stat>
</suite>
</statistics>
<errors>
</errors>
</robot>
