<?xml version="1.0" encoding="UTF-8"?>
<robot generator="Robot 7.0 (Python 3.12.3 on win32)" generated="2024-05-18T20:52:26.136846" rpa="false" schemaversion="5">
<suite id="s1" name="QAX" source="C:\QAX">
<suite id="s1-s1" name="Projects" source="C:\QAX\Projects">
<suite id="s1-s1-s1" name="RobotFramework" source="C:\QAX\Projects\RobotFramework">
<suite id="s1-s1-s1-s1" name="Treinamento Robot" source="C:\QAX\Projects\RobotFramework\Treinamento Robot">
<suite id="s1-s1-s1-s1-s1" name="Tests" source="C:\QAX\Projects\RobotFramework\Treinamento Robot\tests">
<suite id="s1-s1-s1-s1-s1-s1" name="Login Herokuapp" source="C:\QAX\Projects\RobotFramework\Treinamento Robot\tests\login_herokuapp.robot">
<test id="s1-s1-s1-s1-s1-s1-t1" name="Login com sucesso" line="11">
<kw name="Start execution" owner="base" type="SETUP">
<kw name="Open Browser" owner="SeleniumLibrary">
<msg time="2024-05-18T20:52:26.450807" level="INFO">Opening browser 'chrome' to base url 'https://the-internet.herokuapp.com/login'.</msg>
<arg>url=${pagina}</arg>
<arg>browser=chrome</arg>
<doc>Opens a new browser instance to the optional ``url``.</doc>
<status status="PASS" start="2024-05-18T20:52:26.450807" elapsed="9.354418"/>
</kw>
<kw name="Maximize Browser Window" owner="SeleniumLibrary">
<doc>Maximizes current browser window.</doc>
<status status="PASS" start="2024-05-18T20:52:35.805225" elapsed="0.022469"/>
</kw>
<arg>https://the-internet.herokuapp.com/login</arg>
<status status="PASS" start="2024-05-18T20:52:26.450807" elapsed="9.376887"/>
</kw>
<kw name="Create Dictionary" owner="BuiltIn">
<msg time="2024-05-18T20:52:35.827694" level="INFO">${input} = {'name': 'tomsmith', 'pass': 'SuperSecretPassword!'}</msg>
<var>${input}</var>
<arg>name=tomsmith</arg>
<arg>pass=SuperSecretPassword!</arg>
<doc>Creates and returns a dictionary based on the given ``items``.</doc>
<status status="PASS" start="2024-05-18T20:52:35.827694" elapsed="0.000000"/>
</kw>
<kw name="Realizar o login com sucesso" owner="login_page">
<kw name="Input Text" owner="SeleniumLibrary">
<msg time="2024-05-18T20:52:35.834310" level="INFO">Typing text 'tomsmith' into text field 'username'.</msg>
<arg>username</arg>
<arg>${input}[name]</arg>
<doc>Types the given ``text`` into the text field identified by ``locator``.</doc>
<status status="PASS" start="2024-05-18T20:52:35.833305" elapsed="0.101676"/>
</kw>
<kw name="Input Text" owner="SeleniumLibrary">
<msg time="2024-05-18T20:52:35.936533" level="INFO">Typing text 'SuperSecretPassword!' into text field 'password'.</msg>
<arg>password</arg>
<arg>${input}[pass]</arg>
<doc>Types the given ``text`` into the text field identified by ``locator``.</doc>
<status status="PASS" start="2024-05-18T20:52:35.935495" elapsed="0.079551"/>
</kw>
<kw name="Capture Page Screenshot" owner="SeleniumLibrary">
<msg time="2024-05-18T20:52:36.187721" level="INFO" html="true">&lt;/td&gt;&lt;/tr&gt;&lt;tr&gt;&lt;td colspan="3"&gt;&lt;a href="id_image_id-1.png"&gt;&lt;img src="id_image_id-1.png" width="800px"&gt;&lt;/a&gt;</msg>
<arg>${OUTPUTDIR}/id_image_id-1.png</arg>
<doc>Takes a screenshot of the current page and embeds it into a log file.</doc>
<status status="PASS" start="2024-05-18T20:52:36.016055" elapsed="0.171666"/>
</kw>
<kw name="Click Button" owner="SeleniumLibrary">
<msg time="2024-05-18T20:52:36.187721" level="INFO">Clicking button 'css=.radius'.</msg>
<arg>css=.radius</arg>
<doc>Clicks the button identified by ``locator``.</doc>
<status status="PASS" start="2024-05-18T20:52:36.187721" elapsed="0.501453"/>
</kw>
<arg>${input}</arg>
<status status="PASS" start="2024-05-18T20:52:35.827694" elapsed="0.861480"/>
</kw>
<kw name="validar mensagem" owner="secure_area">
<kw name="Element Should Contain" owner="SeleniumLibrary">
<msg time="2024-05-18T20:52:36.715516" level="INFO">Element 'css=#flash' contains text 'You logged into a secure area!'.</msg>
<arg>css=#flash</arg>
<arg>${expected_mensagem}</arg>
<doc>Verifies that element ``locator`` contains text ``expected``.</doc>
<status status="PASS" start="2024-05-18T20:52:36.689174" elapsed="0.027564"/>
</kw>
<kw name="Set Screenshot Directory" owner="SeleniumLibrary">
<arg>./logs/screenshot</arg>
<doc>Sets the directory for captured screenshots.</doc>
<status status="PASS" start="2024-05-18T20:52:36.716738" elapsed="0.001378"/>
</kw>
<kw name="Capture Page Screenshot" owner="SeleniumLibrary">
<msg time="2024-05-18T20:52:36.854390" level="INFO" html="true">&lt;/td&gt;&lt;/tr&gt;&lt;tr&gt;&lt;td colspan="3"&gt;&lt;a href="../logs/screenshot/selenium-screenshot-3.png"&gt;&lt;img src="../logs/screenshot/selenium-screenshot-3.png" width="800px"&gt;&lt;/a&gt;</msg>
<doc>Takes a screenshot of the current page and embeds it into a log file.</doc>
<status status="PASS" start="2024-05-18T20:52:36.718116" elapsed="0.149909"/>
</kw>
<arg>You logged into a secure area!</arg>
<status status="PASS" start="2024-05-18T20:52:36.689174" elapsed="0.178851"/>
</kw>
<kw name="Validar login com secesso" owner="secure_area">
<kw name="Click Link" owner="SeleniumLibrary">
<msg time="2024-05-18T20:52:36.869579" level="INFO">Clicking link 'xpath=//*[@id="content"]/div/a'.</msg>
<arg>xpath=//*[@id="content"]/div/a</arg>
<doc>Clicks a link identified by ``locator``.</doc>
<status status="PASS" start="2024-05-18T20:52:36.869579" elapsed="0.353378"/>
</kw>
<kw name="Close Browser" owner="SeleniumLibrary">
<doc>Closes the current browser.</doc>
<status status="PASS" start="2024-05-18T20:52:37.222957" elapsed="2.241904"/>
</kw>
<status status="PASS" start="2024-05-18T20:52:36.869579" elapsed="2.595282"/>
</kw>
<kw name="Finish execution" owner="base" type="TEARDOWN">
<kw name="Close Browser" owner="SeleniumLibrary">
<doc>Closes the current browser.</doc>
<status status="PASS" start="2024-05-18T20:52:39.464861" elapsed="0.000000"/>
</kw>
<status status="PASS" start="2024-05-18T20:52:39.464861" elapsed="0.000000"/>
</kw>
<status status="PASS" start="2024-05-18T20:52:26.450807" elapsed="13.014054"/>
</test>
<test id="s1-s1-s1-s1-s1-s1-t2" name="Login com falha" line="17">
<kw name="Start execution" owner="base" type="SETUP">
<kw name="Open Browser" owner="SeleniumLibrary">
<msg time="2024-05-18T20:52:39.464861" level="INFO">Opening browser 'chrome' to base url 'https://the-internet.herokuapp.com/login'.</msg>
<arg>url=${pagina}</arg>
<arg>browser=chrome</arg>
<doc>Opens a new browser instance to the optional ``url``.</doc>
<status status="PASS" start="2024-05-18T20:52:39.464861" elapsed="7.568584"/>
</kw>
<kw name="Maximize Browser Window" owner="SeleniumLibrary">
<doc>Maximizes current browser window.</doc>
<status status="PASS" start="2024-05-18T20:52:47.033445" elapsed="0.038064"/>
</kw>
<arg>https://the-internet.herokuapp.com/login</arg>
<status status="PASS" start="2024-05-18T20:52:39.464861" elapsed="7.606648"/>
</kw>
<kw name="Create Dictionary" owner="BuiltIn">
<msg time="2024-05-18T20:52:47.074600" level="INFO">${input} = {'name': 'tomsmith', 'pass': ''}</msg>
<var>${input}</var>
<arg>name=tomsmith</arg>
<arg>pass=${EMPTY}</arg>
<doc>Creates and returns a dictionary based on the given ``items``.</doc>
<status status="PASS" start="2024-05-18T20:52:47.072510" elapsed="0.002090"/>
</kw>
<kw name="Realizar o login com sucesso" owner="login_page">
<kw name="Input Text" owner="SeleniumLibrary">
<msg time="2024-05-18T20:52:47.076603" level="INFO">Typing text 'tomsmith' into text field 'username'.</msg>
<arg>username</arg>
<arg>${input}[name]</arg>
<doc>Types the given ``text`` into the text field identified by ``locator``.</doc>
<status status="PASS" start="2024-05-18T20:52:47.075552" elapsed="0.091690"/>
</kw>
<kw name="Input Text" owner="SeleniumLibrary">
<msg time="2024-05-18T20:52:47.169086" level="INFO">Typing text '' into text field 'password'.</msg>
<arg>password</arg>
<arg>${input}[pass]</arg>
<doc>Types the given ``text`` into the text field identified by ``locator``.</doc>
<status status="PASS" start="2024-05-18T20:52:47.167782" elapsed="0.074440"/>
</kw>
<kw name="Capture Page Screenshot" owner="SeleniumLibrary">
<msg time="2024-05-18T20:52:47.422486" level="INFO" html="true">&lt;/td&gt;&lt;/tr&gt;&lt;tr&gt;&lt;td colspan="3"&gt;&lt;a href="id_image_id-1.png"&gt;&lt;img src="id_image_id-1.png" width="800px"&gt;&lt;/a&gt;</msg>
<arg>${OUTPUTDIR}/id_image_id-1.png</arg>
<doc>Takes a screenshot of the current page and embeds it into a log file.</doc>
<status status="PASS" start="2024-05-18T20:52:47.243222" elapsed="0.179264"/>
</kw>
<kw name="Click Button" owner="SeleniumLibrary">
<msg time="2024-05-18T20:52:47.422486" level="INFO">Clicking button 'css=.radius'.</msg>
<arg>css=.radius</arg>
<doc>Clicks the button identified by ``locator``.</doc>
<status status="PASS" start="2024-05-18T20:52:47.422486" elapsed="0.500310"/>
</kw>
<arg>${input}</arg>
<status status="PASS" start="2024-05-18T20:52:47.075552" elapsed="0.847244"/>
</kw>
<kw name="validar mensagem" owner="secure_area">
<kw name="Element Should Contain" owner="SeleniumLibrary">
<msg time="2024-05-18T20:52:47.951707" level="INFO">Element 'css=#flash' contains text 'Your password is invalid!'.</msg>
<arg>css=#flash</arg>
<arg>${expected_mensagem}</arg>
<doc>Verifies that element ``locator`` contains text ``expected``.</doc>
<status status="PASS" start="2024-05-18T20:52:47.923810" elapsed="0.027897"/>
</kw>
<kw name="Set Screenshot Directory" owner="SeleniumLibrary">
<arg>./logs/screenshot</arg>
<doc>Sets the directory for captured screenshots.</doc>
<status status="PASS" start="2024-05-18T20:52:47.951707" elapsed="0.001001"/>
</kw>
<kw name="Capture Page Screenshot" owner="SeleniumLibrary">
<msg time="2024-05-18T20:52:48.095784" level="INFO" html="true">&lt;/td&gt;&lt;/tr&gt;&lt;tr&gt;&lt;td colspan="3"&gt;&lt;a href="../logs/screenshot/selenium-screenshot-4.png"&gt;&lt;img src="../logs/screenshot/selenium-screenshot-4.png" width="800px"&gt;&lt;/a&gt;</msg>
<doc>Takes a screenshot of the current page and embeds it into a log file.</doc>
<status status="PASS" start="2024-05-18T20:52:47.952708" elapsed="0.143076"/>
</kw>
<arg>Your password is invalid!</arg>
<status status="PASS" start="2024-05-18T20:52:47.923810" elapsed="0.171974"/>
</kw>
<kw name="Finish execution" owner="base" type="TEARDOWN">
<kw name="Close Browser" owner="SeleniumLibrary">
<doc>Closes the current browser.</doc>
<status status="PASS" start="2024-05-18T20:52:48.095784" elapsed="2.251786"/>
</kw>
<status status="PASS" start="2024-05-18T20:52:48.095784" elapsed="2.251786"/>
</kw>
<status status="PASS" start="2024-05-18T20:52:39.464861" elapsed="10.882709"/>
</test>
<doc>Primeiro script usando Selenium</doc>
<status status="PASS" start="2024-05-18T20:52:26.204998" elapsed="24.142572"/>
</suite>
<status status="PASS" start="2024-05-18T20:52:26.197802" elapsed="24.149768"/>
</suite>
<status status="PASS" start="2024-05-18T20:52:26.195250" elapsed="24.152320"/>
</suite>
<status status="PASS" start="2024-05-18T20:52:26.184308" elapsed="24.172210"/>
</suite>
<status status="PASS" start="2024-05-18T20:52:26.184308" elapsed="24.173884"/>
</suite>
<status status="PASS" start="2024-05-18T20:52:26.168381" elapsed="24.190759"/>
</suite>
<statistics>
<total>
<stat pass="2" fail="0" skip="0">All Tests</stat>
</total>
<tag>
</tag>
<suite>
<stat pass="2" fail="0" skip="0" id="s1" name="QAX">QAX</stat>
<stat pass="2" fail="0" skip="0" id="s1-s1" name="Projects">QAX.Projects</stat>
<stat pass="2" fail="0" skip="0" id="s1-s1-s1" name="RobotFramework">QAX.Projects.RobotFramework</stat>
<stat pass="2" fail="0" skip="0" id="s1-s1-s1-s1" name="Treinamento Robot">QAX.Projects.RobotFramework.Treinamento Robot</stat>
<stat pass="2" fail="0" skip="0" id="s1-s1-s1-s1-s1" name="Tests">QAX.Projects.RobotFramework.Treinamento Robot.Tests</stat>
<stat pass="2" fail="0" skip="0" id="s1-s1-s1-s1-s1-s1" name="Login Herokuapp">QAX.Projects.RobotFramework.Treinamento Robot.Tests.Login Herokuapp</stat>
</suite>
</statistics>
<errors>
</errors>
</robot>
