<?xml version="1.0" encoding="UTF-8"?>
<robot generator="Robot 7.0 (Python 3.12.3 on win32)" generated="2024-05-21T21:31:50.481097" rpa="false" schemaversion="5">
<suite id="s1" name="QAX" source="C:\QAX">
<suite id="s1-s1" name="Projects" source="C:\QAX\Projects">
<suite id="s1-s1-s1" name="Python" source="C:\QAX\Projects\Python">
<suite id="s1-s1-s1-s1" name="Teste" source="C:\QAX\Projects\Python\teste.robot">
<test id="s1-s1-s1-s1-t1" name="teste" line="9">
<kw name="New Browser" owner="Browser">
<msg time="2024-05-21T21:31:53.601663" level="INFO">{"browser": "chromium", "headless": true, "chromiumSandbox": false, "devtools": false, "handleSIGHUP": true, "handleSIGINT": true, "handleSIGTERM": true, "slowMo": 0.0, "timeout": 30000.0, "tracesDir": "C:\\QAX\\results\\browser\\traces\\bf868d1a-cce0-46c4-b2ff-9819d4fdaccc"}</msg>
<msg time="2024-05-21T21:31:56.394039" level="INFO">Successfully created browser with options: {"browser":"chromium","headless":true,"chromiumSandbox":false,"devtools":false,"handleSIGHUP":true,"handleSIGINT":true,"handleSIGTERM":true,"slowMo":0,"timeout":30000,"tracesDir":"C:\\QAX\\results\\browser\\traces\\bf868d1a-cce0-46c4-b2ff-9819d4fdaccc"}</msg>
<arg>chromium</arg>
<arg>headless=true</arg>
<tag>BrowserControl</tag>
<tag>Setter</tag>
<doc>Create a new playwright Browser with specified options.</doc>
<status status="PASS" start="2024-05-21T21:31:53.601663" elapsed="2.792376"/>
</kw>
<kw name="New Context" owner="Browser">
<msg time="2024-05-21T21:31:56.400255" level="INFO">{
  "acceptDownloads": true,
  "bypassCSP": false,
  "forcedColors": "none",
  "ignoreHTTPSErrors": false,
  "javaScriptEnabled": true,
  "offline": false,
  "reducedMotion": "no-preference",
  "serviceWorkers": "allow",
  "viewport": {
    "height": 1080,
    "width": 1920
  }
}</msg>
<msg time="2024-05-21T21:31:56.417643" level="INFO">Successfully created context. </msg>
<msg time="2024-05-21T21:31:56.417643" level="INFO">{'acceptDownloads': True, 'bypassCSP': False, 'forcedColors': 'none', 'ignoreHTTPSErrors': False, 'javaScriptEnabled': True, 'offline': False, 'reducedMotion': 'no-preference', 'serviceWorkers': 'allow', 'viewport': {'height': 1080, 'width': 1920}}</msg>
<arg>viewport={'width': 1920, 'height': 1080}</arg>
<tag>BrowserControl</tag>
<tag>Setter</tag>
<doc>Create a new BrowserContext with specified options.</doc>
<status status="PASS" start="2024-05-21T21:31:56.397171" elapsed="0.020472"/>
</kw>
<kw name="New Page" owner="Browser">
<msg time="2024-05-21T21:31:58.880026" level="INFO">Successfully initialized new page object and opened url: https://loterias.caixa.gov.br/Paginas/Lotofacil.aspx</msg>
<arg>url=https://loterias.caixa.gov.br/Paginas/Lotofacil.aspx</arg>
<tag>BrowserControl</tag>
<tag>Setter</tag>
<doc>Open a new Page.</doc>
<status status="PASS" start="2024-05-21T21:31:56.433474" elapsed="2.447869"/>
</kw>
<kw name="Get Text" owner="Browser">
<msg time="2024-05-21T21:32:09.054607" level="INFO" html="true">&lt;/td&gt;&lt;/tr&gt;&lt;tr&gt;&lt;td colspan="3"&gt;&lt;a href="browser/screenshot/fail-screenshot-1.png" target="_blank"&gt;&lt;img src="browser/screenshot/fail-screenshot-1.png" width="800px"/&gt;&lt;/a&gt;</msg>
<msg time="2024-05-21T21:32:09.054607" level="INFO">See also file:///C:/QAX/results/playwright-log-1716337910715530600.txt for additional details.</msg>
<msg time="2024-05-21T21:32:09.054607" level="FAIL">TimeoutError: locator.elementHandle: Timeout 10000ms exceeded.
Call log:
  [2m- waiting for locator('//*[@id="wp_resultados"]/div[1]/div/h2/span')[22m

Tip: Use "Set Browser Timeout" for increasing the timeout or double check your locator as the targeted element(s) couldn't be found.</msg>
<var>${concurso}</var>
<arg>xpath=//*[@id="wp_resultados"]/div[1]/div/h2/span</arg>
<tag>Assertion</tag>
<tag>Getter</tag>
<tag>PageContent</tag>
<doc>Returns text attribute of the element found by ``selector``.</doc>
<status status="FAIL" start="2024-05-21T21:31:58.882351" elapsed="10.205619">TimeoutError: locator.elementHandle: Timeout 10000ms exceeded.
Call log:
  [2m- waiting for locator('//*[@id="wp_resultados"]/div[1]/div/h2/span')[22m

Tip: Use "Set Browser Timeout" for increasing the timeout or double check your locator as the targeted element(s) couldn't be found.</status>
</kw>
<kw name="Get Text" owner="Browser">
<var>${log}</var>
<arg>xpath=//*[@id="wp_resultados"]/div[2]/div/div/div[1]/ul</arg>
<tag>Assertion</tag>
<tag>Getter</tag>
<tag>PageContent</tag>
<doc>Returns text attribute of the element found by ``selector``.</doc>
<status status="NOT RUN" start="2024-05-21T21:32:09.087970" elapsed="0.000000"/>
</kw>
<kw name="Transformar Valor" owner="converter">
<var>${novo}</var>
<arg>${log}</arg>
<status status="NOT RUN" start="2024-05-21T21:32:09.087970" elapsed="0.000000"/>
</kw>
<kw name="Resultado 1" owner="converter">
<var>${jogo1_gus}</var>
<arg>${novo}</arg>
<status status="NOT RUN" start="2024-05-21T21:32:09.087970" elapsed="0.000000"/>
</kw>
<kw name="Resultado 2" owner="converter">
<var>${jogo2_gus}</var>
<arg>${novo}</arg>
<status status="NOT RUN" start="2024-05-21T21:32:09.087970" elapsed="0.000000"/>
</kw>
<kw name="Resultado 3" owner="converter">
<var>${jogo1_ana}</var>
<arg>${novo}</arg>
<status status="NOT RUN" start="2024-05-21T21:32:09.087970" elapsed="0.000000"/>
</kw>
<kw name="Resultado 4" owner="converter">
<var>${jogo2_ana}</var>
<arg>${novo}</arg>
<status status="NOT RUN" start="2024-05-21T21:32:09.087970" elapsed="0.000000"/>
</kw>
<kw name="Log To Console" owner="BuiltIn">
<arg>${jogo1_gus}</arg>
<arg>no_newline=false</arg>
<doc>Logs the given message to the console.</doc>
<status status="NOT RUN" start="2024-05-21T21:32:09.087970" elapsed="0.000000"/>
</kw>
<kw name="Log To Console" owner="BuiltIn">
<arg>${jogo2_gus}</arg>
<doc>Logs the given message to the console.</doc>
<status status="NOT RUN" start="2024-05-21T21:32:09.087970" elapsed="0.000000"/>
</kw>
<kw name="Log To Console" owner="BuiltIn">
<arg>${jogo1_ana}</arg>
<doc>Logs the given message to the console.</doc>
<status status="NOT RUN" start="2024-05-21T21:32:09.087970" elapsed="0.000000"/>
</kw>
<kw name="Log To Console" owner="BuiltIn">
<arg>${jogo2_ana}</arg>
<doc>Logs the given message to the console.</doc>
<status status="NOT RUN" start="2024-05-21T21:32:09.087970" elapsed="0.000000"/>
</kw>
<status status="FAIL" start="2024-05-21T21:31:53.596672" elapsed="15.491298">TimeoutError: locator.elementHandle: Timeout 10000ms exceeded.
Call log:
  [2m- waiting for locator('//*[@id="wp_resultados"]/div[1]/div/h2/span')[22m

Tip: Use "Set Browser Timeout" for increasing the timeout or double check your locator as the targeted element(s) couldn't be found.</status>
</test>
<doc>Automação lotofacil</doc>
<status status="FAIL" start="2024-05-21T21:31:50.544374" elapsed="18.609385"/>
</suite>
<status status="FAIL" start="2024-05-21T21:31:50.529022" elapsed="18.632301"/>
</suite>
<status status="FAIL" start="2024-05-21T21:31:50.529022" elapsed="18.634299"/>
</suite>
<status status="FAIL" start="2024-05-21T21:31:50.498058" elapsed="18.667264"/>
</suite>
<statistics>
<total>
<stat pass="0" fail="1" skip="0">All Tests</stat>
</total>
<tag>
</tag>
<suite>
<stat pass="0" fail="1" skip="0" id="s1" name="QAX">QAX</stat>
<stat pass="0" fail="1" skip="0" id="s1-s1" name="Projects">QAX.Projects</stat>
<stat pass="0" fail="1" skip="0" id="s1-s1-s1" name="Python">QAX.Projects.Python</stat>
<stat pass="0" fail="1" skip="0" id="s1-s1-s1-s1" name="Teste">QAX.Projects.Python.Teste</stat>
</suite>
</statistics>
<errors>
</errors>
</robot>
